<?xml version="1.0" encoding="UTF-8"?>
<testsuite xmlns:xsi="http://www.w3.org/2001/XMLSchema-instance" xsi:noNamespaceSchemaLocation="https://maven.apache.org/surefire/maven-surefire-plugin/xsd/surefire-test-report-3.0.xsd" version="3.0" name="com.qiwenshare.file.FileServiceTest" time="10.155" tests="6" errors="0" skipped="1" failures="0">
  <properties>
[...]
</properties>
  <testcase name="testCreateFolder" classname="com.qiwenshare.file.FileServiceTest" time="0.054">
    <system-out><![CDATA[2026-06-29T14:02:13.435+08:00  INFO 1348 --- [qiwen-file] [           main] t.c.s.AnnotationConfigContextLoaderUtils : Could not detect default configuration classes for test class [com.qiwenshare.file.FileServiceTest]: FileServiceTest does not declare any static, non-private, non-final, nested classes annotated with @Configuration.
2026-06-29T14:02:13.446+08:00  INFO 1348 --- [qiwen-file] [           main] .b.t.c.SpringBootTestContextBootstrapper : Found @SpringBootConfiguration com.qiwenshare.file.FileApplication for test class com.qiwenshare.file.FileServiceTest

  .   ____          _            __ _ _
 /\\ / ___'_ __ _ _(_)_ __  __ _ \ \ \ \
( ( )\___ | '_ | '_| | '_ \/ _` | \ \ \ \
 \\/  ___)| |_)| | | | | || (_| |  ) ) ) )
  '  |____| .__|_| |_|_| |_\__, | / / / /
 =========|_|==============|___/=/_/_/_/
 :: Spring Boot ::                (v3.2.5)

2026-06-29T14:02:13.600+08:00  INFO 1348 --- [qiwen-file] [           main] com.qiwenshare.file.FileServiceTest      : Starting FileServiceTest using Java 17.0.18 with PID 1348 (started by Administrator in E:\file-upgrade\qiwen-file)
2026-06-29T14:02:13.609+08:00 DEBUG 1348 --- [qiwen-file] [           main] com.qiwenshare.file.FileServiceTest      : Running with Spring Boot v3.2.5, Spring v6.1.6
2026-06-29T14:02:13.609+08:00  INFO 1348 --- [qiwen-file] [           main] com.qiwenshare.file.FileServiceTest      : The following 1 profile is active: "test"
2026-06-29T14:02:16.164+08:00  INFO 1348 --- [qiwen-file] [           main] .s.d.r.c.RepositoryConfigurationDelegate : Multiple Spring Data modules found, entering strict repository configuration mode
2026-06-29T14:02:16.164+08:00  INFO 1348 --- [qiwen-file] [           main] .s.d.r.c.RepositoryConfigurationDelegate : Bootstrapping Spring Data JPA repositories in DEFAULT mode.
2026-06-29T14:02:16.203+08:00  INFO 1348 --- [qiwen-file] [           main] .s.d.r.c.RepositoryConfigurationDelegate : Finished Spring Data repository scanning in 37 ms. Found 0 JPA repository interfaces.
2026-06-29T14:02:16.211+08:00  INFO 1348 --- [qiwen-file] [           main] .s.d.r.c.RepositoryConfigurationDelegate : Multiple Spring Data modules found, entering strict repository configuration mode
2026-06-29T14:02:16.211+08:00  INFO 1348 --- [qiwen-file] [           main] .s.d.r.c.RepositoryConfigurationDelegate : Bootstrapping Spring Data Redis repositories in DEFAULT mode.
2026-06-29T14:02:16.226+08:00  INFO 1348 --- [qiwen-file] [           main] .s.d.r.c.RepositoryConfigurationDelegate : Finished Spring Data repository scanning in 14 ms. Found 0 Redis repository interfaces.
2026-06-29T14:02:16.861+08:00  INFO 1348 --- [qiwen-file] [           main] o.hibernate.jpa.internal.util.LogHelper  : HHH000204: Processing PersistenceUnitInfo [name: default]
2026-06-29T14:02:16.873+08:00  INFO 1348 --- [qiwen-file] [           main] o.h.c.internal.RegionFactoryInitiator    : HHH000026: Second-level cache disabled
2026-06-29T14:02:16.881+08:00  INFO 1348 --- [qiwen-file] [           main] o.s.o.j.p.SpringPersistenceUnitInfo      : No LoadTimeWeaver setup: ignoring JPA class transformer
2026-06-29T14:02:16.886+08:00  INFO 1348 --- [qiwen-file] [           main] com.zaxxer.hikari.HikariDataSource       : HikariPool-2 - Starting...
2026-06-29T14:02:16.890+08:00  INFO 1348 --- [qiwen-file] [           main] com.zaxxer.hikari.pool.HikariPool        : HikariPool-2 - Added connection conn10: url=jdbc:h2:mem:qiwen_file_test user=SA
2026-06-29T14:02:16.890+08:00  INFO 1348 --- [qiwen-file] [           main] com.zaxxer.hikari.HikariDataSource       : HikariPool-2 - Start completed.
2026-06-29T14:02:16.890+08:00  WARN 1348 --- [qiwen-file] [           main] org.hibernate.orm.deprecation            : HHH90000025: H2Dialect does not need to be specified explicitly using 'hibernate.dialect' (remove the property setting and it will be selected by default)
2026-06-29T14:02:18.336+08:00  INFO 1348 --- [qiwen-file] [           main] o.h.e.t.j.p.i.JtaPlatformInitiator       : HHH000489: No JTA platform available (set 'hibernate.transaction.jta.platform' to enable JTA platform integration)
Hibernate: 
    drop table if exists file_bean cascade 
Hibernate: 
    drop table if exists file_classification cascade 
Hibernate: 
    drop table if exists file_type cascade 
Hibernate: 
    drop table if exists file_version cascade 
Hibernate: 
    drop table if exists notice cascade 
Hibernate: 
    drop table if exists permission cascade 
Hibernate: 
    drop table if exists qiwen_user cascade 
Hibernate: 
    drop table if exists role cascade 
Hibernate: 
    drop table if exists role_permission cascade 
Hibernate: 
    drop table if exists share_file cascade 
Hibernate: 
    drop table if exists sys_config cascade 
Hibernate: 
    drop table if exists upload_task cascade 
Hibernate: 
    drop table if exists user_role cascade 
Hibernate: 
    create table file_bean (
        deleted integer,
        is_folder boolean,
        create_time timestamp(6),
        file_size bigint,
        update_time timestamp(6),
        file_name varchar(255),
        file_path varchar(255),
        file_type varchar(255),
        id varchar(255) not null,
        parent_path varchar(255),
        user_id varchar(255),
        primary key (id)
    )
Hibernate: 
    create table file_classification (
        file_type_id integer,
        id integer generated by default as identity,
        file_extend_name varchar(255),
        primary key (id)
    )
Hibernate: 
    create table file_type (
        id integer generated by default as identity,
        order_num integer,
        name varchar(255),
        primary key (id)
    )
Hibernate: 
    create table file_version (
        version integer,
        create_time timestamp(6),
        file_size bigint,
        file_id varchar(255),
        file_name varchar(255),
        file_path varchar(255),
        id varchar(255) not null,
        storage_path varchar(255),
        user_id varchar(255),
        primary key (id)
    )
Hibernate: 
    create table notice (
        is_long_valid_data integer,
        platform integer,
        id bigint generated by default as identity,
        content varchar(255),
        create_time varchar(255),
        create_user_id varchar(255),
        markdown_content varchar(255),
        modify_time varchar(255),
        modify_user_id varchar(255),
        title varchar(255),
        valid_date_time varchar(255),
        primary key (id)
    )
Hibernate: 
    create table permission (
        order_num integer,
        resource_type integer,
        parent_id bigint,
        permission_id bigint generated by default as identity,
        permission_code varchar(255),
        permission_name varchar(255),
        primary key (permission_id)
    )
Hibernate: 
    create table qiwen_user (
        status integer,
        create_time timestamp(6),
        update_time timestamp(6),
        avatar varchar(255),
        email varchar(255),
        id varchar(255) not null,
        nickname varchar(255),
        password varchar(255),
        phone varchar(255),
        role varchar(255),
        username varchar(255),
        primary key (id)
    )
Hibernate: 
    create table role (
        available integer,
        role_id bigint generated by default as identity,
        description varchar(255),
        role_name varchar(255),
        primary key (role_id)
    )
Hibernate: 
    create table role_permission (
        id bigint generated by default as identity,
        permission_id bigint,
        role_id bigint,
        primary key (id)
    )
Hibernate: 
    create table share_file (
        expire_days integer,
        create_time timestamp(6),
        expire_time timestamp(6),
        file_path varchar(255),
        id varchar(255) not null,
        share_batch_num varchar(255),
        share_code varchar(255),
        share_token varchar(255),
        user_id varchar(255),
        primary key (id)
    )
Hibernate: 
    create table sys_config (
        config_key varchar(255),
        config_value varchar(255),
        description varchar(255),
        id varchar(255) not null,
        primary key (id)
    )
Hibernate: 
    create table upload_task (
        chunk_num integer,
        total_chunks integer,
        upload_status integer,
        create_time timestamp(6),
        total_size bigint,
        file_name varchar(255),
        file_path varchar(255),
        id varchar(255) not null,
        identifier varchar(255),
        user_id varchar(255),
        primary key (id)
    )
Hibernate: 
    create table user_role (
        id bigint generated by default as identity,
        role_id bigint,
        user_id varchar(255),
        primary key (id)
    )
2026-06-29T14:02:18.392+08:00  INFO 1348 --- [qiwen-file] [           main] j.LocalContainerEntityManagerFactoryBean : Initialized JPA EntityManagerFactory for persistence unit 'default'
Logging initialized using 'class org.apache.ibatis.logging.stdout.StdOutImpl' adapter.
 _ _   |_  _ _|_. ___ _ |    _ 
| | |\/|_)(_| | |_\  |_)||_|_\ 
     /               |         
                        3.5.6 
Creating a new SqlSession
SqlSession [org.apache.ibatis.session.defaults.DefaultSqlSession@1de306c9] was not registered for synchronization because synchronization is not active
JDBC Connection [HikariProxyConnection@572992428 wrapping conn10: url=jdbc:h2:mem:qiwen_file_test user=SA] will not be managed by Spring
==>  Preparing: SELECT COUNT( * ) AS total FROM role
==> Parameters: 
<==    Columns: TOTAL
<==        Row: 0
<==      Total: 1
Closing non transactional SqlSession [org.apache.ibatis.session.defaults.DefaultSqlSession@1de306c9]
Creating a new SqlSession
SqlSession [org.apache.ibatis.session.defaults.DefaultSqlSession@14d25248] was not registered for synchronization because synchronization is not active
JDBC Connection [HikariProxyConnection@218045011 wrapping conn10: url=jdbc:h2:mem:qiwen_file_test user=SA] will not be managed by Spring
==>  Preparing: INSERT INTO role ( role_name, description, available ) VALUES ( ?, ?, ? )
==> Parameters: admin(String), 管理员(String), 1(Integer)
<==    Updates: 1
Closing non transactional SqlSession [org.apache.ibatis.session.defaults.DefaultSqlSession@14d25248]
Creating a new SqlSession
SqlSession [org.apache.ibatis.session.defaults.DefaultSqlSession@9af804b] was not registered for synchronization because synchronization is not active
JDBC Connection [HikariProxyConnection@315531417 wrapping conn10: url=jdbc:h2:mem:qiwen_file_test user=SA] will not be managed by Spring
==>  Preparing: INSERT INTO role ( role_name, description, available ) VALUES ( ?, ?, ? )
==> Parameters: editor(String), 编辑者(String), 1(Integer)
<==    Updates: 1
Closing non transactional SqlSession [org.apache.ibatis.session.defaults.DefaultSqlSession@9af804b]
Creating a new SqlSession
SqlSession [org.apache.ibatis.session.defaults.DefaultSqlSession@1408e09a] was not registered for synchronization because synchronization is not active
JDBC Connection [HikariProxyConnection@1099666539 wrapping conn10: url=jdbc:h2:mem:qiwen_file_test user=SA] will not be managed by Spring
==>  Preparing: INSERT INTO role ( role_name, description, available ) VALUES ( ?, ?, ? )
==> Parameters: viewer(String), 只读者(String), 1(Integer)
<==    Updates: 1
Closing non transactional SqlSession [org.apache.ibatis.session.defaults.DefaultSqlSession@1408e09a]
Creating a new SqlSession
SqlSession [org.apache.ibatis.session.defaults.DefaultSqlSession@40692fc3] was not registered for synchronization because synchronization is not active
JDBC Connection [HikariProxyConnection@624995697 wrapping conn10: url=jdbc:h2:mem:qiwen_file_test user=SA] will not be managed by Spring
==>  Preparing: SELECT COUNT( * ) AS total FROM permission
==> Parameters: 
<==    Columns: TOTAL
<==        Row: 0
<==      Total: 1
Closing non transactional SqlSession [org.apache.ibatis.session.defaults.DefaultSqlSession@40692fc3]
Creating a new SqlSession
SqlSession [org.apache.ibatis.session.defaults.DefaultSqlSession@53e7ef2d] was not registered for synchronization because synchronization is not active
JDBC Connection [HikariProxyConnection@1745258294 wrapping conn10: url=jdbc:h2:mem:qiwen_file_test user=SA] will not be managed by Spring
==>  Preparing: INSERT INTO permission ( permission_id, permission_name, resource_type, permission_code, order_num ) VALUES ( ?, ?, ?, ?, ? )
==> Parameters: 1(Long), 文件管理(String), 0(Integer), file(String), 1(Integer)
<==    Updates: 1
Closing non transactional SqlSession [org.apache.ibatis.session.defaults.DefaultSqlSession@53e7ef2d]
Creating a new SqlSession
SqlSession [org.apache.ibatis.session.defaults.DefaultSqlSession@6198bac2] was not registered for synchronization because synchronization is not active
JDBC Connection [HikariProxyConnection@1100200101 wrapping conn10: url=jdbc:h2:mem:qiwen_file_test user=SA] will not be managed by Spring
==>  Preparing: INSERT INTO permission ( permission_id, permission_name, resource_type, permission_code, order_num ) VALUES ( ?, ?, ?, ?, ? )
==> Parameters: 2(Long), 用户管理(String), 0(Integer), user(String), 2(Integer)
<==    Updates: 1
Closing non transactional SqlSession [org.apache.ibatis.session.defaults.DefaultSqlSession@6198bac2]
Creating a new SqlSession
SqlSession [org.apache.ibatis.session.defaults.DefaultSqlSession@2de1a93d] was not registered for synchronization because synchronization is not active
JDBC Connection [HikariProxyConnection@1896002688 wrapping conn10: url=jdbc:h2:mem:qiwen_file_test user=SA] will not be managed by Spring
==>  Preparing: INSERT INTO permission ( permission_id, permission_name, resource_type, permission_code, order_num ) VALUES ( ?, ?, ?, ?, ? )
==> Parameters: 3(Long), 系统管理(String), 0(Integer), system(String), 3(Integer)
<==    Updates: 1
Closing non transactional SqlSession [org.apache.ibatis.session.defaults.DefaultSqlSession@2de1a93d]
Creating a new SqlSession
SqlSession [org.apache.ibatis.session.defaults.DefaultSqlSession@55e85ec8] was not registered for synchronization because synchronization is not active
JDBC Connection [HikariProxyConnection@157450816 wrapping conn10: url=jdbc:h2:mem:qiwen_file_test user=SA] will not be managed by Spring
==>  Preparing: INSERT INTO permission ( permission_id, permission_name, resource_type, permission_code, order_num ) VALUES ( ?, ?, ?, ?, ? )
==> Parameters: 4(Long), 管理面板(String), 0(Integer), dashboard(String), 4(Integer)
<==    Updates: 1
Closing non transactional SqlSession [org.apache.ibatis.session.defaults.DefaultSqlSession@55e85ec8]
Creating a new SqlSession
SqlSession [org.apache.ibatis.session.defaults.DefaultSqlSession@296a6a10] was not registered for synchronization because synchronization is not active
JDBC Connection [HikariProxyConnection@1302883593 wrapping conn10: url=jdbc:h2:mem:qiwen_file_test user=SA] will not be managed by Spring
==>  Preparing: INSERT INTO permission ( permission_id, parent_id, permission_name, resource_type, permission_code, order_num ) VALUES ( ?, ?, ?, ?, ?, ? )
==> Parameters: 5(Long), 1(Long), 文件上传(String), 1(Integer), file:upload(String), 1(Integer)
<==    Updates: 1
Closing non transactional SqlSession [org.apache.ibatis.session.defaults.DefaultSqlSession@296a6a10]
Creating a new SqlSession
SqlSession [org.apache.ibatis.session.defaults.DefaultSqlSession@3d8c55ff] was not registered for synchronization because synchronization is not active
JDBC Connection [HikariProxyConnection@868394850 wrapping conn10: url=jdbc:h2:mem:qiwen_file_test user=SA] will not be managed by Spring
==>  Preparing: INSERT INTO permission ( permission_id, parent_id, permission_name, resource_type, permission_code, order_num ) VALUES ( ?, ?, ?, ?, ?, ? )
==> Parameters: 6(Long), 1(Long), 文件下载(String), 1(Integer), file:download(String), 2(Integer)
<==    Updates: 1
Closing non transactional SqlSession [org.apache.ibatis.session.defaults.DefaultSqlSession@3d8c55ff]
Creating a new SqlSession
SqlSession [org.apache.ibatis.session.defaults.DefaultSqlSession@62110754] was not registered for synchronization because synchronization is not active
JDBC Connection [HikariProxyConnection@1091683607 wrapping conn10: url=jdbc:h2:mem:qiwen_file_test user=SA] will not be managed by Spring
==>  Preparing: INSERT INTO permission ( permission_id, parent_id, permission_name, resource_type, permission_code, order_num ) VALUES ( ?, ?, ?, ?, ?, ? )
==> Parameters: 7(Long), 1(Long), 文件删除(String), 1(Integer), file:delete(String), 3(Integer)
<==    Updates: 1
Closing non transactional SqlSession [org.apache.ibatis.session.defaults.DefaultSqlSession@62110754]
Creating a new SqlSession
SqlSession [org.apache.ibatis.session.defaults.DefaultSqlSession@1eed4367] was not registered for synchronization because synchronization is not active
JDBC Connection [HikariProxyConnection@942808687 wrapping conn10: url=jdbc:h2:mem:qiwen_file_test user=SA] will not be managed by Spring
==>  Preparing: INSERT INTO permission ( permission_id, parent_id, permission_name, resource_type, permission_code, order_num ) VALUES ( ?, ?, ?, ?, ?, ? )
==> Parameters: 8(Long), 1(Long), 文件分享(String), 1(Integer), file:share(String), 4(Integer)
<==    Updates: 1
Closing non transactional SqlSession [org.apache.ibatis.session.defaults.DefaultSqlSession@1eed4367]
Creating a new SqlSession
SqlSession [org.apache.ibatis.session.defaults.DefaultSqlSession@52f3859a] was not registered for synchronization because synchronization is not active
JDBC Connection [HikariProxyConnection@486919086 wrapping conn10: url=jdbc:h2:mem:qiwen_file_test user=SA] will not be managed by Spring
==>  Preparing: INSERT INTO permission ( permission_id, parent_id, permission_name, resource_type, permission_code, order_num ) VALUES ( ?, ?, ?, ?, ?, ? )
==> Parameters: 9(Long), 2(Long), 用户列表(String), 1(Integer), user:list(String), 1(Integer)
<==    Updates: 1
Closing non transactional SqlSession [org.apache.ibatis.session.defaults.DefaultSqlSession@52f3859a]
Creating a new SqlSession
SqlSession [org.apache.ibatis.session.defaults.DefaultSqlSession@69075512] was not registered for synchronization because synchronization is not active
JDBC Connection [HikariProxyConnection@1106181947 wrapping conn10: url=jdbc:h2:mem:qiwen_file_test user=SA] will not be managed by Spring
==>  Preparing: INSERT INTO permission ( permission_id, parent_id, permission_name, resource_type, permission_code, order_num ) VALUES ( ?, ?, ?, ?, ?, ? )
==> Parameters: 10(Long), 2(Long), 角色分配(String), 1(Integer), user:role(String), 2(Integer)
<==    Updates: 1
Closing non transactional SqlSession [org.apache.ibatis.session.defaults.DefaultSqlSession@69075512]
Creating a new SqlSession
SqlSession [org.apache.ibatis.session.defaults.DefaultSqlSession@fff7dc9] was not registered for synchronization because synchronization is not active
JDBC Connection [HikariProxyConnection@1007980323 wrapping conn10: url=jdbc:h2:mem:qiwen_file_test user=SA] will not be managed by Spring
==>  Preparing: INSERT INTO permission ( permission_id, parent_id, permission_name, resource_type, permission_code, order_num ) VALUES ( ?, ?, ?, ?, ?, ? )
==> Parameters: 11(Long), 3(Long), 公告管理(String), 1(Integer), system:notice(String), 1(Integer)
<==    Updates: 1
Closing non transactional SqlSession [org.apache.ibatis.session.defaults.DefaultSqlSession@fff7dc9]
Creating a new SqlSession
SqlSession [org.apache.ibatis.session.defaults.DefaultSqlSession@807bfd3] was not registered for synchronization because synchronization is not active
JDBC Connection [HikariProxyConnection@242520127 wrapping conn10: url=jdbc:h2:mem:qiwen_file_test user=SA] will not be managed by Spring
==>  Preparing: SELECT COUNT( * ) AS total FROM file_type
==> Parameters: 
<==    Columns: TOTAL
<==        Row: 0
<==      Total: 1
Closing non transactional SqlSession [org.apache.ibatis.session.defaults.DefaultSqlSession@807bfd3]
Creating a new SqlSession
SqlSession [org.apache.ibatis.session.defaults.DefaultSqlSession@3ea14a58] was not registered for synchronization because synchronization is not active
JDBC Connection [HikariProxyConnection@1294430571 wrapping conn10: url=jdbc:h2:mem:qiwen_file_test user=SA] will not be managed by Spring
==>  Preparing: INSERT INTO file_type ( name, order_num ) VALUES ( ?, ? )
==> Parameters: 图片(String), 1(Integer)
<==    Updates: 1
Closing non transactional SqlSession [org.apache.ibatis.session.defaults.DefaultSqlSession@3ea14a58]
Creating a new SqlSession
SqlSession [org.apache.ibatis.session.defaults.DefaultSqlSession@720a86ef] was not registered for synchronization because synchronization is not active
JDBC Connection [HikariProxyConnection@469483253 wrapping conn10: url=jdbc:h2:mem:qiwen_file_test user=SA] will not be managed by Spring
==>  Preparing: INSERT INTO file_classification ( file_type_id, file_extend_name ) VALUES ( ?, ? )
==> Parameters: 1(Integer), jpg(String)
<==    Updates: 1
Closing non transactional SqlSession [org.apache.ibatis.session.defaults.DefaultSqlSession@720a86ef]
Creating a new SqlSession
SqlSession [org.apache.ibatis.session.defaults.DefaultSqlSession@7d19d465] was not registered for synchronization because synchronization is not active
JDBC Connection [HikariProxyConnection@197353092 wrapping conn10: url=jdbc:h2:mem:qiwen_file_test user=SA] will not be managed by Spring
==>  Preparing: INSERT INTO file_classification ( file_type_id, file_extend_name ) VALUES ( ?, ? )
==> Parameters: 1(Integer), jpeg(String)
<==    Updates: 1
Closing non transactional SqlSession [org.apache.ibatis.session.defaults.DefaultSqlSession@7d19d465]
Creating a new SqlSession
SqlSession [org.apache.ibatis.session.defaults.DefaultSqlSession@2d589ced] was not registered for synchronization because synchronization is not active
JDBC Connection [HikariProxyConnection@1796379557 wrapping conn10: url=jdbc:h2:mem:qiwen_file_test user=SA] will not be managed by Spring
==>  Preparing: INSERT INTO file_classification ( file_type_id, file_extend_name ) VALUES ( ?, ? )
==> Parameters: 1(Integer), png(String)
<==    Updates: 1
Closing non transactional SqlSession [org.apache.ibatis.session.defaults.DefaultSqlSession@2d589ced]
Creating a new SqlSession
SqlSession [org.apache.ibatis.session.defaults.DefaultSqlSession@581bc85e] was not registered for synchronization because synchronization is not active
JDBC Connection [HikariProxyConnection@1228769959 wrapping conn10: url=jdbc:h2:mem:qiwen_file_test user=SA] will not be managed by Spring
==>  Preparing: INSERT INTO file_classification ( file_type_id, file_extend_name ) VALUES ( ?, ? )
==> Parameters: 1(Integer), gif(String)
<==    Updates: 1
Closing non transactional SqlSession [org.apache.ibatis.session.defaults.DefaultSqlSession@581bc85e]
Creating a new SqlSession
SqlSession [org.apache.ibatis.session.defaults.DefaultSqlSession@20ebc899] was not registered for synchronization because synchronization is not active
JDBC Connection [HikariProxyConnection@1595668634 wrapping conn10: url=jdbc:h2:mem:qiwen_file_test user=SA] will not be managed by Spring
==>  Preparing: INSERT INTO file_classification ( file_type_id, file_extend_name ) VALUES ( ?, ? )
==> Parameters: 1(Integer), bmp(String)
<==    Updates: 1
Closing non transactional SqlSession [org.apache.ibatis.session.defaults.DefaultSqlSession@20ebc899]
Creating a new SqlSession
SqlSession [org.apache.ibatis.session.defaults.DefaultSqlSession@59c4921f] was not registered for synchronization because synchronization is not active
JDBC Connection [HikariProxyConnection@2080985906 wrapping conn10: url=jdbc:h2:mem:qiwen_file_test user=SA] will not be managed by Spring
==>  Preparing: INSERT INTO file_classification ( file_type_id, file_extend_name ) VALUES ( ?, ? )
==> Parameters: 1(Integer), webp(String)
<==    Updates: 1
Closing non transactional SqlSession [org.apache.ibatis.session.defaults.DefaultSqlSession@59c4921f]
Creating a new SqlSession
SqlSession [org.apache.ibatis.session.defaults.DefaultSqlSession@2d8f32a] was not registered for synchronization because synchronization is not active
JDBC Connection [HikariProxyConnection@42403011 wrapping conn10: url=jdbc:h2:mem:qiwen_file_test user=SA] will not be managed by Spring
==>  Preparing: INSERT INTO file_classification ( file_type_id, file_extend_name ) VALUES ( ?, ? )
==> Parameters: 1(Integer), svg(String)
<==    Updates: 1
Closing non transactional SqlSession [org.apache.ibatis.session.defaults.DefaultSqlSession@2d8f32a]
Creating a new SqlSession
SqlSession [org.apache.ibatis.session.defaults.DefaultSqlSession@7f2e2ae6] was not registered for synchronization because synchronization is not active
JDBC Connection [HikariProxyConnection@1233680114 wrapping conn10: url=jdbc:h2:mem:qiwen_file_test user=SA] will not be managed by Spring
==>  Preparing: INSERT INTO file_classification ( file_type_id, file_extend_name ) VALUES ( ?, ? )
==> Parameters: 1(Integer), ico(String)
<==    Updates: 1
Closing non transactional SqlSession [org.apache.ibatis.session.defaults.DefaultSqlSession@7f2e2ae6]
Creating a new SqlSession
SqlSession [org.apache.ibatis.session.defaults.DefaultSqlSession@c0c9d4a] was not registered for synchronization because synchronization is not active
JDBC Connection [HikariProxyConnection@907489556 wrapping conn10: url=jdbc:h2:mem:qiwen_file_test user=SA] will not be managed by Spring
==>  Preparing: INSERT INTO file_type ( name, order_num ) VALUES ( ?, ? )
==> Parameters: 文档(String), 2(Integer)
<==    Updates: 1
Closing non transactional SqlSession [org.apache.ibatis.session.defaults.DefaultSqlSession@c0c9d4a]
Creating a new SqlSession
SqlSession [org.apache.ibatis.session.defaults.DefaultSqlSession@3860542a] was not registered for synchronization because synchronization is not active
JDBC Connection [HikariProxyConnection@844466738 wrapping conn10: url=jdbc:h2:mem:qiwen_file_test user=SA] will not be managed by Spring
==>  Preparing: INSERT INTO file_classification ( file_type_id, file_extend_name ) VALUES ( ?, ? )
==> Parameters: 2(Integer), pdf(String)
<==    Updates: 1
Closing non transactional SqlSession [org.apache.ibatis.session.defaults.DefaultSqlSession@3860542a]
Creating a new SqlSession
SqlSession [org.apache.ibatis.session.defaults.DefaultSqlSession@5a5ba7ff] was not registered for synchronization because synchronization is not active
JDBC Connection [HikariProxyConnection@1431024177 wrapping conn10: url=jdbc:h2:mem:qiwen_file_test user=SA] will not be managed by Spring
==>  Preparing: INSERT INTO file_classification ( file_type_id, file_extend_name ) VALUES ( ?, ? )
==> Parameters: 2(Integer), doc(String)
<==    Updates: 1
Closing non transactional SqlSession [org.apache.ibatis.session.defaults.DefaultSqlSession@5a5ba7ff]
Creating a new SqlSession
SqlSession [org.apache.ibatis.session.defaults.DefaultSqlSession@6fb07db6] was not registered for synchronization because synchronization is not active
JDBC Connection [HikariProxyConnection@1898606184 wrapping conn10: url=jdbc:h2:mem:qiwen_file_test user=SA] will not be managed by Spring
==>  Preparing: INSERT INTO file_classification ( file_type_id, file_extend_name ) VALUES ( ?, ? )
==> Parameters: 2(Integer), docx(String)
<==    Updates: 1
Closing non transactional SqlSession [org.apache.ibatis.session.defaults.DefaultSqlSession@6fb07db6]
Creating a new SqlSession
SqlSession [org.apache.ibatis.session.defaults.DefaultSqlSession@76494bed] was not registered for synchronization because synchronization is not active
JDBC Connection [HikariProxyConnection@2124133679 wrapping conn10: url=jdbc:h2:mem:qiwen_file_test user=SA] will not be managed by Spring
==>  Preparing: INSERT INTO file_classification ( file_type_id, file_extend_name ) VALUES ( ?, ? )
==> Parameters: 2(Integer), xls(String)
<==    Updates: 1
Closing non transactional SqlSession [org.apache.ibatis.session.defaults.DefaultSqlSession@76494bed]
Creating a new SqlSession
SqlSession [org.apache.ibatis.session.defaults.DefaultSqlSession@122a3a87] was not registered for synchronization because synchronization is not active
JDBC Connection [HikariProxyConnection@819023748 wrapping conn10: url=jdbc:h2:mem:qiwen_file_test user=SA] will not be managed by Spring
==>  Preparing: INSERT INTO file_classification ( file_type_id, file_extend_name ) VALUES ( ?, ? )
==> Parameters: 2(Integer), xlsx(String)
<==    Updates: 1
Closing non transactional SqlSession [org.apache.ibatis.session.defaults.DefaultSqlSession@122a3a87]
Creating a new SqlSession
SqlSession [org.apache.ibatis.session.defaults.DefaultSqlSession@c7b6c50] was not registered for synchronization because synchronization is not active
JDBC Connection [HikariProxyConnection@795513405 wrapping conn10: url=jdbc:h2:mem:qiwen_file_test user=SA] will not be managed by Spring
==>  Preparing: INSERT INTO file_classification ( file_type_id, file_extend_name ) VALUES ( ?, ? )
==> Parameters: 2(Integer), ppt(String)
<==    Updates: 1
Closing non transactional SqlSession [org.apache.ibatis.session.defaults.DefaultSqlSession@c7b6c50]
Creating a new SqlSession
SqlSession [org.apache.ibatis.session.defaults.DefaultSqlSession@6cd76b55] was not registered for synchronization because synchronization is not active
JDBC Connection [HikariProxyConnection@1447076900 wrapping conn10: url=jdbc:h2:mem:qiwen_file_test user=SA] will not be managed by Spring
==>  Preparing: INSERT INTO file_classification ( file_type_id, file_extend_name ) VALUES ( ?, ? )
==> Parameters: 2(Integer), pptx(String)
<==    Updates: 1
Closing non transactional SqlSession [org.apache.ibatis.session.defaults.DefaultSqlSession@6cd76b55]
Creating a new SqlSession
SqlSession [org.apache.ibatis.session.defaults.DefaultSqlSession@18e5b50] was not registered for synchronization because synchronization is not active
JDBC Connection [HikariProxyConnection@2047789606 wrapping conn10: url=jdbc:h2:mem:qiwen_file_test user=SA] will not be managed by Spring
==>  Preparing: INSERT INTO file_classification ( file_type_id, file_extend_name ) VALUES ( ?, ? )
==> Parameters: 2(Integer), txt(String)
<==    Updates: 1
Closing non transactional SqlSession [org.apache.ibatis.session.defaults.DefaultSqlSession@18e5b50]
Creating a new SqlSession
SqlSession [org.apache.ibatis.session.defaults.DefaultSqlSession@2d549bf1] was not registered for synchronization because synchronization is not active
JDBC Connection [HikariProxyConnection@2120645627 wrapping conn10: url=jdbc:h2:mem:qiwen_file_test user=SA] will not be managed by Spring
==>  Preparing: INSERT INTO file_classification ( file_type_id, file_extend_name ) VALUES ( ?, ? )
==> Parameters: 2(Integer), md(String)
<==    Updates: 1
Closing non transactional SqlSession [org.apache.ibatis.session.defaults.DefaultSqlSession@2d549bf1]
Creating a new SqlSession
SqlSession [org.apache.ibatis.session.defaults.DefaultSqlSession@dc1fbbc] was not registered for synchronization because synchronization is not active
JDBC Connection [HikariProxyConnection@1172626498 wrapping conn10: url=jdbc:h2:mem:qiwen_file_test user=SA] will not be managed by Spring
==>  Preparing: INSERT INTO file_type ( name, order_num ) VALUES ( ?, ? )
==> Parameters: 视频(String), 3(Integer)
<==    Updates: 1
Closing non transactional SqlSession [org.apache.ibatis.session.defaults.DefaultSqlSession@dc1fbbc]
Creating a new SqlSession
SqlSession [org.apache.ibatis.session.defaults.DefaultSqlSession@477ac359] was not registered for synchronization because synchronization is not active
JDBC Connection [HikariProxyConnection@1418012897 wrapping conn10: url=jdbc:h2:mem:qiwen_file_test user=SA] will not be managed by Spring
==>  Preparing: INSERT INTO file_classification ( file_type_id, file_extend_name ) VALUES ( ?, ? )
==> Parameters: 3(Integer), mp4(String)
<==    Updates: 1
Closing non transactional SqlSession [org.apache.ibatis.session.defaults.DefaultSqlSession@477ac359]
Creating a new SqlSession
SqlSession [org.apache.ibatis.session.defaults.DefaultSqlSession@5a238d7e] was not registered for synchronization because synchronization is not active
JDBC Connection [HikariProxyConnection@969301172 wrapping conn10: url=jdbc:h2:mem:qiwen_file_test user=SA] will not be managed by Spring
==>  Preparing: INSERT INTO file_classification ( file_type_id, file_extend_name ) VALUES ( ?, ? )
==> Parameters: 3(Integer), avi(String)
<==    Updates: 1
Closing non transactional SqlSession [org.apache.ibatis.session.defaults.DefaultSqlSession@5a238d7e]
Creating a new SqlSession
SqlSession [org.apache.ibatis.session.defaults.DefaultSqlSession@283730de] was not registered for synchronization because synchronization is not active
JDBC Connection [HikariProxyConnection@1426638617 wrapping conn10: url=jdbc:h2:mem:qiwen_file_test user=SA] will not be managed by Spring
==>  Preparing: INSERT INTO file_classification ( file_type_id, file_extend_name ) VALUES ( ?, ? )
==> Parameters: 3(Integer), mkv(String)
<==    Updates: 1
Closing non transactional SqlSession [org.apache.ibatis.session.defaults.DefaultSqlSession@283730de]
Creating a new SqlSession
SqlSession [org.apache.ibatis.session.defaults.DefaultSqlSession@1386f8bb] was not registered for synchronization because synchronization is not active
JDBC Connection [HikariProxyConnection@414070147 wrapping conn10: url=jdbc:h2:mem:qiwen_file_test user=SA] will not be managed by Spring
==>  Preparing: INSERT INTO file_classification ( file_type_id, file_extend_name ) VALUES ( ?, ? )
==> Parameters: 3(Integer), mov(String)
<==    Updates: 1
Closing non transactional SqlSession [org.apache.ibatis.session.defaults.DefaultSqlSession@1386f8bb]
Creating a new SqlSession
SqlSession [org.apache.ibatis.session.defaults.DefaultSqlSession@90e5788] was not registered for synchronization because synchronization is not active
JDBC Connection [HikariProxyConnection@439187903 wrapping conn10: url=jdbc:h2:mem:qiwen_file_test user=SA] will not be managed by Spring
==>  Preparing: INSERT INTO file_classification ( file_type_id, file_extend_name ) VALUES ( ?, ? )
==> Parameters: 3(Integer), wmv(String)
<==    Updates: 1
Closing non transactional SqlSession [org.apache.ibatis.session.defaults.DefaultSqlSession@90e5788]
Creating a new SqlSession
SqlSession [org.apache.ibatis.session.defaults.DefaultSqlSession@3eca0961] was not registered for synchronization because synchronization is not active
JDBC Connection [HikariProxyConnection@1461788950 wrapping conn10: url=jdbc:h2:mem:qiwen_file_test user=SA] will not be managed by Spring
==>  Preparing: INSERT INTO file_classification ( file_type_id, file_extend_name ) VALUES ( ?, ? )
==> Parameters: 3(Integer), flv(String)
<==    Updates: 1
Closing non transactional SqlSession [org.apache.ibatis.session.defaults.DefaultSqlSession@3eca0961]
Creating a new SqlSession
SqlSession [org.apache.ibatis.session.defaults.DefaultSqlSession@2c689e6d] was not registered for synchronization because synchronization is not active
JDBC Connection [HikariProxyConnection@1568275166 wrapping conn10: url=jdbc:h2:mem:qiwen_file_test user=SA] will not be managed by Spring
==>  Preparing: INSERT INTO file_classification ( file_type_id, file_extend_name ) VALUES ( ?, ? )
==> Parameters: 3(Integer), webm(String)
<==    Updates: 1
Closing non transactional SqlSession [org.apache.ibatis.session.defaults.DefaultSqlSession@2c689e6d]
Creating a new SqlSession
SqlSession [org.apache.ibatis.session.defaults.DefaultSqlSession@33966111] was not registered for synchronization because synchronization is not active
JDBC Connection [HikariProxyConnection@1835126756 wrapping conn10: url=jdbc:h2:mem:qiwen_file_test user=SA] will not be managed by Spring
==>  Preparing: INSERT INTO file_type ( name, order_num ) VALUES ( ?, ? )
==> Parameters: 音乐(String), 4(Integer)
<==    Updates: 1
Closing non transactional SqlSession [org.apache.ibatis.session.defaults.DefaultSqlSession@33966111]
Creating a new SqlSession
SqlSession [org.apache.ibatis.session.defaults.DefaultSqlSession@592afd3] was not registered for synchronization because synchronization is not active
JDBC Connection [HikariProxyConnection@388958901 wrapping conn10: url=jdbc:h2:mem:qiwen_file_test user=SA] will not be managed by Spring
==>  Preparing: INSERT INTO file_classification ( file_type_id, file_extend_name ) VALUES ( ?, ? )
==> Parameters: 4(Integer), mp3(String)
<==    Updates: 1
Closing non transactional SqlSession [org.apache.ibatis.session.defaults.DefaultSqlSession@592afd3]
Creating a new SqlSession
SqlSession [org.apache.ibatis.session.defaults.DefaultSqlSession@17b17fa8] was not registered for synchronization because synchronization is not active
JDBC Connection [HikariProxyConnection@1959562325 wrapping conn10: url=jdbc:h2:mem:qiwen_file_test user=SA] will not be managed by Spring
==>  Preparing: INSERT INTO file_classification ( file_type_id, file_extend_name ) VALUES ( ?, ? )
==> Parameters: 4(Integer), wav(String)
<==    Updates: 1
Closing non transactional SqlSession [org.apache.ibatis.session.defaults.DefaultSqlSession@17b17fa8]
Creating a new SqlSession
SqlSession [org.apache.ibatis.session.defaults.DefaultSqlSession@64b05928] was not registered for synchronization because synchronization is not active
JDBC Connection [HikariProxyConnection@195403177 wrapping conn10: url=jdbc:h2:mem:qiwen_file_test user=SA] will not be managed by Spring
==>  Preparing: INSERT INTO file_classification ( file_type_id, file_extend_name ) VALUES ( ?, ? )
==> Parameters: 4(Integer), flac(String)
<==    Updates: 1
Closing non transactional SqlSession [org.apache.ibatis.session.defaults.DefaultSqlSession@64b05928]
Creating a new SqlSession
SqlSession [org.apache.ibatis.session.defaults.DefaultSqlSession@1775ff4a] was not registered for synchronization because synchronization is not active
JDBC Connection [HikariProxyConnection@130774997 wrapping conn10: url=jdbc:h2:mem:qiwen_file_test user=SA] will not be managed by Spring
==>  Preparing: INSERT INTO file_classification ( file_type_id, file_extend_name ) VALUES ( ?, ? )
==> Parameters: 4(Integer), aac(String)
<==    Updates: 1
Closing non transactional SqlSession [org.apache.ibatis.session.defaults.DefaultSqlSession@1775ff4a]
Creating a new SqlSession
SqlSession [org.apache.ibatis.session.defaults.DefaultSqlSession@61d4171d] was not registered for synchronization because synchronization is not active
JDBC Connection [HikariProxyConnection@1178306139 wrapping conn10: url=jdbc:h2:mem:qiwen_file_test user=SA] will not be managed by Spring
==>  Preparing: INSERT INTO file_classification ( file_type_id, file_extend_name ) VALUES ( ?, ? )
==> Parameters: 4(Integer), ogg(String)
<==    Updates: 1
Closing non transactional SqlSession [org.apache.ibatis.session.defaults.DefaultSqlSession@61d4171d]
Creating a new SqlSession
SqlSession [org.apache.ibatis.session.defaults.DefaultSqlSession@7e0cbe79] was not registered for synchronization because synchronization is not active
JDBC Connection [HikariProxyConnection@572857266 wrapping conn10: url=jdbc:h2:mem:qiwen_file_test user=SA] will not be managed by Spring
==>  Preparing: INSERT INTO file_classification ( file_type_id, file_extend_name ) VALUES ( ?, ? )
==> Parameters: 4(Integer), wma(String)
<==    Updates: 1
Closing non transactional SqlSession [org.apache.ibatis.session.defaults.DefaultSqlSession@7e0cbe79]
Creating a new SqlSession
SqlSession [org.apache.ibatis.session.defaults.DefaultSqlSession@63888c14] was not registered for synchronization because synchronization is not active
JDBC Connection [HikariProxyConnection@2040252256 wrapping conn10: url=jdbc:h2:mem:qiwen_file_test user=SA] will not be managed by Spring
==>  Preparing: INSERT INTO file_type ( name, order_num ) VALUES ( ?, ? )
==> Parameters: 其他(String), 5(Integer)
<==    Updates: 1
Closing non transactional SqlSession [org.apache.ibatis.session.defaults.DefaultSqlSession@63888c14]
Creating a new SqlSession
SqlSession [org.apache.ibatis.session.defaults.DefaultSqlSession@627f515c] was not registered for synchronization because synchronization is not active
JDBC Connection [HikariProxyConnection@1754086954 wrapping conn10: url=jdbc:h2:mem:qiwen_file_test user=SA] will not be managed by Spring
==>  Preparing: INSERT INTO file_classification ( file_type_id, file_extend_name ) VALUES ( ?, ? )
==> Parameters: 5(Integer), (String)
<==    Updates: 1
Closing non transactional SqlSession [org.apache.ibatis.session.defaults.DefaultSqlSession@627f515c]
2026-06-29T14:02:22.087+08:00  INFO 1348 --- [qiwen-file] [           main] o.s.s.web.DefaultSecurityFilterChain     : Will secure any request with [org.springframework.security.web.session.DisableEncodeUrlFilter@3c32105c, org.springframework.security.web.context.request.async.WebAsyncManagerIntegrationFilter@39a54d70, org.springframework.security.web.context.SecurityContextHolderFilter@4ee127c6, org.springframework.security.web.header.HeaderWriterFilter@771047b4, org.springframework.web.filter.CorsFilter@39b5d60, org.springframework.security.web.authentication.logout.LogoutFilter@b51d862, com.qiwenshare.file.config.security.JwtAuthFilter@206100aa, org.springframework.security.web.savedrequest.RequestCacheAwareFilter@5e805a0d, org.springframework.security.web.servletapi.SecurityContextHolderAwareRequestFilter@2bd89b8e, org.springframework.security.web.authentication.AnonymousAuthenticationFilter@952883c, org.springframework.security.web.session.SessionManagementFilter@3bfb81be, org.springframework.security.web.access.ExceptionTranslationFilter@7cdd8582, org.springframework.security.web.access.intercept.AuthorizationFilter@38b65eb9]
2026-06-29T14:02:23.155+08:00  INFO 1348 --- [qiwen-file] [           main] com.qiwenshare.file.FileServiceTest      : Started FileServiceTest in 9.704 seconds (process running for 57.29)
Creating a new SqlSession
Registering transaction synchronization for SqlSession [org.apache.ibatis.session.defaults.DefaultSqlSession@1532b1d]
JDBC Connection [HikariProxyConnection@206331953 wrapping conn10: url=jdbc:h2:mem:qiwen_file_test user=SA] will be managed by Spring
==>  Preparing: SELECT COUNT( * ) AS total FROM file_bean WHERE deleted=0 AND (file_path = ? AND user_id = ?)
==> Parameters: /documents(String), user001(String)
<==    Columns: TOTAL
<==        Row: 0
<==      Total: 1
Releasing transactional SqlSession [org.apache.ibatis.session.defaults.DefaultSqlSession@1532b1d]
Fetched SqlSession [org.apache.ibatis.session.defaults.DefaultSqlSession@1532b1d] from current transaction
==>  Preparing: INSERT INTO file_bean ( id, file_name, file_path, file_size, file_type, is_folder, parent_path, user_id, deleted, create_time, update_time ) VALUES ( ?, ?, ?, ?, ?, ?, ?, ?, ?, ?, ? )
==> Parameters: 2071474338930737152(String), documents(String), /documents(String), 0(Long), (String), true(Boolean), /(String), user001(String), 0(Integer), 2026-06-29T14:02:23.190981300(LocalDateTime), 2026-06-29T14:02:23.190981300(LocalDateTime)
<==    Updates: 1
Releasing transactional SqlSession [org.apache.ibatis.session.defaults.DefaultSqlSession@1532b1d]
Transaction synchronization deregistering SqlSession [org.apache.ibatis.session.defaults.DefaultSqlSession@1532b1d]
Transaction synchronization closing SqlSession [org.apache.ibatis.session.defaults.DefaultSqlSession@1532b1d]
]]></system-out>
  </testcase>
  <testcase name="testListByPath" classname="com.qiwenshare.file.FileServiceTest" time="0.255">
    <system-out><![CDATA[Creating a new SqlSession
Registering transaction synchronization for SqlSession [org.apache.ibatis.session.defaults.DefaultSqlSession@37890e3]
JDBC Connection [HikariProxyConnection@1246343791 wrapping conn10: url=jdbc:h2:mem:qiwen_file_test user=SA] will be managed by Spring
==>  Preparing: SELECT COUNT( * ) AS total FROM file_bean WHERE deleted=0 AND (file_path = ? AND user_id = ?)
==> Parameters: /pics(String), user001(String)
<==    Columns: TOTAL
<==        Row: 0
<==      Total: 1
Releasing transactional SqlSession [org.apache.ibatis.session.defaults.DefaultSqlSession@37890e3]
Fetched SqlSession [org.apache.ibatis.session.defaults.DefaultSqlSession@37890e3] from current transaction
==>  Preparing: INSERT INTO file_bean ( id, file_name, file_path, file_size, file_type, is_folder, parent_path, user_id, deleted, create_time, update_time ) VALUES ( ?, ?, ?, ?, ?, ?, ?, ?, ?, ?, ? )
==> Parameters: 2071474339069149184(String), pics(String), /pics(String), 0(Long), (String), true(Boolean), /(String), user001(String), 0(Integer), 2026-06-29T14:02:23.223893500(LocalDateTime), 2026-06-29T14:02:23.223893500(LocalDateTime)
<==    Updates: 1
Releasing transactional SqlSession [org.apache.ibatis.session.defaults.DefaultSqlSession@37890e3]
Fetched SqlSession [org.apache.ibatis.session.defaults.DefaultSqlSession@37890e3] from current transaction
==>  Preparing: SELECT id,file_name,file_path,file_size,file_type,is_folder,parent_path,user_id,deleted,create_time,update_time FROM file_bean WHERE deleted=0 AND (file_path = ?)
==> Parameters: /a.txt(String)
<==      Total: 0
Releasing transactional SqlSession [org.apache.ibatis.session.defaults.DefaultSqlSession@37890e3]
Fetched SqlSession [org.apache.ibatis.session.defaults.DefaultSqlSession@37890e3] from current transaction
==>  Preparing: INSERT INTO file_bean ( id, file_name, file_path, file_size, file_type, is_folder, parent_path, user_id, deleted, create_time, update_time ) VALUES ( ?, ?, ?, ?, ?, ?, ?, ?, ?, ?, ? )
==> Parameters: 2071474339203366912(String), a.txt(String), /a.txt(String), 100(Long), text/plain(String), false(Boolean), /(String), user001(String), 0(Integer), 2026-06-29T14:02:23.255807900(LocalDateTime), 2026-06-29T14:02:23.255807900(LocalDateTime)
<==    Updates: 1
Releasing transactional SqlSession [org.apache.ibatis.session.defaults.DefaultSqlSession@37890e3]
Fetched SqlSession [org.apache.ibatis.session.defaults.DefaultSqlSession@37890e3] from current transaction
==>  Preparing: SELECT id,file_id,version,file_name,file_path,file_size,storage_path,user_id,create_time FROM file_version WHERE (file_id = ?) ORDER BY version DESC LIMIT 1
==> Parameters: 2071474339203366912(String)
<==      Total: 0
Releasing transactional SqlSession [org.apache.ibatis.session.defaults.DefaultSqlSession@37890e3]
Fetched SqlSession [org.apache.ibatis.session.defaults.DefaultSqlSession@37890e3] from current transaction
==>  Preparing: INSERT INTO file_version ( id, file_id, version, file_name, file_path, file_size, storage_path, user_id, create_time ) VALUES ( ?, ?, ?, ?, ?, ?, ?, ?, ? )
==> Parameters: 2071474339236921344(String), 2071474339203366912(String), 1(Integer), a.txt(String), /a.txt(String), 100(Long), /a.txt(String), user001(String), 2026-06-29T14:02:23.263789100(LocalDateTime)
<==    Updates: 1
Releasing transactional SqlSession [org.apache.ibatis.session.defaults.DefaultSqlSession@37890e3]
Fetched SqlSession [org.apache.ibatis.session.defaults.DefaultSqlSession@37890e3] from current transaction
==>  Preparing: SELECT id,file_id,version,file_name,file_path,file_size,storage_path,user_id,create_time FROM file_version WHERE (file_id = ?) ORDER BY version DESC
==> Parameters: 2071474339203366912(String)
<==    Columns: ID, FILE_ID, VERSION, FILE_NAME, FILE_PATH, FILE_SIZE, STORAGE_PATH, USER_ID, CREATE_TIME
<==        Row: 2071474339236921344, 2071474339203366912, 1, a.txt, /a.txt, 100, /a.txt, user001, 2026-06-29 14:02:23.263789
<==      Total: 1
Releasing transactional SqlSession [org.apache.ibatis.session.defaults.DefaultSqlSession@37890e3]
2026-06-29T14:02:23.439+08:00 ERROR 1348 --- [qiwen-file] [           main] c.q.file.service.FileSearchService       : ES 索引创建失败: Connection refused: getsockopt
Fetched SqlSession [org.apache.ibatis.session.defaults.DefaultSqlSession@37890e3] from current transaction
==>  Preparing: SELECT id,file_name,file_path,file_size,file_type,is_folder,parent_path,user_id,deleted,create_time,update_time FROM file_bean WHERE deleted=0 AND (file_path = ?)
==> Parameters: /b.jpg(String)
<==      Total: 0
Releasing transactional SqlSession [org.apache.ibatis.session.defaults.DefaultSqlSession@37890e3]
Fetched SqlSession [org.apache.ibatis.session.defaults.DefaultSqlSession@37890e3] from current transaction
==>  Preparing: INSERT INTO file_bean ( id, file_name, file_path, file_size, file_type, is_folder, parent_path, user_id, deleted, create_time, update_time ) VALUES ( ?, ?, ?, ?, ?, ?, ?, ?, ?, ?, ? )
==> Parameters: 2071474339987701760(String), b.jpg(String), /b.jpg(String), 200(Long), image/jpeg(String), false(Boolean), /(String), user001(String), 0(Integer), 2026-06-29T14:02:23.442394900(LocalDateTime), 2026-06-29T14:02:23.442394900(LocalDateTime)
<==    Updates: 1
Releasing transactional SqlSession [org.apache.ibatis.session.defaults.DefaultSqlSession@37890e3]
Fetched SqlSession [org.apache.ibatis.session.defaults.DefaultSqlSession@37890e3] from current transaction
==>  Preparing: SELECT id,file_id,version,file_name,file_path,file_size,storage_path,user_id,create_time FROM file_version WHERE (file_id = ?) ORDER BY version DESC LIMIT 1
==> Parameters: 2071474339987701760(String)
<==      Total: 0
Releasing transactional SqlSession [org.apache.ibatis.session.defaults.DefaultSqlSession@37890e3]
Fetched SqlSession [org.apache.ibatis.session.defaults.DefaultSqlSession@37890e3] from current transaction
==>  Preparing: INSERT INTO file_version ( id, file_id, version, file_name, file_path, file_size, storage_path, user_id, create_time ) VALUES ( ?, ?, ?, ?, ?, ?, ?, ?, ? )
==> Parameters: 2071474340012867584(String), 2071474339987701760(String), 1(Integer), b.jpg(String), /b.jpg(String), 200(Long), /b.jpg(String), user001(String), 2026-06-29T14:02:23.448385200(LocalDateTime)
<==    Updates: 1
Releasing transactional SqlSession [org.apache.ibatis.session.defaults.DefaultSqlSession@37890e3]
Fetched SqlSession [org.apache.ibatis.session.defaults.DefaultSqlSession@37890e3] from current transaction
==>  Preparing: SELECT id,file_id,version,file_name,file_path,file_size,storage_path,user_id,create_time FROM file_version WHERE (file_id = ?) ORDER BY version DESC
==> Parameters: 2071474339987701760(String)
<==    Columns: ID, FILE_ID, VERSION, FILE_NAME, FILE_PATH, FILE_SIZE, STORAGE_PATH, USER_ID, CREATE_TIME
<==        Row: 2071474340012867584, 2071474339987701760, 1, b.jpg, /b.jpg, 200, /b.jpg, user001, 2026-06-29 14:02:23.448385
<==      Total: 1
Releasing transactional SqlSession [org.apache.ibatis.session.defaults.DefaultSqlSession@37890e3]
2026-06-29T14:02:23.458+08:00 ERROR 1348 --- [qiwen-file] [           main] c.q.file.service.FileSearchService       : ES 索引创建失败: Connection refused: getsockopt
Fetched SqlSession [org.apache.ibatis.session.defaults.DefaultSqlSession@37890e3] from current transaction
==>  Preparing: SELECT id,file_name,file_path,file_size,file_type,is_folder,parent_path,user_id,deleted,create_time,update_time FROM file_bean WHERE deleted=0 AND (parent_path = ? AND user_id = ? AND deleted = ?) ORDER BY is_folder ASC,file_name ASC
==> Parameters: /(String), user001(String), 0(Integer)
<==    Columns: ID, FILE_NAME, FILE_PATH, FILE_SIZE, FILE_TYPE, IS_FOLDER, PARENT_PATH, USER_ID, DELETED, CREATE_TIME, UPDATE_TIME
<==        Row: 2071474339203366912, a.txt, /a.txt, 100, text/plain, FALSE, /, user001, 0, 2026-06-29 14:02:23.255808, 2026-06-29 14:02:23.255808
<==        Row: 2071474339987701760, b.jpg, /b.jpg, 200, image/jpeg, FALSE, /, user001, 0, 2026-06-29 14:02:23.442395, 2026-06-29 14:02:23.442395
<==        Row: 2071474339069149184, pics, /pics, 0, , TRUE, /, user001, 0, 2026-06-29 14:02:23.223894, 2026-06-29 14:02:23.223894
<==      Total: 3
Releasing transactional SqlSession [org.apache.ibatis.session.defaults.DefaultSqlSession@37890e3]
Transaction synchronization deregistering SqlSession [org.apache.ibatis.session.defaults.DefaultSqlSession@37890e3]
Transaction synchronization closing SqlSession [org.apache.ibatis.session.defaults.DefaultSqlSession@37890e3]
]]></system-out>
  </testcase>
  <testcase name="testGetById" classname="com.qiwenshare.file.FileServiceTest" time="0.046">
    <system-out><![CDATA[Creating a new SqlSession
Registering transaction synchronization for SqlSession [org.apache.ibatis.session.defaults.DefaultSqlSession@48fc2397]
JDBC Connection [HikariProxyConnection@783541000 wrapping conn10: url=jdbc:h2:mem:qiwen_file_test user=SA] will be managed by Spring
==>  Preparing: SELECT id,file_name,file_path,file_size,file_type,is_folder,parent_path,user_id,deleted,create_time,update_time FROM file_bean WHERE deleted=0 AND (file_path = ?)
==> Parameters: /findme.txt(String)
<==      Total: 0
Releasing transactional SqlSession [org.apache.ibatis.session.defaults.DefaultSqlSession@48fc2397]
Fetched SqlSession [org.apache.ibatis.session.defaults.DefaultSqlSession@48fc2397] from current transaction
==>  Preparing: INSERT INTO file_bean ( id, file_name, file_path, file_size, file_type, is_folder, parent_path, user_id, deleted, create_time, update_time ) VALUES ( ?, ?, ?, ?, ?, ?, ?, ?, ?, ?, ? )
==> Parameters: 2071474340180639744(String), findme.txt(String), /findme.txt(String), 99(Long), text/plain(String), false(Boolean), /(String), user001(String), 0(Integer), 2026-06-29T14:02:23.488270(LocalDateTime), 2026-06-29T14:02:23.488270(LocalDateTime)
<==    Updates: 1
Releasing transactional SqlSession [org.apache.ibatis.session.defaults.DefaultSqlSession@48fc2397]
Fetched SqlSession [org.apache.ibatis.session.defaults.DefaultSqlSession@48fc2397] from current transaction
==>  Preparing: SELECT id,file_id,version,file_name,file_path,file_size,storage_path,user_id,create_time FROM file_version WHERE (file_id = ?) ORDER BY version DESC LIMIT 1
==> Parameters: 2071474340180639744(String)
<==      Total: 0
Releasing transactional SqlSession [org.apache.ibatis.session.defaults.DefaultSqlSession@48fc2397]
Fetched SqlSession [org.apache.ibatis.session.defaults.DefaultSqlSession@48fc2397] from current transaction
==>  Preparing: INSERT INTO file_version ( id, file_id, version, file_name, file_path, file_size, storage_path, user_id, create_time ) VALUES ( ?, ?, ?, ?, ?, ?, ?, ?, ? )
==> Parameters: 2071474340230971392(String), 2071474340180639744(String), 1(Integer), findme.txt(String), /findme.txt(String), 99(Long), /findme.txt(String), user001(String), 2026-06-29T14:02:23.500239600(LocalDateTime)
<==    Updates: 1
Releasing transactional SqlSession [org.apache.ibatis.session.defaults.DefaultSqlSession@48fc2397]
Fetched SqlSession [org.apache.ibatis.session.defaults.DefaultSqlSession@48fc2397] from current transaction
==>  Preparing: SELECT id,file_id,version,file_name,file_path,file_size,storage_path,user_id,create_time FROM file_version WHERE (file_id = ?) ORDER BY version DESC
==> Parameters: 2071474340180639744(String)
<==    Columns: ID, FILE_ID, VERSION, FILE_NAME, FILE_PATH, FILE_SIZE, STORAGE_PATH, USER_ID, CREATE_TIME
<==        Row: 2071474340230971392, 2071474340180639744, 1, findme.txt, /findme.txt, 99, /findme.txt, user001, 2026-06-29 14:02:23.50024
<==      Total: 1
Releasing transactional SqlSession [org.apache.ibatis.session.defaults.DefaultSqlSession@48fc2397]
2026-06-29T14:02:23.506+08:00 ERROR 1348 --- [qiwen-file] [           main] c.q.file.service.FileSearchService       : ES 索引创建失败: Connection refused: getsockopt
Fetched SqlSession [org.apache.ibatis.session.defaults.DefaultSqlSession@48fc2397] from current transaction
==>  Preparing: SELECT id,file_name,file_path,file_size,file_type,is_folder,parent_path,user_id,deleted,create_time,update_time FROM file_bean WHERE id=? AND deleted=0
==> Parameters: 2071474340180639744(String)
<==    Columns: ID, FILE_NAME, FILE_PATH, FILE_SIZE, FILE_TYPE, IS_FOLDER, PARENT_PATH, USER_ID, DELETED, CREATE_TIME, UPDATE_TIME
<==        Row: 2071474340180639744, findme.txt, /findme.txt, 99, text/plain, FALSE, /, user001, 0, 2026-06-29 14:02:23.48827, 2026-06-29 14:02:23.48827
<==      Total: 1
Releasing transactional SqlSession [org.apache.ibatis.session.defaults.DefaultSqlSession@48fc2397]
Transaction synchronization deregistering SqlSession [org.apache.ibatis.session.defaults.DefaultSqlSession@48fc2397]
Transaction synchronization closing SqlSession [org.apache.ibatis.session.defaults.DefaultSqlSession@48fc2397]
]]></system-out>
  </testcase>
  <testcase name="testDeleteOtherUserFile" classname="com.qiwenshare.file.FileServiceTest" time="0.033">
    <system-out><![CDATA[Creating a new SqlSession
Registering transaction synchronization for SqlSession [org.apache.ibatis.session.defaults.DefaultSqlSession@51f1e931]
JDBC Connection [HikariProxyConnection@1490238813 wrapping conn10: url=jdbc:h2:mem:qiwen_file_test user=SA] will be managed by Spring
==>  Preparing: SELECT id,file_name,file_path,file_size,file_type,is_folder,parent_path,user_id,deleted,create_time,update_time FROM file_bean WHERE deleted=0 AND (file_path = ?)
==> Parameters: /secret.txt(String)
<==      Total: 0
Releasing transactional SqlSession [org.apache.ibatis.session.defaults.DefaultSqlSession@51f1e931]
Fetched SqlSession [org.apache.ibatis.session.defaults.DefaultSqlSession@51f1e931] from current transaction
==>  Preparing: INSERT INTO file_bean ( id, file_name, file_path, file_size, file_type, is_folder, parent_path, user_id, deleted, create_time, update_time ) VALUES ( ?, ?, ?, ?, ?, ?, ?, ?, ?, ?, ? )
==> Parameters: 2071474340369383424(String), secret.txt(String), /secret.txt(String), 100(Long), text/plain(String), false(Boolean), /(String), user001(String), 0(Integer), 2026-06-29T14:02:23.533153(LocalDateTime), 2026-06-29T14:02:23.533153(LocalDateTime)
<==    Updates: 1
Releasing transactional SqlSession [org.apache.ibatis.session.defaults.DefaultSqlSession@51f1e931]
Fetched SqlSession [org.apache.ibatis.session.defaults.DefaultSqlSession@51f1e931] from current transaction
==>  Preparing: SELECT id,file_id,version,file_name,file_path,file_size,storage_path,user_id,create_time FROM file_version WHERE (file_id = ?) ORDER BY version DESC LIMIT 1
==> Parameters: 2071474340369383424(String)
<==      Total: 0
Releasing transactional SqlSession [org.apache.ibatis.session.defaults.DefaultSqlSession@51f1e931]
Fetched SqlSession [org.apache.ibatis.session.defaults.DefaultSqlSession@51f1e931] from current transaction
==>  Preparing: INSERT INTO file_version ( id, file_id, version, file_name, file_path, file_size, storage_path, user_id, create_time ) VALUES ( ?, ?, ?, ?, ?, ?, ?, ?, ? )
==> Parameters: 2071474340386160640(String), 2071474340369383424(String), 1(Integer), secret.txt(String), /secret.txt(String), 100(Long), /secret.txt(String), user001(String), 2026-06-29T14:02:23.537139400(LocalDateTime)
<==    Updates: 1
Releasing transactional SqlSession [org.apache.ibatis.session.defaults.DefaultSqlSession@51f1e931]
Fetched SqlSession [org.apache.ibatis.session.defaults.DefaultSqlSession@51f1e931] from current transaction
==>  Preparing: SELECT id,file_id,version,file_name,file_path,file_size,storage_path,user_id,create_time FROM file_version WHERE (file_id = ?) ORDER BY version DESC
==> Parameters: 2071474340369383424(String)
<==    Columns: ID, FILE_ID, VERSION, FILE_NAME, FILE_PATH, FILE_SIZE, STORAGE_PATH, USER_ID, CREATE_TIME
<==        Row: 2071474340386160640, 2071474340369383424, 1, secret.txt, /secret.txt, 100, /secret.txt, user001, 2026-06-29 14:02:23.537139
<==      Total: 1
Releasing transactional SqlSession [org.apache.ibatis.session.defaults.DefaultSqlSession@51f1e931]
2026-06-29T14:02:23.547+08:00 ERROR 1348 --- [qiwen-file] [           main] c.q.file.service.FileSearchService       : ES 索引创建失败: Connection refused: getsockopt
Fetched SqlSession [org.apache.ibatis.session.defaults.DefaultSqlSession@51f1e931] from current transaction
==>  Preparing: SELECT id,file_name,file_path,file_size,file_type,is_folder,parent_path,user_id,deleted,create_time,update_time FROM file_bean WHERE id=? AND deleted=0
==> Parameters: 2071474340369383424(String)
<==    Columns: ID, FILE_NAME, FILE_PATH, FILE_SIZE, FILE_TYPE, IS_FOLDER, PARENT_PATH, USER_ID, DELETED, CREATE_TIME, UPDATE_TIME
<==        Row: 2071474340369383424, secret.txt, /secret.txt, 100, text/plain, FALSE, /, user001, 0, 2026-06-29 14:02:23.533153, 2026-06-29 14:02:23.533153
<==      Total: 1
Releasing transactional SqlSession [org.apache.ibatis.session.defaults.DefaultSqlSession@51f1e931]
Transaction synchronization deregistering SqlSession [org.apache.ibatis.session.defaults.DefaultSqlSession@51f1e931]
Transaction synchronization closing SqlSession [org.apache.ibatis.session.defaults.DefaultSqlSession@51f1e931]
]]></system-out>
  </testcase>
  <testcase name="testDelete" classname="com.qiwenshare.file.FileServiceTest" time="0.0">
    <skipped message="H2 + JPA/MyBatis 双 ORM 事务冲突，生产 MySQL 无此问题"/>
  </testcase>
  <testcase name="testUpload" classname="com.qiwenshare.file.FileServiceTest" time="0.03">
    <system-out><![CDATA[Creating a new SqlSession
Registering transaction synchronization for SqlSession [org.apache.ibatis.session.defaults.DefaultSqlSession@32f3174d]
JDBC Connection [HikariProxyConnection@87180871 wrapping conn10: url=jdbc:h2:mem:qiwen_file_test user=SA] will be managed by Spring
==>  Preparing: SELECT id,file_name,file_path,file_size,file_type,is_folder,parent_path,user_id,deleted,create_time,update_time FROM file_bean WHERE deleted=0 AND (file_path = ?)
==> Parameters: /readme.txt(String)
<==      Total: 0
Releasing transactional SqlSession [org.apache.ibatis.session.defaults.DefaultSqlSession@32f3174d]
Fetched SqlSession [org.apache.ibatis.session.defaults.DefaultSqlSession@32f3174d] from current transaction
==>  Preparing: INSERT INTO file_bean ( id, file_name, file_path, file_size, file_type, is_folder, parent_path, user_id, deleted, create_time, update_time ) VALUES ( ?, ?, ?, ?, ?, ?, ?, ?, ?, ?, ? )
==> Parameters: 2071474340507795456(String), readme.txt(String), /readme.txt(String), 1024(Long), text/plain(String), false(Boolean), /(String), user001(String), 0(Integer), 2026-06-29T14:02:23.566061800(LocalDateTime), 2026-06-29T14:02:23.566061800(LocalDateTime)
<==    Updates: 1
Releasing transactional SqlSession [org.apache.ibatis.session.defaults.DefaultSqlSession@32f3174d]
Fetched SqlSession [org.apache.ibatis.session.defaults.DefaultSqlSession@32f3174d] from current transaction
==>  Preparing: SELECT id,file_id,version,file_name,file_path,file_size,storage_path,user_id,create_time FROM file_version WHERE (file_id = ?) ORDER BY version DESC LIMIT 1
==> Parameters: 2071474340507795456(String)
<==      Total: 0
Releasing transactional SqlSession [org.apache.ibatis.session.defaults.DefaultSqlSession@32f3174d]
Fetched SqlSession [org.apache.ibatis.session.defaults.DefaultSqlSession@32f3174d] from current transaction
==>  Preparing: INSERT INTO file_version ( id, file_id, version, file_name, file_path, file_size, storage_path, user_id, create_time ) VALUES ( ?, ?, ?, ?, ?, ?, ?, ?, ? )
==> Parameters: 2071474340524572672(String), 2071474340507795456(String), 1(Integer), readme.txt(String), /readme.txt(String), 1024(Long), /readme.txt(String), user001(String), 2026-06-29T14:02:23.570051300(LocalDateTime)
<==    Updates: 1
Releasing transactional SqlSession [org.apache.ibatis.session.defaults.DefaultSqlSession@32f3174d]
Fetched SqlSession [org.apache.ibatis.session.defaults.DefaultSqlSession@32f3174d] from current transaction
==>  Preparing: SELECT id,file_id,version,file_name,file_path,file_size,storage_path,user_id,create_time FROM file_version WHERE (file_id = ?) ORDER BY version DESC
==> Parameters: 2071474340507795456(String)
<==    Columns: ID, FILE_ID, VERSION, FILE_NAME, FILE_PATH, FILE_SIZE, STORAGE_PATH, USER_ID, CREATE_TIME
<==        Row: 2071474340524572672, 2071474340507795456, 1, readme.txt, /readme.txt, 1024, /readme.txt, user001, 2026-06-29 14:02:23.570051
<==      Total: 1
Releasing transactional SqlSession [org.apache.ibatis.session.defaults.DefaultSqlSession@32f3174d]
2026-06-29T14:02:23.583+08:00 ERROR 1348 --- [qiwen-file] [           main] c.q.file.service.FileSearchService       : ES 索引创建失败: Connection refused: getsockopt
Transaction synchronization deregistering SqlSession [org.apache.ibatis.session.defaults.DefaultSqlSession@32f3174d]
Transaction synchronization closing SqlSession [org.apache.ibatis.session.defaults.DefaultSqlSession@32f3174d]
]]></system-out>
  </testcase>
</testsuite>