<?xml version="1.0" encoding="UTF-8"?>
<testsuite xmlns:xsi="http://www.w3.org/2001/XMLSchema-instance" xsi:noNamespaceSchemaLocation="https://maven.apache.org/surefire/maven-surefire-plugin/xsd/surefire-test-report-3.0.xsd" version="3.0" name="com.qiwenshare.file.FilePreviewTest" time="51.619" tests="4" errors="0" skipped="0" failures="0">
  <properties>
[...]
</properties>
  <testcase name="testPreviewStream" classname="com.qiwenshare.file.FilePreviewTest" time="2.51">
    <system-out><![CDATA[13:13:37.500 [main] INFO org.springframework.test.context.support.AnnotationConfigContextLoaderUtils -- Could not detect default configuration classes for test class [com.qiwenshare.file.FilePreviewTest]: FilePreviewTest does not declare any static, non-private, non-final, nested classes annotated with @Configuration.
13:13:38.030 [main] INFO org.springframework.boot.test.context.SpringBootTestContextBootstrapper -- Found @SpringBootConfiguration com.qiwenshare.file.FileApplication for test class com.qiwenshare.file.FilePreviewTest

  .   ____          _            __ _ _
 /\\ / ___'_ __ _ _(_)_ __  __ _ \ \ \ \
( ( )\___ | '_ | '_| | '_ \/ _` | \ \ \ \
 \\/  ___)| |_)| | | | | || (_| |  ) ) ) )
  '  |____| .__|_| |_|_| |_\__, | / / / /
 =========|_|==============|___/=/_/_/_/
 :: Spring Boot ::                (v3.2.5)

2026-06-29T13:13:40.479+08:00  INFO 7300 --- [qiwen-file] [           main] com.qiwenshare.file.FilePreviewTest      : Starting FilePreviewTest using Java 17.0.18 with PID 7300 (started by Administrator in E:\file-upgrade\qiwen-file)
2026-06-29T13:13:40.481+08:00 DEBUG 7300 --- [qiwen-file] [           main] com.qiwenshare.file.FilePreviewTest      : Running with Spring Boot v3.2.5, Spring v6.1.6
2026-06-29T13:13:40.482+08:00  INFO 7300 --- [qiwen-file] [           main] com.qiwenshare.file.FilePreviewTest      : The following 1 profile is active: "test"
2026-06-29T13:13:46.925+08:00  INFO 7300 --- [qiwen-file] [           main] .s.d.r.c.RepositoryConfigurationDelegate : Multiple Spring Data modules found, entering strict repository configuration mode
2026-06-29T13:13:46.932+08:00  INFO 7300 --- [qiwen-file] [           main] .s.d.r.c.RepositoryConfigurationDelegate : Bootstrapping Spring Data JPA repositories in DEFAULT mode.
2026-06-29T13:13:47.074+08:00  INFO 7300 --- [qiwen-file] [           main] .s.d.r.c.RepositoryConfigurationDelegate : Finished Spring Data repository scanning in 114 ms. Found 0 JPA repository interfaces.
2026-06-29T13:13:47.335+08:00  INFO 7300 --- [qiwen-file] [           main] .s.d.r.c.RepositoryConfigurationDelegate : Multiple Spring Data modules found, entering strict repository configuration mode
2026-06-29T13:13:47.338+08:00  INFO 7300 --- [qiwen-file] [           main] .s.d.r.c.RepositoryConfigurationDelegate : Bootstrapping Spring Data Redis repositories in DEFAULT mode.
2026-06-29T13:13:47.389+08:00  INFO 7300 --- [qiwen-file] [           main] .s.d.r.c.RepositoryConfigurationDelegate : Finished Spring Data repository scanning in 28 ms. Found 0 Redis repository interfaces.
2026-06-29T13:13:53.134+08:00  INFO 7300 --- [qiwen-file] [           main] o.hibernate.jpa.internal.util.LogHelper  : HHH000204: Processing PersistenceUnitInfo [name: default]
2026-06-29T13:13:53.553+08:00  INFO 7300 --- [qiwen-file] [           main] org.hibernate.Version                    : HHH000412: Hibernate ORM core version 6.4.4.Final
2026-06-29T13:13:53.699+08:00  INFO 7300 --- [qiwen-file] [           main] o.h.c.internal.RegionFactoryInitiator    : HHH000026: Second-level cache disabled
2026-06-29T13:13:54.743+08:00  INFO 7300 --- [qiwen-file] [           main] o.s.o.j.p.SpringPersistenceUnitInfo      : No LoadTimeWeaver setup: ignoring JPA class transformer
2026-06-29T13:13:54.818+08:00  INFO 7300 --- [qiwen-file] [           main] com.zaxxer.hikari.HikariDataSource       : HikariPool-1 - Starting...
2026-06-29T13:13:55.576+08:00  INFO 7300 --- [qiwen-file] [           main] com.zaxxer.hikari.pool.HikariPool        : HikariPool-1 - Added connection conn0: url=jdbc:h2:mem:qiwen_file_test user=SA
2026-06-29T13:13:55.581+08:00  INFO 7300 --- [qiwen-file] [           main] com.zaxxer.hikari.HikariDataSource       : HikariPool-1 - Start completed.
2026-06-29T13:13:55.635+08:00  WARN 7300 --- [qiwen-file] [           main] org.hibernate.orm.deprecation            : HHH90000025: H2Dialect does not need to be specified explicitly using 'hibernate.dialect' (remove the property setting and it will be selected by default)
2026-06-29T13:13:59.964+08:00  INFO 7300 --- [qiwen-file] [           main] o.h.e.t.j.p.i.JtaPlatformInitiator       : HHH000489: No JTA platform available (set 'hibernate.transaction.jta.platform' to enable JTA platform integration)
Hibernate: 
    drop table if exists file_bean cascade 
Hibernate: 
    drop table if exists file_classification cascade 
Hibernate: 
    drop table if exists file_type cascade 
Hibernate: 
    drop table if exists file_version cascade 
Hibernate: 
    drop table if exists notice cascade 
Hibernate: 
    drop table if exists permission cascade 
Hibernate: 
    drop table if exists qiwen_user cascade 
Hibernate: 
    drop table if exists role cascade 
Hibernate: 
    drop table if exists role_permission cascade 
Hibernate: 
    drop table if exists share_file cascade 
Hibernate: 
    drop table if exists sys_config cascade 
Hibernate: 
    drop table if exists upload_task cascade 
Hibernate: 
    drop table if exists user_role cascade 
Hibernate: 
    create table file_bean (
        deleted integer,
        is_folder boolean,
        create_time timestamp(6),
        file_size bigint,
        update_time timestamp(6),
        file_name varchar(255),
        file_path varchar(255),
        file_type varchar(255),
        id varchar(255) not null,
        parent_path varchar(255),
        user_id varchar(255),
        primary key (id)
    )
Hibernate: 
    create table file_classification (
        file_type_id integer,
        id integer generated by default as identity,
        file_extend_name varchar(255),
        primary key (id)
    )
Hibernate: 
    create table file_type (
        id integer generated by default as identity,
        order_num integer,
        name varchar(255),
        primary key (id)
    )
Hibernate: 
    create table file_version (
        version integer,
        create_time timestamp(6),
        file_size bigint,
        file_id varchar(255),
        file_name varchar(255),
        file_path varchar(255),
        id varchar(255) not null,
        storage_path varchar(255),
        user_id varchar(255),
        primary key (id)
    )
Hibernate: 
    create table notice (
        is_long_valid_data integer,
        platform integer,
        id bigint generated by default as identity,
        content varchar(255),
        create_time varchar(255),
        create_user_id varchar(255),
        markdown_content varchar(255),
        modify_time varchar(255),
        modify_user_id varchar(255),
        title varchar(255),
        valid_date_time varchar(255),
        primary key (id)
    )
Hibernate: 
    create table permission (
        order_num integer,
        resource_type integer,
        parent_id bigint,
        permission_id bigint generated by default as identity,
        permission_code varchar(255),
        permission_name varchar(255),
        primary key (permission_id)
    )
Hibernate: 
    create table qiwen_user (
        status integer,
        create_time timestamp(6),
        update_time timestamp(6),
        avatar varchar(255),
        email varchar(255),
        id varchar(255) not null,
        nickname varchar(255),
        password varchar(255),
        phone varchar(255),
        role varchar(255),
        username varchar(255),
        primary key (id)
    )
Hibernate: 
    create table role (
        available integer,
        role_id bigint generated by default as identity,
        description varchar(255),
        role_name varchar(255),
        primary key (role_id)
    )
Hibernate: 
    create table role_permission (
        id bigint generated by default as identity,
        permission_id bigint,
        role_id bigint,
        primary key (id)
    )
Hibernate: 
    create table share_file (
        expire_days integer,
        create_time timestamp(6),
        expire_time timestamp(6),
        file_path varchar(255),
        id varchar(255) not null,
        share_batch_num varchar(255),
        share_code varchar(255),
        share_token varchar(255),
        user_id varchar(255),
        primary key (id)
    )
Hibernate: 
    create table sys_config (
        config_key varchar(255),
        config_value varchar(255),
        description varchar(255),
        id varchar(255) not null,
        primary key (id)
    )
Hibernate: 
    create table upload_task (
        chunk_num integer,
        total_chunks integer,
        upload_status integer,
        create_time timestamp(6),
        total_size bigint,
        file_name varchar(255),
        file_path varchar(255),
        id varchar(255) not null,
        identifier varchar(255),
        user_id varchar(255),
        primary key (id)
    )
Hibernate: 
    create table user_role (
        id bigint generated by default as identity,
        role_id bigint,
        user_id varchar(255),
        primary key (id)
    )
2026-06-29T13:14:00.111+08:00  INFO 7300 --- [qiwen-file] [           main] j.LocalContainerEntityManagerFactoryBean : Initialized JPA EntityManagerFactory for persistence unit 'default'
Logging initialized using 'class org.apache.ibatis.logging.stdout.StdOutImpl' adapter.
Use localhost address 
Get PC202107041543/192.168.33.1 network interface 
Get network interface info: name:eth2 (VMware Virtual Ethernet Adapter for VMnet8)
Initialization Sequence datacenterId:0 workerId:12
 _ _   |_  _ _|_. ___ _ |    _ 
| | |\/|_)(_| | |_\  |_)||_|_\ 
     /               |         
                        3.5.6 
Creating a new SqlSession
SqlSession [org.apache.ibatis.session.defaults.DefaultSqlSession@13157620] was not registered for synchronization because synchronization is not active
JDBC Connection [HikariProxyConnection@546105640 wrapping conn0: url=jdbc:h2:mem:qiwen_file_test user=SA] will not be managed by Spring
==>  Preparing: SELECT COUNT( * ) AS total FROM role
==> Parameters: 
<==    Columns: TOTAL
<==        Row: 0
<==      Total: 1
Closing non transactional SqlSession [org.apache.ibatis.session.defaults.DefaultSqlSession@13157620]
Creating a new SqlSession
SqlSession [org.apache.ibatis.session.defaults.DefaultSqlSession@996126b] was not registered for synchronization because synchronization is not active
JDBC Connection [HikariProxyConnection@955557441 wrapping conn0: url=jdbc:h2:mem:qiwen_file_test user=SA] will not be managed by Spring
==>  Preparing: INSERT INTO role ( role_name, description, available ) VALUES ( ?, ?, ? )
==> Parameters: admin(String), 管理员(String), 1(Integer)
<==    Updates: 1
Closing non transactional SqlSession [org.apache.ibatis.session.defaults.DefaultSqlSession@996126b]
Creating a new SqlSession
SqlSession [org.apache.ibatis.session.defaults.DefaultSqlSession@632a7680] was not registered for synchronization because synchronization is not active
JDBC Connection [HikariProxyConnection@1726301214 wrapping conn0: url=jdbc:h2:mem:qiwen_file_test user=SA] will not be managed by Spring
==>  Preparing: INSERT INTO role ( role_name, description, available ) VALUES ( ?, ?, ? )
==> Parameters: editor(String), 编辑者(String), 1(Integer)
<==    Updates: 1
Closing non transactional SqlSession [org.apache.ibatis.session.defaults.DefaultSqlSession@632a7680]
Creating a new SqlSession
SqlSession [org.apache.ibatis.session.defaults.DefaultSqlSession@1df77353] was not registered for synchronization because synchronization is not active
JDBC Connection [HikariProxyConnection@87404566 wrapping conn0: url=jdbc:h2:mem:qiwen_file_test user=SA] will not be managed by Spring
==>  Preparing: INSERT INTO role ( role_name, description, available ) VALUES ( ?, ?, ? )
==> Parameters: viewer(String), 只读者(String), 1(Integer)
<==    Updates: 1
Closing non transactional SqlSession [org.apache.ibatis.session.defaults.DefaultSqlSession@1df77353]
Creating a new SqlSession
SqlSession [org.apache.ibatis.session.defaults.DefaultSqlSession@355da59c] was not registered for synchronization because synchronization is not active
JDBC Connection [HikariProxyConnection@941472158 wrapping conn0: url=jdbc:h2:mem:qiwen_file_test user=SA] will not be managed by Spring
==>  Preparing: SELECT COUNT( * ) AS total FROM permission
==> Parameters: 
<==    Columns: TOTAL
<==        Row: 0
<==      Total: 1
Closing non transactional SqlSession [org.apache.ibatis.session.defaults.DefaultSqlSession@355da59c]
Creating a new SqlSession
SqlSession [org.apache.ibatis.session.defaults.DefaultSqlSession@58545c2e] was not registered for synchronization because synchronization is not active
JDBC Connection [HikariProxyConnection@1097069829 wrapping conn0: url=jdbc:h2:mem:qiwen_file_test user=SA] will not be managed by Spring
==>  Preparing: INSERT INTO permission ( permission_id, permission_name, resource_type, permission_code, order_num ) VALUES ( ?, ?, ?, ?, ? )
==> Parameters: 1(Long), 文件管理(String), 0(Integer), file(String), 1(Integer)
<==    Updates: 1
Closing non transactional SqlSession [org.apache.ibatis.session.defaults.DefaultSqlSession@58545c2e]
Creating a new SqlSession
SqlSession [org.apache.ibatis.session.defaults.DefaultSqlSession@19cad9f0] was not registered for synchronization because synchronization is not active
JDBC Connection [HikariProxyConnection@1288585758 wrapping conn0: url=jdbc:h2:mem:qiwen_file_test user=SA] will not be managed by Spring
==>  Preparing: INSERT INTO permission ( permission_id, permission_name, resource_type, permission_code, order_num ) VALUES ( ?, ?, ?, ?, ? )
==> Parameters: 2(Long), 用户管理(String), 0(Integer), user(String), 2(Integer)
<==    Updates: 1
Closing non transactional SqlSession [org.apache.ibatis.session.defaults.DefaultSqlSession@19cad9f0]
Creating a new SqlSession
SqlSession [org.apache.ibatis.session.defaults.DefaultSqlSession@3681c285] was not registered for synchronization because synchronization is not active
JDBC Connection [HikariProxyConnection@1754583693 wrapping conn0: url=jdbc:h2:mem:qiwen_file_test user=SA] will not be managed by Spring
==>  Preparing: INSERT INTO permission ( permission_id, permission_name, resource_type, permission_code, order_num ) VALUES ( ?, ?, ?, ?, ? )
==> Parameters: 3(Long), 系统管理(String), 0(Integer), system(String), 3(Integer)
<==    Updates: 1
Closing non transactional SqlSession [org.apache.ibatis.session.defaults.DefaultSqlSession@3681c285]
Creating a new SqlSession
SqlSession [org.apache.ibatis.session.defaults.DefaultSqlSession@27de9336] was not registered for synchronization because synchronization is not active
JDBC Connection [HikariProxyConnection@431942497 wrapping conn0: url=jdbc:h2:mem:qiwen_file_test user=SA] will not be managed by Spring
==>  Preparing: INSERT INTO permission ( permission_id, permission_name, resource_type, permission_code, order_num ) VALUES ( ?, ?, ?, ?, ? )
==> Parameters: 4(Long), 管理面板(String), 0(Integer), dashboard(String), 4(Integer)
<==    Updates: 1
Closing non transactional SqlSession [org.apache.ibatis.session.defaults.DefaultSqlSession@27de9336]
Creating a new SqlSession
SqlSession [org.apache.ibatis.session.defaults.DefaultSqlSession@21139739] was not registered for synchronization because synchronization is not active
JDBC Connection [HikariProxyConnection@1868376364 wrapping conn0: url=jdbc:h2:mem:qiwen_file_test user=SA] will not be managed by Spring
==>  Preparing: INSERT INTO permission ( permission_id, parent_id, permission_name, resource_type, permission_code, order_num ) VALUES ( ?, ?, ?, ?, ?, ? )
==> Parameters: 5(Long), 1(Long), 文件上传(String), 1(Integer), file:upload(String), 1(Integer)
<==    Updates: 1
Closing non transactional SqlSession [org.apache.ibatis.session.defaults.DefaultSqlSession@21139739]
Creating a new SqlSession
SqlSession [org.apache.ibatis.session.defaults.DefaultSqlSession@6f55aef7] was not registered for synchronization because synchronization is not active
JDBC Connection [HikariProxyConnection@507571639 wrapping conn0: url=jdbc:h2:mem:qiwen_file_test user=SA] will not be managed by Spring
==>  Preparing: INSERT INTO permission ( permission_id, parent_id, permission_name, resource_type, permission_code, order_num ) VALUES ( ?, ?, ?, ?, ?, ? )
==> Parameters: 6(Long), 1(Long), 文件下载(String), 1(Integer), file:download(String), 2(Integer)
<==    Updates: 1
Closing non transactional SqlSession [org.apache.ibatis.session.defaults.DefaultSqlSession@6f55aef7]
Creating a new SqlSession
SqlSession [org.apache.ibatis.session.defaults.DefaultSqlSession@27381497] was not registered for synchronization because synchronization is not active
JDBC Connection [HikariProxyConnection@1227021444 wrapping conn0: url=jdbc:h2:mem:qiwen_file_test user=SA] will not be managed by Spring
==>  Preparing: INSERT INTO permission ( permission_id, parent_id, permission_name, resource_type, permission_code, order_num ) VALUES ( ?, ?, ?, ?, ?, ? )
==> Parameters: 7(Long), 1(Long), 文件删除(String), 1(Integer), file:delete(String), 3(Integer)
<==    Updates: 1
Closing non transactional SqlSession [org.apache.ibatis.session.defaults.DefaultSqlSession@27381497]
Creating a new SqlSession
SqlSession [org.apache.ibatis.session.defaults.DefaultSqlSession@3796ff4] was not registered for synchronization because synchronization is not active
JDBC Connection [HikariProxyConnection@1558201827 wrapping conn0: url=jdbc:h2:mem:qiwen_file_test user=SA] will not be managed by Spring
==>  Preparing: INSERT INTO permission ( permission_id, parent_id, permission_name, resource_type, permission_code, order_num ) VALUES ( ?, ?, ?, ?, ?, ? )
==> Parameters: 8(Long), 1(Long), 文件分享(String), 1(Integer), file:share(String), 4(Integer)
<==    Updates: 1
Closing non transactional SqlSession [org.apache.ibatis.session.defaults.DefaultSqlSession@3796ff4]
Creating a new SqlSession
SqlSession [org.apache.ibatis.session.defaults.DefaultSqlSession@3df496d9] was not registered for synchronization because synchronization is not active
JDBC Connection [HikariProxyConnection@333523638 wrapping conn0: url=jdbc:h2:mem:qiwen_file_test user=SA] will not be managed by Spring
==>  Preparing: INSERT INTO permission ( permission_id, parent_id, permission_name, resource_type, permission_code, order_num ) VALUES ( ?, ?, ?, ?, ?, ? )
==> Parameters: 9(Long), 2(Long), 用户列表(String), 1(Integer), user:list(String), 1(Integer)
<==    Updates: 1
Closing non transactional SqlSession [org.apache.ibatis.session.defaults.DefaultSqlSession@3df496d9]
Creating a new SqlSession
SqlSession [org.apache.ibatis.session.defaults.DefaultSqlSession@5bafe1f1] was not registered for synchronization because synchronization is not active
JDBC Connection [HikariProxyConnection@96368698 wrapping conn0: url=jdbc:h2:mem:qiwen_file_test user=SA] will not be managed by Spring
==>  Preparing: INSERT INTO permission ( permission_id, parent_id, permission_name, resource_type, permission_code, order_num ) VALUES ( ?, ?, ?, ?, ?, ? )
==> Parameters: 10(Long), 2(Long), 角色分配(String), 1(Integer), user:role(String), 2(Integer)
<==    Updates: 1
Closing non transactional SqlSession [org.apache.ibatis.session.defaults.DefaultSqlSession@5bafe1f1]
Creating a new SqlSession
SqlSession [org.apache.ibatis.session.defaults.DefaultSqlSession@6178ac9d] was not registered for synchronization because synchronization is not active
JDBC Connection [HikariProxyConnection@193580025 wrapping conn0: url=jdbc:h2:mem:qiwen_file_test user=SA] will not be managed by Spring
==>  Preparing: INSERT INTO permission ( permission_id, parent_id, permission_name, resource_type, permission_code, order_num ) VALUES ( ?, ?, ?, ?, ?, ? )
==> Parameters: 11(Long), 3(Long), 公告管理(String), 1(Integer), system:notice(String), 1(Integer)
<==    Updates: 1
Closing non transactional SqlSession [org.apache.ibatis.session.defaults.DefaultSqlSession@6178ac9d]
Creating a new SqlSession
SqlSession [org.apache.ibatis.session.defaults.DefaultSqlSession@24fcfdb] was not registered for synchronization because synchronization is not active
JDBC Connection [HikariProxyConnection@49199879 wrapping conn0: url=jdbc:h2:mem:qiwen_file_test user=SA] will not be managed by Spring
==>  Preparing: SELECT COUNT( * ) AS total FROM file_type
==> Parameters: 
<==    Columns: TOTAL
<==        Row: 0
<==      Total: 1
Closing non transactional SqlSession [org.apache.ibatis.session.defaults.DefaultSqlSession@24fcfdb]
Creating a new SqlSession
SqlSession [org.apache.ibatis.session.defaults.DefaultSqlSession@4ab1ff80] was not registered for synchronization because synchronization is not active
JDBC Connection [HikariProxyConnection@1862972704 wrapping conn0: url=jdbc:h2:mem:qiwen_file_test user=SA] will not be managed by Spring
==>  Preparing: INSERT INTO file_type ( name, order_num ) VALUES ( ?, ? )
==> Parameters: 图片(String), 1(Integer)
<==    Updates: 1
Closing non transactional SqlSession [org.apache.ibatis.session.defaults.DefaultSqlSession@4ab1ff80]
Creating a new SqlSession
SqlSession [org.apache.ibatis.session.defaults.DefaultSqlSession@648639f1] was not registered for synchronization because synchronization is not active
JDBC Connection [HikariProxyConnection@879785129 wrapping conn0: url=jdbc:h2:mem:qiwen_file_test user=SA] will not be managed by Spring
==>  Preparing: INSERT INTO file_classification ( file_type_id, file_extend_name ) VALUES ( ?, ? )
==> Parameters: 1(Integer), jpg(String)
<==    Updates: 1
Closing non transactional SqlSession [org.apache.ibatis.session.defaults.DefaultSqlSession@648639f1]
Creating a new SqlSession
SqlSession [org.apache.ibatis.session.defaults.DefaultSqlSession@ba4c99c] was not registered for synchronization because synchronization is not active
JDBC Connection [HikariProxyConnection@1096333103 wrapping conn0: url=jdbc:h2:mem:qiwen_file_test user=SA] will not be managed by Spring
==>  Preparing: INSERT INTO file_classification ( file_type_id, file_extend_name ) VALUES ( ?, ? )
==> Parameters: 1(Integer), jpeg(String)
<==    Updates: 1
Closing non transactional SqlSession [org.apache.ibatis.session.defaults.DefaultSqlSession@ba4c99c]
Creating a new SqlSession
SqlSession [org.apache.ibatis.session.defaults.DefaultSqlSession@4d45b457] was not registered for synchronization because synchronization is not active
JDBC Connection [HikariProxyConnection@1544947170 wrapping conn0: url=jdbc:h2:mem:qiwen_file_test user=SA] will not be managed by Spring
==>  Preparing: INSERT INTO file_classification ( file_type_id, file_extend_name ) VALUES ( ?, ? )
==> Parameters: 1(Integer), png(String)
<==    Updates: 1
Closing non transactional SqlSession [org.apache.ibatis.session.defaults.DefaultSqlSession@4d45b457]
Creating a new SqlSession
SqlSession [org.apache.ibatis.session.defaults.DefaultSqlSession@71d3dfd5] was not registered for synchronization because synchronization is not active
JDBC Connection [HikariProxyConnection@1966534415 wrapping conn0: url=jdbc:h2:mem:qiwen_file_test user=SA] will not be managed by Spring
==>  Preparing: INSERT INTO file_classification ( file_type_id, file_extend_name ) VALUES ( ?, ? )
==> Parameters: 1(Integer), gif(String)
<==    Updates: 1
Closing non transactional SqlSession [org.apache.ibatis.session.defaults.DefaultSqlSession@71d3dfd5]
Creating a new SqlSession
SqlSession [org.apache.ibatis.session.defaults.DefaultSqlSession@15311af2] was not registered for synchronization because synchronization is not active
JDBC Connection [HikariProxyConnection@2036610211 wrapping conn0: url=jdbc:h2:mem:qiwen_file_test user=SA] will not be managed by Spring
==>  Preparing: INSERT INTO file_classification ( file_type_id, file_extend_name ) VALUES ( ?, ? )
==> Parameters: 1(Integer), bmp(String)
<==    Updates: 1
Closing non transactional SqlSession [org.apache.ibatis.session.defaults.DefaultSqlSession@15311af2]
Creating a new SqlSession
SqlSession [org.apache.ibatis.session.defaults.DefaultSqlSession@1626612d] was not registered for synchronization because synchronization is not active
JDBC Connection [HikariProxyConnection@893043183 wrapping conn0: url=jdbc:h2:mem:qiwen_file_test user=SA] will not be managed by Spring
==>  Preparing: INSERT INTO file_classification ( file_type_id, file_extend_name ) VALUES ( ?, ? )
==> Parameters: 1(Integer), webp(String)
<==    Updates: 1
Closing non transactional SqlSession [org.apache.ibatis.session.defaults.DefaultSqlSession@1626612d]
Creating a new SqlSession
SqlSession [org.apache.ibatis.session.defaults.DefaultSqlSession@72c8de78] was not registered for synchronization because synchronization is not active
JDBC Connection [HikariProxyConnection@579938664 wrapping conn0: url=jdbc:h2:mem:qiwen_file_test user=SA] will not be managed by Spring
==>  Preparing: INSERT INTO file_classification ( file_type_id, file_extend_name ) VALUES ( ?, ? )
==> Parameters: 1(Integer), svg(String)
<==    Updates: 1
Closing non transactional SqlSession [org.apache.ibatis.session.defaults.DefaultSqlSession@72c8de78]
Creating a new SqlSession
SqlSession [org.apache.ibatis.session.defaults.DefaultSqlSession@616b2b2] was not registered for synchronization because synchronization is not active
JDBC Connection [HikariProxyConnection@2059316944 wrapping conn0: url=jdbc:h2:mem:qiwen_file_test user=SA] will not be managed by Spring
==>  Preparing: INSERT INTO file_classification ( file_type_id, file_extend_name ) VALUES ( ?, ? )
==> Parameters: 1(Integer), ico(String)
<==    Updates: 1
Closing non transactional SqlSession [org.apache.ibatis.session.defaults.DefaultSqlSession@616b2b2]
Creating a new SqlSession
SqlSession [org.apache.ibatis.session.defaults.DefaultSqlSession@490e1017] was not registered for synchronization because synchronization is not active
JDBC Connection [HikariProxyConnection@769336846 wrapping conn0: url=jdbc:h2:mem:qiwen_file_test user=SA] will not be managed by Spring
==>  Preparing: INSERT INTO file_type ( name, order_num ) VALUES ( ?, ? )
==> Parameters: 文档(String), 2(Integer)
<==    Updates: 1
Closing non transactional SqlSession [org.apache.ibatis.session.defaults.DefaultSqlSession@490e1017]
Creating a new SqlSession
SqlSession [org.apache.ibatis.session.defaults.DefaultSqlSession@482040a] was not registered for synchronization because synchronization is not active
JDBC Connection [HikariProxyConnection@189129316 wrapping conn0: url=jdbc:h2:mem:qiwen_file_test user=SA] will not be managed by Spring
==>  Preparing: INSERT INTO file_classification ( file_type_id, file_extend_name ) VALUES ( ?, ? )
==> Parameters: 2(Integer), pdf(String)
<==    Updates: 1
Closing non transactional SqlSession [org.apache.ibatis.session.defaults.DefaultSqlSession@482040a]
Creating a new SqlSession
SqlSession [org.apache.ibatis.session.defaults.DefaultSqlSession@3272c5b3] was not registered for synchronization because synchronization is not active
JDBC Connection [HikariProxyConnection@1181576869 wrapping conn0: url=jdbc:h2:mem:qiwen_file_test user=SA] will not be managed by Spring
==>  Preparing: INSERT INTO file_classification ( file_type_id, file_extend_name ) VALUES ( ?, ? )
==> Parameters: 2(Integer), doc(String)
<==    Updates: 1
Closing non transactional SqlSession [org.apache.ibatis.session.defaults.DefaultSqlSession@3272c5b3]
Creating a new SqlSession
SqlSession [org.apache.ibatis.session.defaults.DefaultSqlSession@52db9036] was not registered for synchronization because synchronization is not active
JDBC Connection [HikariProxyConnection@1990790859 wrapping conn0: url=jdbc:h2:mem:qiwen_file_test user=SA] will not be managed by Spring
==>  Preparing: INSERT INTO file_classification ( file_type_id, file_extend_name ) VALUES ( ?, ? )
==> Parameters: 2(Integer), docx(String)
<==    Updates: 1
Closing non transactional SqlSession [org.apache.ibatis.session.defaults.DefaultSqlSession@52db9036]
Creating a new SqlSession
SqlSession [org.apache.ibatis.session.defaults.DefaultSqlSession@52d202f0] was not registered for synchronization because synchronization is not active
JDBC Connection [HikariProxyConnection@2145867337 wrapping conn0: url=jdbc:h2:mem:qiwen_file_test user=SA] will not be managed by Spring
==>  Preparing: INSERT INTO file_classification ( file_type_id, file_extend_name ) VALUES ( ?, ? )
==> Parameters: 2(Integer), xls(String)
<==    Updates: 1
Closing non transactional SqlSession [org.apache.ibatis.session.defaults.DefaultSqlSession@52d202f0]
Creating a new SqlSession
SqlSession [org.apache.ibatis.session.defaults.DefaultSqlSession@713323a3] was not registered for synchronization because synchronization is not active
JDBC Connection [HikariProxyConnection@1339208728 wrapping conn0: url=jdbc:h2:mem:qiwen_file_test user=SA] will not be managed by Spring
==>  Preparing: INSERT INTO file_classification ( file_type_id, file_extend_name ) VALUES ( ?, ? )
==> Parameters: 2(Integer), xlsx(String)
<==    Updates: 1
Closing non transactional SqlSession [org.apache.ibatis.session.defaults.DefaultSqlSession@713323a3]
Creating a new SqlSession
SqlSession [org.apache.ibatis.session.defaults.DefaultSqlSession@dd5ea90] was not registered for synchronization because synchronization is not active
JDBC Connection [HikariProxyConnection@1220911229 wrapping conn0: url=jdbc:h2:mem:qiwen_file_test user=SA] will not be managed by Spring
==>  Preparing: INSERT INTO file_classification ( file_type_id, file_extend_name ) VALUES ( ?, ? )
==> Parameters: 2(Integer), ppt(String)
<==    Updates: 1
Closing non transactional SqlSession [org.apache.ibatis.session.defaults.DefaultSqlSession@dd5ea90]
Creating a new SqlSession
SqlSession [org.apache.ibatis.session.defaults.DefaultSqlSession@2083bcfd] was not registered for synchronization because synchronization is not active
JDBC Connection [HikariProxyConnection@2058075777 wrapping conn0: url=jdbc:h2:mem:qiwen_file_test user=SA] will not be managed by Spring
==>  Preparing: INSERT INTO file_classification ( file_type_id, file_extend_name ) VALUES ( ?, ? )
==> Parameters: 2(Integer), pptx(String)
<==    Updates: 1
Closing non transactional SqlSession [org.apache.ibatis.session.defaults.DefaultSqlSession@2083bcfd]
Creating a new SqlSession
SqlSession [org.apache.ibatis.session.defaults.DefaultSqlSession@58885a2e] was not registered for synchronization because synchronization is not active
JDBC Connection [HikariProxyConnection@1026281226 wrapping conn0: url=jdbc:h2:mem:qiwen_file_test user=SA] will not be managed by Spring
==>  Preparing: INSERT INTO file_classification ( file_type_id, file_extend_name ) VALUES ( ?, ? )
==> Parameters: 2(Integer), txt(String)
<==    Updates: 1
Closing non transactional SqlSession [org.apache.ibatis.session.defaults.DefaultSqlSession@58885a2e]
Creating a new SqlSession
SqlSession [org.apache.ibatis.session.defaults.DefaultSqlSession@3dc976da] was not registered for synchronization because synchronization is not active
JDBC Connection [HikariProxyConnection@1585036790 wrapping conn0: url=jdbc:h2:mem:qiwen_file_test user=SA] will not be managed by Spring
==>  Preparing: INSERT INTO file_classification ( file_type_id, file_extend_name ) VALUES ( ?, ? )
==> Parameters: 2(Integer), md(String)
<==    Updates: 1
Closing non transactional SqlSession [org.apache.ibatis.session.defaults.DefaultSqlSession@3dc976da]
Creating a new SqlSession
SqlSession [org.apache.ibatis.session.defaults.DefaultSqlSession@495c4ce7] was not registered for synchronization because synchronization is not active
JDBC Connection [HikariProxyConnection@1042824986 wrapping conn0: url=jdbc:h2:mem:qiwen_file_test user=SA] will not be managed by Spring
==>  Preparing: INSERT INTO file_type ( name, order_num ) VALUES ( ?, ? )
==> Parameters: 视频(String), 3(Integer)
<==    Updates: 1
Closing non transactional SqlSession [org.apache.ibatis.session.defaults.DefaultSqlSession@495c4ce7]
Creating a new SqlSession
SqlSession [org.apache.ibatis.session.defaults.DefaultSqlSession@4821e1a3] was not registered for synchronization because synchronization is not active
JDBC Connection [HikariProxyConnection@1537504092 wrapping conn0: url=jdbc:h2:mem:qiwen_file_test user=SA] will not be managed by Spring
==>  Preparing: INSERT INTO file_classification ( file_type_id, file_extend_name ) VALUES ( ?, ? )
==> Parameters: 3(Integer), mp4(String)
<==    Updates: 1
Closing non transactional SqlSession [org.apache.ibatis.session.defaults.DefaultSqlSession@4821e1a3]
Creating a new SqlSession
SqlSession [org.apache.ibatis.session.defaults.DefaultSqlSession@70b437bb] was not registered for synchronization because synchronization is not active
JDBC Connection [HikariProxyConnection@253429336 wrapping conn0: url=jdbc:h2:mem:qiwen_file_test user=SA] will not be managed by Spring
==>  Preparing: INSERT INTO file_classification ( file_type_id, file_extend_name ) VALUES ( ?, ? )
==> Parameters: 3(Integer), avi(String)
<==    Updates: 1
Closing non transactional SqlSession [org.apache.ibatis.session.defaults.DefaultSqlSession@70b437bb]
Creating a new SqlSession
SqlSession [org.apache.ibatis.session.defaults.DefaultSqlSession@4870d2e1] was not registered for synchronization because synchronization is not active
JDBC Connection [HikariProxyConnection@808875552 wrapping conn0: url=jdbc:h2:mem:qiwen_file_test user=SA] will not be managed by Spring
==>  Preparing: INSERT INTO file_classification ( file_type_id, file_extend_name ) VALUES ( ?, ? )
==> Parameters: 3(Integer), mkv(String)
<==    Updates: 1
Closing non transactional SqlSession [org.apache.ibatis.session.defaults.DefaultSqlSession@4870d2e1]
Creating a new SqlSession
SqlSession [org.apache.ibatis.session.defaults.DefaultSqlSession@61ee9672] was not registered for synchronization because synchronization is not active
JDBC Connection [HikariProxyConnection@907044305 wrapping conn0: url=jdbc:h2:mem:qiwen_file_test user=SA] will not be managed by Spring
==>  Preparing: INSERT INTO file_classification ( file_type_id, file_extend_name ) VALUES ( ?, ? )
==> Parameters: 3(Integer), mov(String)
<==    Updates: 1
Closing non transactional SqlSession [org.apache.ibatis.session.defaults.DefaultSqlSession@61ee9672]
Creating a new SqlSession
SqlSession [org.apache.ibatis.session.defaults.DefaultSqlSession@78395e28] was not registered for synchronization because synchronization is not active
JDBC Connection [HikariProxyConnection@2067640441 wrapping conn0: url=jdbc:h2:mem:qiwen_file_test user=SA] will not be managed by Spring
==>  Preparing: INSERT INTO file_classification ( file_type_id, file_extend_name ) VALUES ( ?, ? )
==> Parameters: 3(Integer), wmv(String)
<==    Updates: 1
Closing non transactional SqlSession [org.apache.ibatis.session.defaults.DefaultSqlSession@78395e28]
Creating a new SqlSession
SqlSession [org.apache.ibatis.session.defaults.DefaultSqlSession@6ef5e46a] was not registered for synchronization because synchronization is not active
JDBC Connection [HikariProxyConnection@1534995080 wrapping conn0: url=jdbc:h2:mem:qiwen_file_test user=SA] will not be managed by Spring
==>  Preparing: INSERT INTO file_classification ( file_type_id, file_extend_name ) VALUES ( ?, ? )
==> Parameters: 3(Integer), flv(String)
<==    Updates: 1
Closing non transactional SqlSession [org.apache.ibatis.session.defaults.DefaultSqlSession@6ef5e46a]
Creating a new SqlSession
SqlSession [org.apache.ibatis.session.defaults.DefaultSqlSession@6984f7d1] was not registered for synchronization because synchronization is not active
JDBC Connection [HikariProxyConnection@2141994208 wrapping conn0: url=jdbc:h2:mem:qiwen_file_test user=SA] will not be managed by Spring
==>  Preparing: INSERT INTO file_classification ( file_type_id, file_extend_name ) VALUES ( ?, ? )
==> Parameters: 3(Integer), webm(String)
<==    Updates: 1
Closing non transactional SqlSession [org.apache.ibatis.session.defaults.DefaultSqlSession@6984f7d1]
Creating a new SqlSession
SqlSession [org.apache.ibatis.session.defaults.DefaultSqlSession@3e3b41cb] was not registered for synchronization because synchronization is not active
JDBC Connection [HikariProxyConnection@347805422 wrapping conn0: url=jdbc:h2:mem:qiwen_file_test user=SA] will not be managed by Spring
==>  Preparing: INSERT INTO file_type ( name, order_num ) VALUES ( ?, ? )
==> Parameters: 音乐(String), 4(Integer)
<==    Updates: 1
Closing non transactional SqlSession [org.apache.ibatis.session.defaults.DefaultSqlSession@3e3b41cb]
Creating a new SqlSession
SqlSession [org.apache.ibatis.session.defaults.DefaultSqlSession@5acf51d7] was not registered for synchronization because synchronization is not active
JDBC Connection [HikariProxyConnection@1142566226 wrapping conn0: url=jdbc:h2:mem:qiwen_file_test user=SA] will not be managed by Spring
==>  Preparing: INSERT INTO file_classification ( file_type_id, file_extend_name ) VALUES ( ?, ? )
==> Parameters: 4(Integer), mp3(String)
<==    Updates: 1
Closing non transactional SqlSession [org.apache.ibatis.session.defaults.DefaultSqlSession@5acf51d7]
Creating a new SqlSession
SqlSession [org.apache.ibatis.session.defaults.DefaultSqlSession@204b1903] was not registered for synchronization because synchronization is not active
JDBC Connection [HikariProxyConnection@1821075330 wrapping conn0: url=jdbc:h2:mem:qiwen_file_test user=SA] will not be managed by Spring
==>  Preparing: INSERT INTO file_classification ( file_type_id, file_extend_name ) VALUES ( ?, ? )
==> Parameters: 4(Integer), wav(String)
<==    Updates: 1
Closing non transactional SqlSession [org.apache.ibatis.session.defaults.DefaultSqlSession@204b1903]
Creating a new SqlSession
SqlSession [org.apache.ibatis.session.defaults.DefaultSqlSession@4ceac22d] was not registered for synchronization because synchronization is not active
JDBC Connection [HikariProxyConnection@1502545503 wrapping conn0: url=jdbc:h2:mem:qiwen_file_test user=SA] will not be managed by Spring
==>  Preparing: INSERT INTO file_classification ( file_type_id, file_extend_name ) VALUES ( ?, ? )
==> Parameters: 4(Integer), flac(String)
<==    Updates: 1
Closing non transactional SqlSession [org.apache.ibatis.session.defaults.DefaultSqlSession@4ceac22d]
Creating a new SqlSession
SqlSession [org.apache.ibatis.session.defaults.DefaultSqlSession@21f48f6c] was not registered for synchronization because synchronization is not active
JDBC Connection [HikariProxyConnection@376724391 wrapping conn0: url=jdbc:h2:mem:qiwen_file_test user=SA] will not be managed by Spring
==>  Preparing: INSERT INTO file_classification ( file_type_id, file_extend_name ) VALUES ( ?, ? )
==> Parameters: 4(Integer), aac(String)
<==    Updates: 1
Closing non transactional SqlSession [org.apache.ibatis.session.defaults.DefaultSqlSession@21f48f6c]
Creating a new SqlSession
SqlSession [org.apache.ibatis.session.defaults.DefaultSqlSession@c9518ee] was not registered for synchronization because synchronization is not active
JDBC Connection [HikariProxyConnection@755583709 wrapping conn0: url=jdbc:h2:mem:qiwen_file_test user=SA] will not be managed by Spring
==>  Preparing: INSERT INTO file_classification ( file_type_id, file_extend_name ) VALUES ( ?, ? )
==> Parameters: 4(Integer), ogg(String)
<==    Updates: 1
Closing non transactional SqlSession [org.apache.ibatis.session.defaults.DefaultSqlSession@c9518ee]
Creating a new SqlSession
SqlSession [org.apache.ibatis.session.defaults.DefaultSqlSession@28833fff] was not registered for synchronization because synchronization is not active
JDBC Connection [HikariProxyConnection@471785515 wrapping conn0: url=jdbc:h2:mem:qiwen_file_test user=SA] will not be managed by Spring
==>  Preparing: INSERT INTO file_classification ( file_type_id, file_extend_name ) VALUES ( ?, ? )
==> Parameters: 4(Integer), wma(String)
<==    Updates: 1
Closing non transactional SqlSession [org.apache.ibatis.session.defaults.DefaultSqlSession@28833fff]
Creating a new SqlSession
SqlSession [org.apache.ibatis.session.defaults.DefaultSqlSession@3868c92e] was not registered for synchronization because synchronization is not active
JDBC Connection [HikariProxyConnection@1607476060 wrapping conn0: url=jdbc:h2:mem:qiwen_file_test user=SA] will not be managed by Spring
==>  Preparing: INSERT INTO file_type ( name, order_num ) VALUES ( ?, ? )
==> Parameters: 其他(String), 5(Integer)
<==    Updates: 1
Closing non transactional SqlSession [org.apache.ibatis.session.defaults.DefaultSqlSession@3868c92e]
Creating a new SqlSession
SqlSession [org.apache.ibatis.session.defaults.DefaultSqlSession@6e1d939e] was not registered for synchronization because synchronization is not active
JDBC Connection [HikariProxyConnection@90778062 wrapping conn0: url=jdbc:h2:mem:qiwen_file_test user=SA] will not be managed by Spring
==>  Preparing: INSERT INTO file_classification ( file_type_id, file_extend_name ) VALUES ( ?, ? )
==> Parameters: 5(Integer), (String)
<==    Updates: 1
Closing non transactional SqlSession [org.apache.ibatis.session.defaults.DefaultSqlSession@6e1d939e]
2026-06-29T13:14:18.320+08:00  INFO 7300 --- [qiwen-file] [           main] o.s.s.web.DefaultSecurityFilterChain     : Will secure any request with [org.springframework.security.web.session.DisableEncodeUrlFilter@549561ab, org.springframework.security.web.context.request.async.WebAsyncManagerIntegrationFilter@785aeba9, org.springframework.security.web.context.SecurityContextHolderFilter@4bcff08c, org.springframework.security.web.header.HeaderWriterFilter@1ca574db, org.springframework.web.filter.CorsFilter@1bd98c48, org.springframework.security.web.authentication.logout.LogoutFilter@736905fe, com.qiwenshare.file.config.security.JwtAuthFilter@2e2a2b07, org.springframework.security.web.savedrequest.RequestCacheAwareFilter@38bb297, org.springframework.security.web.servletapi.SecurityContextHolderAwareRequestFilter@6c96e1d5, org.springframework.security.web.authentication.AnonymousAuthenticationFilter@5d9ccad2, org.springframework.security.web.session.SessionManagementFilter@6195e7d5, org.springframework.security.web.access.ExceptionTranslationFilter@124ba047, org.springframework.security.web.access.intercept.AuthorizationFilter@5f2788f2]
2026-06-29T13:14:22.258+08:00 DEBUG 7300 --- [qiwen-file] [           main] c.q.file.config.security.JwtAuthFilter   : Filter 'jwtAuthFilter' configured for use
2026-06-29T13:14:22.263+08:00  INFO 7300 --- [qiwen-file] [           main] o.s.b.t.m.w.SpringBootMockServletContext : Initializing Spring TestDispatcherServlet ''
2026-06-29T13:14:22.265+08:00  INFO 7300 --- [qiwen-file] [           main] o.s.t.web.servlet.TestDispatcherServlet  : Initializing Servlet ''
2026-06-29T13:14:22.269+08:00  INFO 7300 --- [qiwen-file] [           main] o.s.t.web.servlet.TestDispatcherServlet  : Completed initialization in 3 ms
2026-06-29T13:14:22.368+08:00  INFO 7300 --- [qiwen-file] [           main] com.qiwenshare.file.FilePreviewTest      : Started FilePreviewTest in 43.551 seconds (process running for 48.271)
Creating a new SqlSession
Registering transaction synchronization for SqlSession [org.apache.ibatis.session.defaults.DefaultSqlSession@67b7b892]
JDBC Connection [HikariProxyConnection@604285754 wrapping conn0: url=jdbc:h2:mem:qiwen_file_test user=SA] will be managed by Spring
==>  Preparing: SELECT id,file_name,file_path,file_size,file_type,is_folder,parent_path,user_id,deleted,create_time,update_time FROM file_bean WHERE deleted=0 AND (file_path = ?)
==> Parameters: /preview-test-1782710064191.txt(String)
<==      Total: 0
Releasing transactional SqlSession [org.apache.ibatis.session.defaults.DefaultSqlSession@67b7b892]
Fetched SqlSession [org.apache.ibatis.session.defaults.DefaultSqlSession@67b7b892] from current transaction
==>  Preparing: INSERT INTO file_bean ( id, file_name, file_path, file_size, file_type, is_folder, parent_path, user_id, deleted, create_time, update_time ) VALUES ( ?, ?, ?, ?, ?, ?, ?, ?, ?, ?, ? )
==> Parameters: 2071462264494170112(String), test.txt(String), /preview-test-1782710064191.txt(String), 100(Long), text/plain(String), false(Boolean), /(String), user001(String), 0(Integer), 2026-06-29T13:14:24.420734300(LocalDateTime), 2026-06-29T13:14:24.420734300(LocalDateTime)
<==    Updates: 1
Releasing transactional SqlSession [org.apache.ibatis.session.defaults.DefaultSqlSession@67b7b892]
Fetched SqlSession [org.apache.ibatis.session.defaults.DefaultSqlSession@67b7b892] from current transaction
==>  Preparing: SELECT id,file_id,version,file_name,file_path,file_size,storage_path,user_id,create_time FROM file_version WHERE (file_id = ?) ORDER BY version DESC LIMIT 1
==> Parameters: 2071462264494170112(String)
<==      Total: 0
Releasing transactional SqlSession [org.apache.ibatis.session.defaults.DefaultSqlSession@67b7b892]
Fetched SqlSession [org.apache.ibatis.session.defaults.DefaultSqlSession@67b7b892] from current transaction
==>  Preparing: INSERT INTO file_version ( id, file_id, version, file_name, file_path, file_size, storage_path, user_id, create_time ) VALUES ( ?, ?, ?, ?, ?, ?, ?, ?, ? )
==> Parameters: 2071462264611610624(String), 2071462264494170112(String), 1(Integer), test.txt(String), /preview-test-1782710064191.txt(String), 100(Long), /preview-test-1782710064191.txt(String), user001(String), 2026-06-29T13:14:24.448662100(LocalDateTime)
<==    Updates: 1
Releasing transactional SqlSession [org.apache.ibatis.session.defaults.DefaultSqlSession@67b7b892]
Fetched SqlSession [org.apache.ibatis.session.defaults.DefaultSqlSession@67b7b892] from current transaction
==>  Preparing: SELECT id,file_id,version,file_name,file_path,file_size,storage_path,user_id,create_time FROM file_version WHERE (file_id = ?) ORDER BY version DESC
==> Parameters: 2071462264494170112(String)
<==    Columns: ID, FILE_ID, VERSION, FILE_NAME, FILE_PATH, FILE_SIZE, STORAGE_PATH, USER_ID, CREATE_TIME
<==        Row: 2071462264611610624, 2071462264494170112, 1, test.txt, /preview-test-1782710064191.txt, 100, /preview-test-1782710064191.txt, user001, 2026-06-29 13:14:24.448662
<==      Total: 1
Releasing transactional SqlSession [org.apache.ibatis.session.defaults.DefaultSqlSession@67b7b892]
2026-06-29T13:14:24.621+08:00 ERROR 7300 --- [qiwen-file] [           main] c.q.file.service.FileSearchService       : ES 索引创建失败: Connection refused: getsockopt
Fetched SqlSession [org.apache.ibatis.session.defaults.DefaultSqlSession@67b7b892] from current transaction
==>  Preparing: SELECT id,file_name,file_path,file_size,file_type,is_folder,parent_path,user_id,deleted,create_time,update_time FROM file_bean WHERE id=? AND deleted=0
==> Parameters: 2071462264494170112(String)
<==    Columns: ID, FILE_NAME, FILE_PATH, FILE_SIZE, FILE_TYPE, IS_FOLDER, PARENT_PATH, USER_ID, DELETED, CREATE_TIME, UPDATE_TIME
<==        Row: 2071462264494170112, test.txt, /preview-test-1782710064191.txt, 100, text/plain, FALSE, /, user001, 0, 2026-06-29 13:14:24.420734, 2026-06-29 13:14:24.420734
<==      Total: 1
Releasing transactional SqlSession [org.apache.ibatis.session.defaults.DefaultSqlSession@67b7b892]
Transaction synchronization deregistering SqlSession [org.apache.ibatis.session.defaults.DefaultSqlSession@67b7b892]
Transaction synchronization closing SqlSession [org.apache.ibatis.session.defaults.DefaultSqlSession@67b7b892]
]]></system-out>
  </testcase>
  <testcase name="testPreviewText" classname="com.qiwenshare.file.FilePreviewTest" time="2.089">
    <system-out><![CDATA[Creating a new SqlSession
Registering transaction synchronization for SqlSession [org.apache.ibatis.session.defaults.DefaultSqlSession@3a1d3fed]
JDBC Connection [HikariProxyConnection@1839167654 wrapping conn0: url=jdbc:h2:mem:qiwen_file_test user=SA] will be managed by Spring
==>  Preparing: SELECT id,file_name,file_path,file_size,file_type,is_folder,parent_path,user_id,deleted,create_time,update_time FROM file_bean WHERE deleted=0 AND (file_path = ?)
==> Parameters: /preview-test-1782710064964.txt(String)
<==      Total: 0
Releasing transactional SqlSession [org.apache.ibatis.session.defaults.DefaultSqlSession@3a1d3fed]
Fetched SqlSession [org.apache.ibatis.session.defaults.DefaultSqlSession@3a1d3fed] from current transaction
==>  Preparing: INSERT INTO file_bean ( id, file_name, file_path, file_size, file_type, is_folder, parent_path, user_id, deleted, create_time, update_time ) VALUES ( ?, ?, ?, ?, ?, ?, ?, ?, ?, ?, ? )
==> Parameters: 2071462266813620224(String), test.txt(String), /preview-test-1782710064964.txt(String), 100(Long), text/plain(String), false(Boolean), /(String), user001(String), 0(Integer), 2026-06-29T13:14:24.973257300(LocalDateTime), 2026-06-29T13:14:24.973257300(LocalDateTime)
<==    Updates: 1
Releasing transactional SqlSession [org.apache.ibatis.session.defaults.DefaultSqlSession@3a1d3fed]
Fetched SqlSession [org.apache.ibatis.session.defaults.DefaultSqlSession@3a1d3fed] from current transaction
==>  Preparing: SELECT id,file_id,version,file_name,file_path,file_size,storage_path,user_id,create_time FROM file_version WHERE (file_id = ?) ORDER BY version DESC LIMIT 1
==> Parameters: 2071462266813620224(String)
<==      Total: 0
Releasing transactional SqlSession [org.apache.ibatis.session.defaults.DefaultSqlSession@3a1d3fed]
Fetched SqlSession [org.apache.ibatis.session.defaults.DefaultSqlSession@3a1d3fed] from current transaction
==>  Preparing: INSERT INTO file_version ( id, file_id, version, file_name, file_path, file_size, storage_path, user_id, create_time ) VALUES ( ?, ?, ?, ?, ?, ?, ?, ?, ? )
==> Parameters: 2071462266952032256(String), 2071462266813620224(String), 1(Integer), test.txt(String), /preview-test-1782710064964.txt(String), 100(Long), /preview-test-1782710064964.txt(String), user001(String), 2026-06-29T13:14:25.006170(LocalDateTime)
<==    Updates: 1
Releasing transactional SqlSession [org.apache.ibatis.session.defaults.DefaultSqlSession@3a1d3fed]
Fetched SqlSession [org.apache.ibatis.session.defaults.DefaultSqlSession@3a1d3fed] from current transaction
==>  Preparing: SELECT id,file_id,version,file_name,file_path,file_size,storage_path,user_id,create_time FROM file_version WHERE (file_id = ?) ORDER BY version DESC
==> Parameters: 2071462266813620224(String)
<==    Columns: ID, FILE_ID, VERSION, FILE_NAME, FILE_PATH, FILE_SIZE, STORAGE_PATH, USER_ID, CREATE_TIME
<==        Row: 2071462266952032256, 2071462266813620224, 1, test.txt, /preview-test-1782710064964.txt, 100, /preview-test-1782710064964.txt, user001, 2026-06-29 13:14:25.00617
<==      Total: 1
Releasing transactional SqlSession [org.apache.ibatis.session.defaults.DefaultSqlSession@3a1d3fed]
2026-06-29T13:14:25.934+08:00 ERROR 7300 --- [qiwen-file] [           main] c.q.file.service.FileSearchService       : ES 索引创建失败: Connection refused: getsockopt
Fetched SqlSession [org.apache.ibatis.session.defaults.DefaultSqlSession@3a1d3fed] from current transaction
==>  Preparing: SELECT id,file_name,file_path,file_size,file_type,is_folder,parent_path,user_id,deleted,create_time,update_time FROM file_bean WHERE id=? AND deleted=0
==> Parameters: 2071462266813620224(String)
<==    Columns: ID, FILE_NAME, FILE_PATH, FILE_SIZE, FILE_TYPE, IS_FOLDER, PARENT_PATH, USER_ID, DELETED, CREATE_TIME, UPDATE_TIME
<==        Row: 2071462266813620224, test.txt, /preview-test-1782710064964.txt, 100, text/plain, FALSE, /, user001, 0, 2026-06-29 13:14:24.973257, 2026-06-29 13:14:24.973257
<==      Total: 1
Releasing transactional SqlSession [org.apache.ibatis.session.defaults.DefaultSqlSession@3a1d3fed]
Transaction synchronization deregistering SqlSession [org.apache.ibatis.session.defaults.DefaultSqlSession@3a1d3fed]
Transaction synchronization closing SqlSession [org.apache.ibatis.session.defaults.DefaultSqlSession@3a1d3fed]
]]></system-out>
  </testcase>
  <testcase name="testPreviewTextNotFound" classname="com.qiwenshare.file.FilePreviewTest" time="0.838">
    <system-out><![CDATA[Creating a new SqlSession
Registering transaction synchronization for SqlSession [org.apache.ibatis.session.defaults.DefaultSqlSession@30967756]
JDBC Connection [HikariProxyConnection@983177951 wrapping conn0: url=jdbc:h2:mem:qiwen_file_test user=SA] will be managed by Spring
==>  Preparing: SELECT id,file_name,file_path,file_size,file_type,is_folder,parent_path,user_id,deleted,create_time,update_time FROM file_bean WHERE deleted=0 AND (file_path = ?)
==> Parameters: /preview-test-1782710067053.txt(String)
<==      Total: 0
Releasing transactional SqlSession [org.apache.ibatis.session.defaults.DefaultSqlSession@30967756]
Fetched SqlSession [org.apache.ibatis.session.defaults.DefaultSqlSession@30967756] from current transaction
==>  Preparing: INSERT INTO file_bean ( id, file_name, file_path, file_size, file_type, is_folder, parent_path, user_id, deleted, create_time, update_time ) VALUES ( ?, ?, ?, ?, ?, ?, ?, ?, ?, ?, ? )
==> Parameters: 2071462275579715584(String), test.txt(String), /preview-test-1782710067053.txt(String), 100(Long), text/plain(String), false(Boolean), /(String), user001(String), 0(Integer), 2026-06-29T13:14:27.063670800(LocalDateTime), 2026-06-29T13:14:27.063670800(LocalDateTime)
<==    Updates: 1
Releasing transactional SqlSession [org.apache.ibatis.session.defaults.DefaultSqlSession@30967756]
Fetched SqlSession [org.apache.ibatis.session.defaults.DefaultSqlSession@30967756] from current transaction
==>  Preparing: SELECT id,file_id,version,file_name,file_path,file_size,storage_path,user_id,create_time FROM file_version WHERE (file_id = ?) ORDER BY version DESC LIMIT 1
==> Parameters: 2071462275579715584(String)
<==      Total: 0
Releasing transactional SqlSession [org.apache.ibatis.session.defaults.DefaultSqlSession@30967756]
Fetched SqlSession [org.apache.ibatis.session.defaults.DefaultSqlSession@30967756] from current transaction
==>  Preparing: INSERT INTO file_version ( id, file_id, version, file_name, file_path, file_size, storage_path, user_id, create_time ) VALUES ( ?, ?, ?, ?, ?, ?, ?, ?, ? )
==> Parameters: 2071462275600687104(String), 2071462275579715584(String), 1(Integer), test.txt(String), /preview-test-1782710067053.txt(String), 100(Long), /preview-test-1782710067053.txt(String), user001(String), 2026-06-29T13:14:27.068655800(LocalDateTime)
<==    Updates: 1
Releasing transactional SqlSession [org.apache.ibatis.session.defaults.DefaultSqlSession@30967756]
Fetched SqlSession [org.apache.ibatis.session.defaults.DefaultSqlSession@30967756] from current transaction
==>  Preparing: SELECT id,file_id,version,file_name,file_path,file_size,storage_path,user_id,create_time FROM file_version WHERE (file_id = ?) ORDER BY version DESC
==> Parameters: 2071462275579715584(String)
<==    Columns: ID, FILE_ID, VERSION, FILE_NAME, FILE_PATH, FILE_SIZE, STORAGE_PATH, USER_ID, CREATE_TIME
<==        Row: 2071462275600687104, 2071462275579715584, 1, test.txt, /preview-test-1782710067053.txt, 100, /preview-test-1782710067053.txt, user001, 2026-06-29 13:14:27.068656
<==      Total: 1
Releasing transactional SqlSession [org.apache.ibatis.session.defaults.DefaultSqlSession@30967756]
2026-06-29T13:14:27.084+08:00 ERROR 7300 --- [qiwen-file] [           main] c.q.file.service.FileSearchService       : ES 索引创建失败: Connection refused: getsockopt
Fetched SqlSession [org.apache.ibatis.session.defaults.DefaultSqlSession@30967756] from current transaction
==>  Preparing: SELECT id,file_name,file_path,file_size,file_type,is_folder,parent_path,user_id,deleted,create_time,update_time FROM file_bean WHERE id=? AND deleted=0
==> Parameters: nonexistent-id(String)
<==      Total: 0
Releasing transactional SqlSession [org.apache.ibatis.session.defaults.DefaultSqlSession@30967756]
Transaction synchronization deregistering SqlSession [org.apache.ibatis.session.defaults.DefaultSqlSession@30967756]
Transaction synchronization closing SqlSession [org.apache.ibatis.session.defaults.DefaultSqlSession@30967756]
]]></system-out>
  </testcase>
  <testcase name="testPreviewNotFound" classname="com.qiwenshare.file.FilePreviewTest" time="0.358">
    <system-out><![CDATA[Creating a new SqlSession
Registering transaction synchronization for SqlSession [org.apache.ibatis.session.defaults.DefaultSqlSession@1278c48f]
JDBC Connection [HikariProxyConnection@1902985859 wrapping conn0: url=jdbc:h2:mem:qiwen_file_test user=SA] will be managed by Spring
==>  Preparing: SELECT id,file_name,file_path,file_size,file_type,is_folder,parent_path,user_id,deleted,create_time,update_time FROM file_bean WHERE deleted=0 AND (file_path = ?)
==> Parameters: /preview-test-1782710067905.txt(String)
<==      Total: 0
Releasing transactional SqlSession [org.apache.ibatis.session.defaults.DefaultSqlSession@1278c48f]
Fetched SqlSession [org.apache.ibatis.session.defaults.DefaultSqlSession@1278c48f] from current transaction
==>  Preparing: INSERT INTO file_bean ( id, file_name, file_path, file_size, file_type, is_folder, parent_path, user_id, deleted, create_time, update_time ) VALUES ( ?, ?, ?, ?, ?, ?, ?, ?, ?, ?, ? )
==> Parameters: 2071462279174234112(String), test.txt(String), /preview-test-1782710067905.txt(String), 100(Long), text/plain(String), false(Boolean), /(String), user001(String), 0(Integer), 2026-06-29T13:14:27.920379900(LocalDateTime), 2026-06-29T13:14:27.920379900(LocalDateTime)
<==    Updates: 1
Releasing transactional SqlSession [org.apache.ibatis.session.defaults.DefaultSqlSession@1278c48f]
Fetched SqlSession [org.apache.ibatis.session.defaults.DefaultSqlSession@1278c48f] from current transaction
==>  Preparing: SELECT id,file_id,version,file_name,file_path,file_size,storage_path,user_id,create_time FROM file_version WHERE (file_id = ?) ORDER BY version DESC LIMIT 1
==> Parameters: 2071462279174234112(String)
<==      Total: 0
Releasing transactional SqlSession [org.apache.ibatis.session.defaults.DefaultSqlSession@1278c48f]
Fetched SqlSession [org.apache.ibatis.session.defaults.DefaultSqlSession@1278c48f] from current transaction
==>  Preparing: INSERT INTO file_version ( id, file_id, version, file_name, file_path, file_size, storage_path, user_id, create_time ) VALUES ( ?, ?, ?, ?, ?, ?, ?, ?, ? )
==> Parameters: 2071462279245537280(String), 2071462279174234112(String), 1(Integer), test.txt(String), /preview-test-1782710067905.txt(String), 100(Long), /preview-test-1782710067905.txt(String), user001(String), 2026-06-29T13:14:27.937336400(LocalDateTime)
<==    Updates: 1
Releasing transactional SqlSession [org.apache.ibatis.session.defaults.DefaultSqlSession@1278c48f]
Fetched SqlSession [org.apache.ibatis.session.defaults.DefaultSqlSession@1278c48f] from current transaction
==>  Preparing: SELECT id,file_id,version,file_name,file_path,file_size,storage_path,user_id,create_time FROM file_version WHERE (file_id = ?) ORDER BY version DESC
==> Parameters: 2071462279174234112(String)
<==    Columns: ID, FILE_ID, VERSION, FILE_NAME, FILE_PATH, FILE_SIZE, STORAGE_PATH, USER_ID, CREATE_TIME
<==        Row: 2071462279245537280, 2071462279174234112, 1, test.txt, /preview-test-1782710067905.txt, 100, /preview-test-1782710067905.txt, user001, 2026-06-29 13:14:27.937336
<==      Total: 1
Releasing transactional SqlSession [org.apache.ibatis.session.defaults.DefaultSqlSession@1278c48f]
2026-06-29T13:14:27.962+08:00 ERROR 7300 --- [qiwen-file] [           main] c.q.file.service.FileSearchService       : ES 索引创建失败: Connection refused: getsockopt
Fetched SqlSession [org.apache.ibatis.session.defaults.DefaultSqlSession@1278c48f] from current transaction
==>  Preparing: SELECT id,file_name,file_path,file_size,file_type,is_folder,parent_path,user_id,deleted,create_time,update_time FROM file_bean WHERE id=? AND deleted=0
==> Parameters: nonexistent-id(String)
<==      Total: 0
Releasing transactional SqlSession [org.apache.ibatis.session.defaults.DefaultSqlSession@1278c48f]
Transaction synchronization deregistering SqlSession [org.apache.ibatis.session.defaults.DefaultSqlSession@1278c48f]
Transaction synchronization closing SqlSession [org.apache.ibatis.session.defaults.DefaultSqlSession@1278c48f]
]]></system-out>
  </testcase>
</testsuite>