<?xml version="1.0" encoding="UTF-8"?>
<testsuite xmlns:xsi="http://www.w3.org/2001/XMLSchema-instance" xsi:noNamespaceSchemaLocation="https://maven.apache.org/surefire/maven-surefire-plugin/xsd/surefire-test-report-3.0.xsd" version="3.0" name="com.qiwenshare.file.FileServiceTest" time="9.886" tests="6" errors="0" skipped="1" failures="0">
  <properties>
[...]
</properties>
  <testcase name="testCreateFolder" classname="com.qiwenshare.file.FileServiceTest" time="0.071">
    <system-out><![CDATA[2026-06-29T13:50:29.467+08:00  INFO 4052 --- [qiwen-file] [           main] t.c.s.AnnotationConfigContextLoaderUtils : Could not detect default configuration classes for test class [com.qiwenshare.file.FileServiceTest]: FileServiceTest does not declare any static, non-private, non-final, nested classes annotated with @Configuration.
2026-06-29T13:50:29.483+08:00  INFO 4052 --- [qiwen-file] [           main] .b.t.c.SpringBootTestContextBootstrapper : Found @SpringBootConfiguration com.qiwenshare.file.FileApplication for test class com.qiwenshare.file.FileServiceTest

  .   ____          _            __ _ _
 /\\ / ___'_ __ _ _(_)_ __  __ _ \ \ \ \
( ( )\___ | '_ | '_| | '_ \/ _` | \ \ \ \
 \\/  ___)| |_)| | | | | || (_| |  ) ) ) )
  '  |____| .__|_| |_|_| |_\__, | / / / /
 =========|_|==============|___/=/_/_/_/
 :: Spring Boot ::                (v3.2.5)

2026-06-29T13:50:29.658+08:00  INFO 4052 --- [qiwen-file] [           main] com.qiwenshare.file.FileServiceTest      : Starting FileServiceTest using Java 17.0.18 with PID 4052 (started by Administrator in E:\file-upgrade\qiwen-file)
2026-06-29T13:50:29.666+08:00 DEBUG 4052 --- [qiwen-file] [           main] com.qiwenshare.file.FileServiceTest      : Running with Spring Boot v3.2.5, Spring v6.1.6
2026-06-29T13:50:29.666+08:00  INFO 4052 --- [qiwen-file] [           main] com.qiwenshare.file.FileServiceTest      : The following 1 profile is active: "test"
2026-06-29T13:50:31.652+08:00  INFO 4052 --- [qiwen-file] [           main] .s.d.r.c.RepositoryConfigurationDelegate : Multiple Spring Data modules found, entering strict repository configuration mode
2026-06-29T13:50:31.652+08:00  INFO 4052 --- [qiwen-file] [           main] .s.d.r.c.RepositoryConfigurationDelegate : Bootstrapping Spring Data JPA repositories in DEFAULT mode.
2026-06-29T13:50:31.700+08:00  INFO 4052 --- [qiwen-file] [           main] .s.d.r.c.RepositoryConfigurationDelegate : Finished Spring Data repository scanning in 47 ms. Found 0 JPA repository interfaces.
2026-06-29T13:50:31.736+08:00  INFO 4052 --- [qiwen-file] [           main] .s.d.r.c.RepositoryConfigurationDelegate : Multiple Spring Data modules found, entering strict repository configuration mode
2026-06-29T13:50:31.738+08:00  INFO 4052 --- [qiwen-file] [           main] .s.d.r.c.RepositoryConfigurationDelegate : Bootstrapping Spring Data Redis repositories in DEFAULT mode.
2026-06-29T13:50:31.764+08:00  INFO 4052 --- [qiwen-file] [           main] .s.d.r.c.RepositoryConfigurationDelegate : Finished Spring Data repository scanning in 16 ms. Found 0 Redis repository interfaces.
2026-06-29T13:50:32.548+08:00  INFO 4052 --- [qiwen-file] [           main] o.hibernate.jpa.internal.util.LogHelper  : HHH000204: Processing PersistenceUnitInfo [name: default]
2026-06-29T13:50:32.554+08:00  INFO 4052 --- [qiwen-file] [           main] o.h.c.internal.RegionFactoryInitiator    : HHH000026: Second-level cache disabled
2026-06-29T13:50:32.582+08:00  INFO 4052 --- [qiwen-file] [           main] o.s.o.j.p.SpringPersistenceUnitInfo      : No LoadTimeWeaver setup: ignoring JPA class transformer
2026-06-29T13:50:32.584+08:00  INFO 4052 --- [qiwen-file] [           main] com.zaxxer.hikari.HikariDataSource       : HikariPool-2 - Starting...
2026-06-29T13:50:32.599+08:00  INFO 4052 --- [qiwen-file] [           main] com.zaxxer.hikari.pool.HikariPool        : HikariPool-2 - Added connection conn10: url=jdbc:h2:mem:qiwen_file_test user=SA
2026-06-29T13:50:32.599+08:00  INFO 4052 --- [qiwen-file] [           main] com.zaxxer.hikari.HikariDataSource       : HikariPool-2 - Start completed.
2026-06-29T13:50:32.600+08:00  WARN 4052 --- [qiwen-file] [           main] org.hibernate.orm.deprecation            : HHH90000025: H2Dialect does not need to be specified explicitly using 'hibernate.dialect' (remove the property setting and it will be selected by default)
2026-06-29T13:50:33.990+08:00  INFO 4052 --- [qiwen-file] [           main] o.h.e.t.j.p.i.JtaPlatformInitiator       : HHH000489: No JTA platform available (set 'hibernate.transaction.jta.platform' to enable JTA platform integration)
Hibernate: 
    drop table if exists file_bean cascade 
Hibernate: 
    drop table if exists file_classification cascade 
Hibernate: 
    drop table if exists file_type cascade 
Hibernate: 
    drop table if exists file_version cascade 
Hibernate: 
    drop table if exists notice cascade 
Hibernate: 
    drop table if exists permission cascade 
Hibernate: 
    drop table if exists qiwen_user cascade 
Hibernate: 
    drop table if exists role cascade 
Hibernate: 
    drop table if exists role_permission cascade 
Hibernate: 
    drop table if exists share_file cascade 
Hibernate: 
    drop table if exists sys_config cascade 
Hibernate: 
    drop table if exists upload_task cascade 
Hibernate: 
    drop table if exists user_role cascade 
Hibernate: 
    create table file_bean (
        deleted integer,
        is_folder boolean,
        create_time timestamp(6),
        file_size bigint,
        update_time timestamp(6),
        file_name varchar(255),
        file_path varchar(255),
        file_type varchar(255),
        id varchar(255) not null,
        parent_path varchar(255),
        user_id varchar(255),
        primary key (id)
    )
Hibernate: 
    create table file_classification (
        file_type_id integer,
        id integer generated by default as identity,
        file_extend_name varchar(255),
        primary key (id)
    )
Hibernate: 
    create table file_type (
        id integer generated by default as identity,
        order_num integer,
        name varchar(255),
        primary key (id)
    )
Hibernate: 
    create table file_version (
        version integer,
        create_time timestamp(6),
        file_size bigint,
        file_id varchar(255),
        file_name varchar(255),
        file_path varchar(255),
        id varchar(255) not null,
        storage_path varchar(255),
        user_id varchar(255),
        primary key (id)
    )
Hibernate: 
    create table notice (
        is_long_valid_data integer,
        platform integer,
        id bigint generated by default as identity,
        content varchar(255),
        create_time varchar(255),
        create_user_id varchar(255),
        markdown_content varchar(255),
        modify_time varchar(255),
        modify_user_id varchar(255),
        title varchar(255),
        valid_date_time varchar(255),
        primary key (id)
    )
Hibernate: 
    create table permission (
        order_num integer,
        resource_type integer,
        parent_id bigint,
        permission_id bigint generated by default as identity,
        permission_code varchar(255),
        permission_name varchar(255),
        primary key (permission_id)
    )
Hibernate: 
    create table qiwen_user (
        status integer,
        create_time timestamp(6),
        update_time timestamp(6),
        avatar varchar(255),
        email varchar(255),
        id varchar(255) not null,
        nickname varchar(255),
        password varchar(255),
        phone varchar(255),
        role varchar(255),
        username varchar(255),
        primary key (id)
    )
Hibernate: 
    create table role (
        available integer,
        role_id bigint generated by default as identity,
        description varchar(255),
        role_name varchar(255),
        primary key (role_id)
    )
Hibernate: 
    create table role_permission (
        id bigint generated by default as identity,
        permission_id bigint,
        role_id bigint,
        primary key (id)
    )
Hibernate: 
    create table share_file (
        expire_days integer,
        create_time timestamp(6),
        expire_time timestamp(6),
        file_path varchar(255),
        id varchar(255) not null,
        share_batch_num varchar(255),
        share_code varchar(255),
        share_token varchar(255),
        user_id varchar(255),
        primary key (id)
    )
Hibernate: 
    create table sys_config (
        config_key varchar(255),
        config_value varchar(255),
        description varchar(255),
        id varchar(255) not null,
        primary key (id)
    )
Hibernate: 
    create table upload_task (
        chunk_num integer,
        total_chunks integer,
        upload_status integer,
        create_time timestamp(6),
        total_size bigint,
        file_name varchar(255),
        file_path varchar(255),
        id varchar(255) not null,
        identifier varchar(255),
        user_id varchar(255),
        primary key (id)
    )
Hibernate: 
    create table user_role (
        id bigint generated by default as identity,
        role_id bigint,
        user_id varchar(255),
        primary key (id)
    )
2026-06-29T13:50:34.057+08:00  INFO 4052 --- [qiwen-file] [           main] j.LocalContainerEntityManagerFactoryBean : Initialized JPA EntityManagerFactory for persistence unit 'default'
Logging initialized using 'class org.apache.ibatis.logging.stdout.StdOutImpl' adapter.
 _ _   |_  _ _|_. ___ _ |    _ 
| | |\/|_)(_| | |_\  |_)||_|_\ 
     /               |         
                        3.5.6 
Creating a new SqlSession
SqlSession [org.apache.ibatis.session.defaults.DefaultSqlSession@15892443] was not registered for synchronization because synchronization is not active
JDBC Connection [HikariProxyConnection@1923384323 wrapping conn10: url=jdbc:h2:mem:qiwen_file_test user=SA] will not be managed by Spring
==>  Preparing: SELECT COUNT( * ) AS total FROM role
==> Parameters: 
<==    Columns: TOTAL
<==        Row: 0
<==      Total: 1
Closing non transactional SqlSession [org.apache.ibatis.session.defaults.DefaultSqlSession@15892443]
Creating a new SqlSession
SqlSession [org.apache.ibatis.session.defaults.DefaultSqlSession@21fba6fd] was not registered for synchronization because synchronization is not active
JDBC Connection [HikariProxyConnection@1261309973 wrapping conn10: url=jdbc:h2:mem:qiwen_file_test user=SA] will not be managed by Spring
==>  Preparing: INSERT INTO role ( role_name, description, available ) VALUES ( ?, ?, ? )
==> Parameters: admin(String), 管理员(String), 1(Integer)
<==    Updates: 1
Closing non transactional SqlSession [org.apache.ibatis.session.defaults.DefaultSqlSession@21fba6fd]
Creating a new SqlSession
SqlSession [org.apache.ibatis.session.defaults.DefaultSqlSession@17d99e0f] was not registered for synchronization because synchronization is not active
JDBC Connection [HikariProxyConnection@1099666539 wrapping conn10: url=jdbc:h2:mem:qiwen_file_test user=SA] will not be managed by Spring
==>  Preparing: INSERT INTO role ( role_name, description, available ) VALUES ( ?, ?, ? )
==> Parameters: editor(String), 编辑者(String), 1(Integer)
<==    Updates: 1
Closing non transactional SqlSession [org.apache.ibatis.session.defaults.DefaultSqlSession@17d99e0f]
Creating a new SqlSession
SqlSession [org.apache.ibatis.session.defaults.DefaultSqlSession@3d3b1ee9] was not registered for synchronization because synchronization is not active
JDBC Connection [HikariProxyConnection@1637399234 wrapping conn10: url=jdbc:h2:mem:qiwen_file_test user=SA] will not be managed by Spring
==>  Preparing: INSERT INTO role ( role_name, description, available ) VALUES ( ?, ?, ? )
==> Parameters: viewer(String), 只读者(String), 1(Integer)
<==    Updates: 1
Closing non transactional SqlSession [org.apache.ibatis.session.defaults.DefaultSqlSession@3d3b1ee9]
Creating a new SqlSession
SqlSession [org.apache.ibatis.session.defaults.DefaultSqlSession@55e85ec8] was not registered for synchronization because synchronization is not active
JDBC Connection [HikariProxyConnection@157450816 wrapping conn10: url=jdbc:h2:mem:qiwen_file_test user=SA] will not be managed by Spring
==>  Preparing: SELECT COUNT( * ) AS total FROM permission
==> Parameters: 
<==    Columns: TOTAL
<==        Row: 0
<==      Total: 1
Closing non transactional SqlSession [org.apache.ibatis.session.defaults.DefaultSqlSession@55e85ec8]
Creating a new SqlSession
SqlSession [org.apache.ibatis.session.defaults.DefaultSqlSession@296a6a10] was not registered for synchronization because synchronization is not active
JDBC Connection [HikariProxyConnection@1302883593 wrapping conn10: url=jdbc:h2:mem:qiwen_file_test user=SA] will not be managed by Spring
==>  Preparing: INSERT INTO permission ( permission_id, permission_name, resource_type, permission_code, order_num ) VALUES ( ?, ?, ?, ?, ? )
==> Parameters: 1(Long), 文件管理(String), 0(Integer), file(String), 1(Integer)
<==    Updates: 1
Closing non transactional SqlSession [org.apache.ibatis.session.defaults.DefaultSqlSession@296a6a10]
Creating a new SqlSession
SqlSession [org.apache.ibatis.session.defaults.DefaultSqlSession@5a21746a] was not registered for synchronization because synchronization is not active
JDBC Connection [HikariProxyConnection@1196199404 wrapping conn10: url=jdbc:h2:mem:qiwen_file_test user=SA] will not be managed by Spring
==>  Preparing: INSERT INTO permission ( permission_id, permission_name, resource_type, permission_code, order_num ) VALUES ( ?, ?, ?, ?, ? )
==> Parameters: 2(Long), 用户管理(String), 0(Integer), user(String), 2(Integer)
<==    Updates: 1
Closing non transactional SqlSession [org.apache.ibatis.session.defaults.DefaultSqlSession@5a21746a]
Creating a new SqlSession
SqlSession [org.apache.ibatis.session.defaults.DefaultSqlSession@3d8c55ff] was not registered for synchronization because synchronization is not active
JDBC Connection [HikariProxyConnection@868394850 wrapping conn10: url=jdbc:h2:mem:qiwen_file_test user=SA] will not be managed by Spring
==>  Preparing: INSERT INTO permission ( permission_id, permission_name, resource_type, permission_code, order_num ) VALUES ( ?, ?, ?, ?, ? )
==> Parameters: 3(Long), 系统管理(String), 0(Integer), system(String), 3(Integer)
<==    Updates: 1
Closing non transactional SqlSession [org.apache.ibatis.session.defaults.DefaultSqlSession@3d8c55ff]
Creating a new SqlSession
SqlSession [org.apache.ibatis.session.defaults.DefaultSqlSession@62110754] was not registered for synchronization because synchronization is not active
JDBC Connection [HikariProxyConnection@1091683607 wrapping conn10: url=jdbc:h2:mem:qiwen_file_test user=SA] will not be managed by Spring
==>  Preparing: INSERT INTO permission ( permission_id, permission_name, resource_type, permission_code, order_num ) VALUES ( ?, ?, ?, ?, ? )
==> Parameters: 4(Long), 管理面板(String), 0(Integer), dashboard(String), 4(Integer)
<==    Updates: 1
Closing non transactional SqlSession [org.apache.ibatis.session.defaults.DefaultSqlSession@62110754]
Creating a new SqlSession
SqlSession [org.apache.ibatis.session.defaults.DefaultSqlSession@1eed4367] was not registered for synchronization because synchronization is not active
JDBC Connection [HikariProxyConnection@942808687 wrapping conn10: url=jdbc:h2:mem:qiwen_file_test user=SA] will not be managed by Spring
==>  Preparing: INSERT INTO permission ( permission_id, parent_id, permission_name, resource_type, permission_code, order_num ) VALUES ( ?, ?, ?, ?, ?, ? )
==> Parameters: 5(Long), 1(Long), 文件上传(String), 1(Integer), file:upload(String), 1(Integer)
<==    Updates: 1
Closing non transactional SqlSession [org.apache.ibatis.session.defaults.DefaultSqlSession@1eed4367]
Creating a new SqlSession
SqlSession [org.apache.ibatis.session.defaults.DefaultSqlSession@69075512] was not registered for synchronization because synchronization is not active
JDBC Connection [HikariProxyConnection@1106181947 wrapping conn10: url=jdbc:h2:mem:qiwen_file_test user=SA] will not be managed by Spring
==>  Preparing: INSERT INTO permission ( permission_id, parent_id, permission_name, resource_type, permission_code, order_num ) VALUES ( ?, ?, ?, ?, ?, ? )
==> Parameters: 6(Long), 1(Long), 文件下载(String), 1(Integer), file:download(String), 2(Integer)
<==    Updates: 1
Closing non transactional SqlSession [org.apache.ibatis.session.defaults.DefaultSqlSession@69075512]
Creating a new SqlSession
SqlSession [org.apache.ibatis.session.defaults.DefaultSqlSession@fff7dc9] was not registered for synchronization because synchronization is not active
JDBC Connection [HikariProxyConnection@1007980323 wrapping conn10: url=jdbc:h2:mem:qiwen_file_test user=SA] will not be managed by Spring
==>  Preparing: INSERT INTO permission ( permission_id, parent_id, permission_name, resource_type, permission_code, order_num ) VALUES ( ?, ?, ?, ?, ?, ? )
==> Parameters: 7(Long), 1(Long), 文件删除(String), 1(Integer), file:delete(String), 3(Integer)
<==    Updates: 1
Closing non transactional SqlSession [org.apache.ibatis.session.defaults.DefaultSqlSession@fff7dc9]
Creating a new SqlSession
SqlSession [org.apache.ibatis.session.defaults.DefaultSqlSession@6fe8e276] was not registered for synchronization because synchronization is not active
JDBC Connection [HikariProxyConnection@1506402199 wrapping conn10: url=jdbc:h2:mem:qiwen_file_test user=SA] will not be managed by Spring
==>  Preparing: INSERT INTO permission ( permission_id, parent_id, permission_name, resource_type, permission_code, order_num ) VALUES ( ?, ?, ?, ?, ?, ? )
==> Parameters: 8(Long), 1(Long), 文件分享(String), 1(Integer), file:share(String), 4(Integer)
<==    Updates: 1
Closing non transactional SqlSession [org.apache.ibatis.session.defaults.DefaultSqlSession@6fe8e276]
Creating a new SqlSession
SqlSession [org.apache.ibatis.session.defaults.DefaultSqlSession@2dacf052] was not registered for synchronization because synchronization is not active
JDBC Connection [HikariProxyConnection@895029075 wrapping conn10: url=jdbc:h2:mem:qiwen_file_test user=SA] will not be managed by Spring
==>  Preparing: INSERT INTO permission ( permission_id, parent_id, permission_name, resource_type, permission_code, order_num ) VALUES ( ?, ?, ?, ?, ?, ? )
==> Parameters: 9(Long), 2(Long), 用户列表(String), 1(Integer), user:list(String), 1(Integer)
<==    Updates: 1
Closing non transactional SqlSession [org.apache.ibatis.session.defaults.DefaultSqlSession@2dacf052]
Creating a new SqlSession
SqlSession [org.apache.ibatis.session.defaults.DefaultSqlSession@1d8ab0dc] was not registered for synchronization because synchronization is not active
JDBC Connection [HikariProxyConnection@178844061 wrapping conn10: url=jdbc:h2:mem:qiwen_file_test user=SA] will not be managed by Spring
==>  Preparing: INSERT INTO permission ( permission_id, parent_id, permission_name, resource_type, permission_code, order_num ) VALUES ( ?, ?, ?, ?, ?, ? )
==> Parameters: 10(Long), 2(Long), 角色分配(String), 1(Integer), user:role(String), 2(Integer)
<==    Updates: 1
Closing non transactional SqlSession [org.apache.ibatis.session.defaults.DefaultSqlSession@1d8ab0dc]
Creating a new SqlSession
SqlSession [org.apache.ibatis.session.defaults.DefaultSqlSession@40ccaefa] was not registered for synchronization because synchronization is not active
JDBC Connection [HikariProxyConnection@1032978983 wrapping conn10: url=jdbc:h2:mem:qiwen_file_test user=SA] will not be managed by Spring
==>  Preparing: INSERT INTO permission ( permission_id, parent_id, permission_name, resource_type, permission_code, order_num ) VALUES ( ?, ?, ?, ?, ?, ? )
==> Parameters: 11(Long), 3(Long), 公告管理(String), 1(Integer), system:notice(String), 1(Integer)
<==    Updates: 1
Closing non transactional SqlSession [org.apache.ibatis.session.defaults.DefaultSqlSession@40ccaefa]
Creating a new SqlSession
SqlSession [org.apache.ibatis.session.defaults.DefaultSqlSession@2168ed92] was not registered for synchronization because synchronization is not active
JDBC Connection [HikariProxyConnection@1294430571 wrapping conn10: url=jdbc:h2:mem:qiwen_file_test user=SA] will not be managed by Spring
==>  Preparing: SELECT COUNT( * ) AS total FROM file_type
==> Parameters: 
<==    Columns: TOTAL
<==        Row: 0
<==      Total: 1
Closing non transactional SqlSession [org.apache.ibatis.session.defaults.DefaultSqlSession@2168ed92]
Creating a new SqlSession
SqlSession [org.apache.ibatis.session.defaults.DefaultSqlSession@720a86ef] was not registered for synchronization because synchronization is not active
JDBC Connection [HikariProxyConnection@1796379557 wrapping conn10: url=jdbc:h2:mem:qiwen_file_test user=SA] will not be managed by Spring
==>  Preparing: INSERT INTO file_type ( name, order_num ) VALUES ( ?, ? )
==> Parameters: 图片(String), 1(Integer)
<==    Updates: 1
Closing non transactional SqlSession [org.apache.ibatis.session.defaults.DefaultSqlSession@720a86ef]
Creating a new SqlSession
SqlSession [org.apache.ibatis.session.defaults.DefaultSqlSession@581bc85e] was not registered for synchronization because synchronization is not active
JDBC Connection [HikariProxyConnection@1228769959 wrapping conn10: url=jdbc:h2:mem:qiwen_file_test user=SA] will not be managed by Spring
==>  Preparing: INSERT INTO file_classification ( file_type_id, file_extend_name ) VALUES ( ?, ? )
==> Parameters: 1(Integer), jpg(String)
<==    Updates: 1
Closing non transactional SqlSession [org.apache.ibatis.session.defaults.DefaultSqlSession@581bc85e]
Creating a new SqlSession
SqlSession [org.apache.ibatis.session.defaults.DefaultSqlSession@20ebc899] was not registered for synchronization because synchronization is not active
JDBC Connection [HikariProxyConnection@1595668634 wrapping conn10: url=jdbc:h2:mem:qiwen_file_test user=SA] will not be managed by Spring
==>  Preparing: INSERT INTO file_classification ( file_type_id, file_extend_name ) VALUES ( ?, ? )
==> Parameters: 1(Integer), jpeg(String)
<==    Updates: 1
Closing non transactional SqlSession [org.apache.ibatis.session.defaults.DefaultSqlSession@20ebc899]
Creating a new SqlSession
SqlSession [org.apache.ibatis.session.defaults.DefaultSqlSession@59c4921f] was not registered for synchronization because synchronization is not active
JDBC Connection [HikariProxyConnection@2080985906 wrapping conn10: url=jdbc:h2:mem:qiwen_file_test user=SA] will not be managed by Spring
==>  Preparing: INSERT INTO file_classification ( file_type_id, file_extend_name ) VALUES ( ?, ? )
==> Parameters: 1(Integer), png(String)
<==    Updates: 1
Closing non transactional SqlSession [org.apache.ibatis.session.defaults.DefaultSqlSession@59c4921f]
Creating a new SqlSession
SqlSession [org.apache.ibatis.session.defaults.DefaultSqlSession@2d8f32a] was not registered for synchronization because synchronization is not active
JDBC Connection [HikariProxyConnection@42403011 wrapping conn10: url=jdbc:h2:mem:qiwen_file_test user=SA] will not be managed by Spring
==>  Preparing: INSERT INTO file_classification ( file_type_id, file_extend_name ) VALUES ( ?, ? )
==> Parameters: 1(Integer), gif(String)
<==    Updates: 1
Closing non transactional SqlSession [org.apache.ibatis.session.defaults.DefaultSqlSession@2d8f32a]
Creating a new SqlSession
SqlSession [org.apache.ibatis.session.defaults.DefaultSqlSession@7f2e2ae6] was not registered for synchronization because synchronization is not active
JDBC Connection [HikariProxyConnection@1233680114 wrapping conn10: url=jdbc:h2:mem:qiwen_file_test user=SA] will not be managed by Spring
==>  Preparing: INSERT INTO file_classification ( file_type_id, file_extend_name ) VALUES ( ?, ? )
==> Parameters: 1(Integer), bmp(String)
<==    Updates: 1
Closing non transactional SqlSession [org.apache.ibatis.session.defaults.DefaultSqlSession@7f2e2ae6]
Creating a new SqlSession
SqlSession [org.apache.ibatis.session.defaults.DefaultSqlSession@c0c9d4a] was not registered for synchronization because synchronization is not active
JDBC Connection [HikariProxyConnection@907489556 wrapping conn10: url=jdbc:h2:mem:qiwen_file_test user=SA] will not be managed by Spring
==>  Preparing: INSERT INTO file_classification ( file_type_id, file_extend_name ) VALUES ( ?, ? )
==> Parameters: 1(Integer), webp(String)
<==    Updates: 1
Closing non transactional SqlSession [org.apache.ibatis.session.defaults.DefaultSqlSession@c0c9d4a]
Creating a new SqlSession
SqlSession [org.apache.ibatis.session.defaults.DefaultSqlSession@3860542a] was not registered for synchronization because synchronization is not active
JDBC Connection [HikariProxyConnection@844466738 wrapping conn10: url=jdbc:h2:mem:qiwen_file_test user=SA] will not be managed by Spring
==>  Preparing: INSERT INTO file_classification ( file_type_id, file_extend_name ) VALUES ( ?, ? )
==> Parameters: 1(Integer), svg(String)
<==    Updates: 1
Closing non transactional SqlSession [org.apache.ibatis.session.defaults.DefaultSqlSession@3860542a]
Creating a new SqlSession
SqlSession [org.apache.ibatis.session.defaults.DefaultSqlSession@5a5ba7ff] was not registered for synchronization because synchronization is not active
JDBC Connection [HikariProxyConnection@1431024177 wrapping conn10: url=jdbc:h2:mem:qiwen_file_test user=SA] will not be managed by Spring
==>  Preparing: INSERT INTO file_classification ( file_type_id, file_extend_name ) VALUES ( ?, ? )
==> Parameters: 1(Integer), ico(String)
<==    Updates: 1
Closing non transactional SqlSession [org.apache.ibatis.session.defaults.DefaultSqlSession@5a5ba7ff]
Creating a new SqlSession
SqlSession [org.apache.ibatis.session.defaults.DefaultSqlSession@6fb07db6] was not registered for synchronization because synchronization is not active
JDBC Connection [HikariProxyConnection@1898606184 wrapping conn10: url=jdbc:h2:mem:qiwen_file_test user=SA] will not be managed by Spring
==>  Preparing: INSERT INTO file_type ( name, order_num ) VALUES ( ?, ? )
==> Parameters: 文档(String), 2(Integer)
<==    Updates: 1
Closing non transactional SqlSession [org.apache.ibatis.session.defaults.DefaultSqlSession@6fb07db6]
Creating a new SqlSession
SqlSession [org.apache.ibatis.session.defaults.DefaultSqlSession@76494bed] was not registered for synchronization because synchronization is not active
JDBC Connection [HikariProxyConnection@2124133679 wrapping conn10: url=jdbc:h2:mem:qiwen_file_test user=SA] will not be managed by Spring
==>  Preparing: INSERT INTO file_classification ( file_type_id, file_extend_name ) VALUES ( ?, ? )
==> Parameters: 2(Integer), pdf(String)
<==    Updates: 1
Closing non transactional SqlSession [org.apache.ibatis.session.defaults.DefaultSqlSession@76494bed]
Creating a new SqlSession
SqlSession [org.apache.ibatis.session.defaults.DefaultSqlSession@122a3a87] was not registered for synchronization because synchronization is not active
JDBC Connection [HikariProxyConnection@819023748 wrapping conn10: url=jdbc:h2:mem:qiwen_file_test user=SA] will not be managed by Spring
==>  Preparing: INSERT INTO file_classification ( file_type_id, file_extend_name ) VALUES ( ?, ? )
==> Parameters: 2(Integer), doc(String)
<==    Updates: 1
Closing non transactional SqlSession [org.apache.ibatis.session.defaults.DefaultSqlSession@122a3a87]
Creating a new SqlSession
SqlSession [org.apache.ibatis.session.defaults.DefaultSqlSession@c7b6c50] was not registered for synchronization because synchronization is not active
JDBC Connection [HikariProxyConnection@795513405 wrapping conn10: url=jdbc:h2:mem:qiwen_file_test user=SA] will not be managed by Spring
==>  Preparing: INSERT INTO file_classification ( file_type_id, file_extend_name ) VALUES ( ?, ? )
==> Parameters: 2(Integer), docx(String)
<==    Updates: 1
Closing non transactional SqlSession [org.apache.ibatis.session.defaults.DefaultSqlSession@c7b6c50]
Creating a new SqlSession
SqlSession [org.apache.ibatis.session.defaults.DefaultSqlSession@6cd76b55] was not registered for synchronization because synchronization is not active
JDBC Connection [HikariProxyConnection@1447076900 wrapping conn10: url=jdbc:h2:mem:qiwen_file_test user=SA] will not be managed by Spring
==>  Preparing: INSERT INTO file_classification ( file_type_id, file_extend_name ) VALUES ( ?, ? )
==> Parameters: 2(Integer), xls(String)
<==    Updates: 1
Closing non transactional SqlSession [org.apache.ibatis.session.defaults.DefaultSqlSession@6cd76b55]
Creating a new SqlSession
SqlSession [org.apache.ibatis.session.defaults.DefaultSqlSession@18e5b50] was not registered for synchronization because synchronization is not active
JDBC Connection [HikariProxyConnection@2047789606 wrapping conn10: url=jdbc:h2:mem:qiwen_file_test user=SA] will not be managed by Spring
==>  Preparing: INSERT INTO file_classification ( file_type_id, file_extend_name ) VALUES ( ?, ? )
==> Parameters: 2(Integer), xlsx(String)
<==    Updates: 1
Closing non transactional SqlSession [org.apache.ibatis.session.defaults.DefaultSqlSession@18e5b50]
Creating a new SqlSession
SqlSession [org.apache.ibatis.session.defaults.DefaultSqlSession@2d549bf1] was not registered for synchronization because synchronization is not active
JDBC Connection [HikariProxyConnection@2120645627 wrapping conn10: url=jdbc:h2:mem:qiwen_file_test user=SA] will not be managed by Spring
==>  Preparing: INSERT INTO file_classification ( file_type_id, file_extend_name ) VALUES ( ?, ? )
==> Parameters: 2(Integer), ppt(String)
<==    Updates: 1
Closing non transactional SqlSession [org.apache.ibatis.session.defaults.DefaultSqlSession@2d549bf1]
Creating a new SqlSession
SqlSession [org.apache.ibatis.session.defaults.DefaultSqlSession@dc1fbbc] was not registered for synchronization because synchronization is not active
JDBC Connection [HikariProxyConnection@17977304 wrapping conn10: url=jdbc:h2:mem:qiwen_file_test user=SA] will not be managed by Spring
==>  Preparing: INSERT INTO file_classification ( file_type_id, file_extend_name ) VALUES ( ?, ? )
==> Parameters: 2(Integer), pptx(String)
<==    Updates: 1
Closing non transactional SqlSession [org.apache.ibatis.session.defaults.DefaultSqlSession@dc1fbbc]
Creating a new SqlSession
SqlSession [org.apache.ibatis.session.defaults.DefaultSqlSession@810d718] was not registered for synchronization because synchronization is not active
JDBC Connection [HikariProxyConnection@1172626498 wrapping conn10: url=jdbc:h2:mem:qiwen_file_test user=SA] will not be managed by Spring
==>  Preparing: INSERT INTO file_classification ( file_type_id, file_extend_name ) VALUES ( ?, ? )
==> Parameters: 2(Integer), txt(String)
<==    Updates: 1
Closing non transactional SqlSession [org.apache.ibatis.session.defaults.DefaultSqlSession@810d718]
Creating a new SqlSession
SqlSession [org.apache.ibatis.session.defaults.DefaultSqlSession@477ac359] was not registered for synchronization because synchronization is not active
JDBC Connection [HikariProxyConnection@1418012897 wrapping conn10: url=jdbc:h2:mem:qiwen_file_test user=SA] will not be managed by Spring
==>  Preparing: INSERT INTO file_classification ( file_type_id, file_extend_name ) VALUES ( ?, ? )
==> Parameters: 2(Integer), md(String)
<==    Updates: 1
Closing non transactional SqlSession [org.apache.ibatis.session.defaults.DefaultSqlSession@477ac359]
Creating a new SqlSession
SqlSession [org.apache.ibatis.session.defaults.DefaultSqlSession@5a238d7e] was not registered for synchronization because synchronization is not active
JDBC Connection [HikariProxyConnection@1426638617 wrapping conn10: url=jdbc:h2:mem:qiwen_file_test user=SA] will not be managed by Spring
==>  Preparing: INSERT INTO file_type ( name, order_num ) VALUES ( ?, ? )
==> Parameters: 视频(String), 3(Integer)
<==    Updates: 1
Closing non transactional SqlSession [org.apache.ibatis.session.defaults.DefaultSqlSession@5a238d7e]
Creating a new SqlSession
SqlSession [org.apache.ibatis.session.defaults.DefaultSqlSession@1386f8bb] was not registered for synchronization because synchronization is not active
JDBC Connection [HikariProxyConnection@414070147 wrapping conn10: url=jdbc:h2:mem:qiwen_file_test user=SA] will not be managed by Spring
==>  Preparing: INSERT INTO file_classification ( file_type_id, file_extend_name ) VALUES ( ?, ? )
==> Parameters: 3(Integer), mp4(String)
<==    Updates: 1
Closing non transactional SqlSession [org.apache.ibatis.session.defaults.DefaultSqlSession@1386f8bb]
Creating a new SqlSession
SqlSession [org.apache.ibatis.session.defaults.DefaultSqlSession@90e5788] was not registered for synchronization because synchronization is not active
JDBC Connection [HikariProxyConnection@439187903 wrapping conn10: url=jdbc:h2:mem:qiwen_file_test user=SA] will not be managed by Spring
==>  Preparing: INSERT INTO file_classification ( file_type_id, file_extend_name ) VALUES ( ?, ? )
==> Parameters: 3(Integer), avi(String)
<==    Updates: 1
Closing non transactional SqlSession [org.apache.ibatis.session.defaults.DefaultSqlSession@90e5788]
Creating a new SqlSession
SqlSession [org.apache.ibatis.session.defaults.DefaultSqlSession@3eca0961] was not registered for synchronization because synchronization is not active
JDBC Connection [HikariProxyConnection@1461788950 wrapping conn10: url=jdbc:h2:mem:qiwen_file_test user=SA] will not be managed by Spring
==>  Preparing: INSERT INTO file_classification ( file_type_id, file_extend_name ) VALUES ( ?, ? )
==> Parameters: 3(Integer), mkv(String)
<==    Updates: 1
Closing non transactional SqlSession [org.apache.ibatis.session.defaults.DefaultSqlSession@3eca0961]
Creating a new SqlSession
SqlSession [org.apache.ibatis.session.defaults.DefaultSqlSession@2c689e6d] was not registered for synchronization because synchronization is not active
JDBC Connection [HikariProxyConnection@1568275166 wrapping conn10: url=jdbc:h2:mem:qiwen_file_test user=SA] will not be managed by Spring
==>  Preparing: INSERT INTO file_classification ( file_type_id, file_extend_name ) VALUES ( ?, ? )
==> Parameters: 3(Integer), mov(String)
<==    Updates: 1
Closing non transactional SqlSession [org.apache.ibatis.session.defaults.DefaultSqlSession@2c689e6d]
Creating a new SqlSession
SqlSession [org.apache.ibatis.session.defaults.DefaultSqlSession@33966111] was not registered for synchronization because synchronization is not active
JDBC Connection [HikariProxyConnection@1835126756 wrapping conn10: url=jdbc:h2:mem:qiwen_file_test user=SA] will not be managed by Spring
==>  Preparing: INSERT INTO file_classification ( file_type_id, file_extend_name ) VALUES ( ?, ? )
==> Parameters: 3(Integer), wmv(String)
<==    Updates: 1
Closing non transactional SqlSession [org.apache.ibatis.session.defaults.DefaultSqlSession@33966111]
Creating a new SqlSession
SqlSession [org.apache.ibatis.session.defaults.DefaultSqlSession@592afd3] was not registered for synchronization because synchronization is not active
JDBC Connection [HikariProxyConnection@388958901 wrapping conn10: url=jdbc:h2:mem:qiwen_file_test user=SA] will not be managed by Spring
==>  Preparing: INSERT INTO file_classification ( file_type_id, file_extend_name ) VALUES ( ?, ? )
==> Parameters: 3(Integer), flv(String)
<==    Updates: 1
Closing non transactional SqlSession [org.apache.ibatis.session.defaults.DefaultSqlSession@592afd3]
Creating a new SqlSession
SqlSession [org.apache.ibatis.session.defaults.DefaultSqlSession@17b17fa8] was not registered for synchronization because synchronization is not active
JDBC Connection [HikariProxyConnection@1959562325 wrapping conn10: url=jdbc:h2:mem:qiwen_file_test user=SA] will not be managed by Spring
==>  Preparing: INSERT INTO file_classification ( file_type_id, file_extend_name ) VALUES ( ?, ? )
==> Parameters: 3(Integer), webm(String)
<==    Updates: 1
Closing non transactional SqlSession [org.apache.ibatis.session.defaults.DefaultSqlSession@17b17fa8]
Creating a new SqlSession
SqlSession [org.apache.ibatis.session.defaults.DefaultSqlSession@64b05928] was not registered for synchronization because synchronization is not active
JDBC Connection [HikariProxyConnection@195403177 wrapping conn10: url=jdbc:h2:mem:qiwen_file_test user=SA] will not be managed by Spring
==>  Preparing: INSERT INTO file_type ( name, order_num ) VALUES ( ?, ? )
==> Parameters: 音乐(String), 4(Integer)
<==    Updates: 1
Closing non transactional SqlSession [org.apache.ibatis.session.defaults.DefaultSqlSession@64b05928]
Creating a new SqlSession
SqlSession [org.apache.ibatis.session.defaults.DefaultSqlSession@1775ff4a] was not registered for synchronization because synchronization is not active
JDBC Connection [HikariProxyConnection@130774997 wrapping conn10: url=jdbc:h2:mem:qiwen_file_test user=SA] will not be managed by Spring
==>  Preparing: INSERT INTO file_classification ( file_type_id, file_extend_name ) VALUES ( ?, ? )
==> Parameters: 4(Integer), mp3(String)
<==    Updates: 1
Closing non transactional SqlSession [org.apache.ibatis.session.defaults.DefaultSqlSession@1775ff4a]
Creating a new SqlSession
SqlSession [org.apache.ibatis.session.defaults.DefaultSqlSession@61d4171d] was not registered for synchronization because synchronization is not active
JDBC Connection [HikariProxyConnection@1178306139 wrapping conn10: url=jdbc:h2:mem:qiwen_file_test user=SA] will not be managed by Spring
==>  Preparing: INSERT INTO file_classification ( file_type_id, file_extend_name ) VALUES ( ?, ? )
==> Parameters: 4(Integer), wav(String)
<==    Updates: 1
Closing non transactional SqlSession [org.apache.ibatis.session.defaults.DefaultSqlSession@61d4171d]
Creating a new SqlSession
SqlSession [org.apache.ibatis.session.defaults.DefaultSqlSession@7e0cbe79] was not registered for synchronization because synchronization is not active
JDBC Connection [HikariProxyConnection@572857266 wrapping conn10: url=jdbc:h2:mem:qiwen_file_test user=SA] will not be managed by Spring
==>  Preparing: INSERT INTO file_classification ( file_type_id, file_extend_name ) VALUES ( ?, ? )
==> Parameters: 4(Integer), flac(String)
<==    Updates: 1
Closing non transactional SqlSession [org.apache.ibatis.session.defaults.DefaultSqlSession@7e0cbe79]
Creating a new SqlSession
SqlSession [org.apache.ibatis.session.defaults.DefaultSqlSession@63888c14] was not registered for synchronization because synchronization is not active
JDBC Connection [HikariProxyConnection@2040252256 wrapping conn10: url=jdbc:h2:mem:qiwen_file_test user=SA] will not be managed by Spring
==>  Preparing: INSERT INTO file_classification ( file_type_id, file_extend_name ) VALUES ( ?, ? )
==> Parameters: 4(Integer), aac(String)
<==    Updates: 1
Closing non transactional SqlSession [org.apache.ibatis.session.defaults.DefaultSqlSession@63888c14]
Creating a new SqlSession
SqlSession [org.apache.ibatis.session.defaults.DefaultSqlSession@627f515c] was not registered for synchronization because synchronization is not active
JDBC Connection [HikariProxyConnection@1754086954 wrapping conn10: url=jdbc:h2:mem:qiwen_file_test user=SA] will not be managed by Spring
==>  Preparing: INSERT INTO file_classification ( file_type_id, file_extend_name ) VALUES ( ?, ? )
==> Parameters: 4(Integer), ogg(String)
<==    Updates: 1
Closing non transactional SqlSession [org.apache.ibatis.session.defaults.DefaultSqlSession@627f515c]
Creating a new SqlSession
SqlSession [org.apache.ibatis.session.defaults.DefaultSqlSession@4fc2e703] was not registered for synchronization because synchronization is not active
JDBC Connection [HikariProxyConnection@1749387612 wrapping conn10: url=jdbc:h2:mem:qiwen_file_test user=SA] will not be managed by Spring
==>  Preparing: INSERT INTO file_classification ( file_type_id, file_extend_name ) VALUES ( ?, ? )
==> Parameters: 4(Integer), wma(String)
<==    Updates: 1
Closing non transactional SqlSession [org.apache.ibatis.session.defaults.DefaultSqlSession@4fc2e703]
Creating a new SqlSession
SqlSession [org.apache.ibatis.session.defaults.DefaultSqlSession@70a8c0b9] was not registered for synchronization because synchronization is not active
JDBC Connection [HikariProxyConnection@1901452520 wrapping conn10: url=jdbc:h2:mem:qiwen_file_test user=SA] will not be managed by Spring
==>  Preparing: INSERT INTO file_type ( name, order_num ) VALUES ( ?, ? )
==> Parameters: 其他(String), 5(Integer)
<==    Updates: 1
Closing non transactional SqlSession [org.apache.ibatis.session.defaults.DefaultSqlSession@70a8c0b9]
Creating a new SqlSession
SqlSession [org.apache.ibatis.session.defaults.DefaultSqlSession@29f7c73e] was not registered for synchronization because synchronization is not active
JDBC Connection [HikariProxyConnection@1841083445 wrapping conn10: url=jdbc:h2:mem:qiwen_file_test user=SA] will not be managed by Spring
==>  Preparing: INSERT INTO file_classification ( file_type_id, file_extend_name ) VALUES ( ?, ? )
==> Parameters: 5(Integer), (String)
<==    Updates: 1
Closing non transactional SqlSession [org.apache.ibatis.session.defaults.DefaultSqlSession@29f7c73e]
2026-06-29T13:50:37.610+08:00  INFO 4052 --- [qiwen-file] [           main] o.s.s.web.DefaultSecurityFilterChain     : Will secure any request with [org.springframework.security.web.session.DisableEncodeUrlFilter@69894182, org.springframework.security.web.context.request.async.WebAsyncManagerIntegrationFilter@500a6c2f, org.springframework.security.web.context.SecurityContextHolderFilter@73d8f219, org.springframework.security.web.header.HeaderWriterFilter@1d95957c, org.springframework.web.filter.CorsFilter@67a02460, org.springframework.security.web.authentication.logout.LogoutFilter@4ceeba96, com.qiwenshare.file.config.security.JwtAuthFilter@6a72d5fb, org.springframework.security.web.savedrequest.RequestCacheAwareFilter@3a4dea70, org.springframework.security.web.servletapi.SecurityContextHolderAwareRequestFilter@b42a630, org.springframework.security.web.authentication.AnonymousAuthenticationFilter@242270ae, org.springframework.security.web.session.SessionManagementFilter@2be33ac, org.springframework.security.web.access.ExceptionTranslationFilter@398e1a48, org.springframework.security.web.access.intercept.AuthorizationFilter@7c89133]
2026-06-29T13:50:38.944+08:00  INFO 4052 --- [qiwen-file] [           main] com.qiwenshare.file.FileServiceTest      : Started FileServiceTest in 9.456 seconds (process running for 54.892)
Creating a new SqlSession
Registering transaction synchronization for SqlSession [org.apache.ibatis.session.defaults.DefaultSqlSession@c32b8b0]
JDBC Connection [HikariProxyConnection@1956205887 wrapping conn10: url=jdbc:h2:mem:qiwen_file_test user=SA] will be managed by Spring
==>  Preparing: SELECT COUNT( * ) AS total FROM file_bean WHERE deleted=0 AND (file_path = ? AND user_id = ?)
==> Parameters: /documents(String), user001(String)
<==    Columns: TOTAL
<==        Row: 0
<==      Total: 1
Releasing transactional SqlSession [org.apache.ibatis.session.defaults.DefaultSqlSession@c32b8b0]
Fetched SqlSession [org.apache.ibatis.session.defaults.DefaultSqlSession@c32b8b0] from current transaction
==>  Preparing: INSERT INTO file_bean ( id, file_name, file_path, file_size, file_type, is_folder, parent_path, user_id, deleted, create_time, update_time ) VALUES ( ?, ?, ?, ?, ?, ?, ?, ?, ?, ?, ? )
==> Parameters: 2071471385314390016(String), documents(String), /documents(String), 0(Long), (String), true(Boolean), /(String), user001(String), 0(Integer), 2026-06-29T13:50:38.993599200(LocalDateTime), 2026-06-29T13:50:38.993599200(LocalDateTime)
<==    Updates: 1
Releasing transactional SqlSession [org.apache.ibatis.session.defaults.DefaultSqlSession@c32b8b0]
Transaction synchronization deregistering SqlSession [org.apache.ibatis.session.defaults.DefaultSqlSession@c32b8b0]
Transaction synchronization closing SqlSession [org.apache.ibatis.session.defaults.DefaultSqlSession@c32b8b0]
]]></system-out>
  </testcase>
  <testcase name="testListByPath" classname="com.qiwenshare.file.FileServiceTest" time="0.156">
    <system-out><![CDATA[Creating a new SqlSession
Registering transaction synchronization for SqlSession [org.apache.ibatis.session.defaults.DefaultSqlSession@24f89b6b]
JDBC Connection [HikariProxyConnection@925956911 wrapping conn10: url=jdbc:h2:mem:qiwen_file_test user=SA] will be managed by Spring
==>  Preparing: SELECT COUNT( * ) AS total FROM file_bean WHERE deleted=0 AND (file_path = ? AND user_id = ?)
==> Parameters: /pics(String), user001(String)
<==    Columns: TOTAL
<==        Row: 0
<==      Total: 1
Releasing transactional SqlSession [org.apache.ibatis.session.defaults.DefaultSqlSession@24f89b6b]
Fetched SqlSession [org.apache.ibatis.session.defaults.DefaultSqlSession@24f89b6b] from current transaction
==>  Preparing: INSERT INTO file_bean ( id, file_name, file_path, file_size, file_type, is_folder, parent_path, user_id, deleted, create_time, update_time ) VALUES ( ?, ?, ?, ?, ?, ?, ?, ?, ?, ?, ? )
==> Parameters: 2071471385519910912(String), pics(String), /pics(String), 0(Long), (String), true(Boolean), /(String), user001(String), 0(Integer), 2026-06-29T13:50:39.042467400(LocalDateTime), 2026-06-29T13:50:39.042467400(LocalDateTime)
<==    Updates: 1
Releasing transactional SqlSession [org.apache.ibatis.session.defaults.DefaultSqlSession@24f89b6b]
Fetched SqlSession [org.apache.ibatis.session.defaults.DefaultSqlSession@24f89b6b] from current transaction
==>  Preparing: SELECT id,file_name,file_path,file_size,file_type,is_folder,parent_path,user_id,deleted,create_time,update_time FROM file_bean WHERE deleted=0 AND (file_path = ?)
==> Parameters: /a.txt(String)
<==      Total: 0
Releasing transactional SqlSession [org.apache.ibatis.session.defaults.DefaultSqlSession@24f89b6b]
Fetched SqlSession [org.apache.ibatis.session.defaults.DefaultSqlSession@24f89b6b] from current transaction
==>  Preparing: INSERT INTO file_bean ( id, file_name, file_path, file_size, file_type, is_folder, parent_path, user_id, deleted, create_time, update_time ) VALUES ( ?, ?, ?, ?, ?, ?, ?, ?, ?, ?, ? )
==> Parameters: 2071471385570242560(String), a.txt(String), /a.txt(String), 100(Long), text/plain(String), false(Boolean), /(String), user001(String), 0(Integer), 2026-06-29T13:50:39.054435900(LocalDateTime), 2026-06-29T13:50:39.054435900(LocalDateTime)
<==    Updates: 1
Releasing transactional SqlSession [org.apache.ibatis.session.defaults.DefaultSqlSession@24f89b6b]
Fetched SqlSession [org.apache.ibatis.session.defaults.DefaultSqlSession@24f89b6b] from current transaction
==>  Preparing: SELECT id,file_id,version,file_name,file_path,file_size,storage_path,user_id,create_time FROM file_version WHERE (file_id = ?) ORDER BY version DESC LIMIT 1
==> Parameters: 2071471385570242560(String)
<==      Total: 0
Releasing transactional SqlSession [org.apache.ibatis.session.defaults.DefaultSqlSession@24f89b6b]
Fetched SqlSession [org.apache.ibatis.session.defaults.DefaultSqlSession@24f89b6b] from current transaction
==>  Preparing: INSERT INTO file_version ( id, file_id, version, file_name, file_path, file_size, storage_path, user_id, create_time ) VALUES ( ?, ?, ?, ?, ?, ?, ?, ?, ? )
==> Parameters: 2071471385603796992(String), 2071471385570242560(String), 1(Integer), a.txt(String), /a.txt(String), 100(Long), /a.txt(String), user001(String), 2026-06-29T13:50:39.062414700(LocalDateTime)
<==    Updates: 1
Releasing transactional SqlSession [org.apache.ibatis.session.defaults.DefaultSqlSession@24f89b6b]
Fetched SqlSession [org.apache.ibatis.session.defaults.DefaultSqlSession@24f89b6b] from current transaction
==>  Preparing: SELECT id,file_id,version,file_name,file_path,file_size,storage_path,user_id,create_time FROM file_version WHERE (file_id = ?) ORDER BY version DESC
==> Parameters: 2071471385570242560(String)
<==    Columns: ID, FILE_ID, VERSION, FILE_NAME, FILE_PATH, FILE_SIZE, STORAGE_PATH, USER_ID, CREATE_TIME
<==        Row: 2071471385603796992, 2071471385570242560, 1, a.txt, /a.txt, 100, /a.txt, user001, 2026-06-29 13:50:39.062415
<==      Total: 1
Releasing transactional SqlSession [org.apache.ibatis.session.defaults.DefaultSqlSession@24f89b6b]
2026-06-29T13:50:39.121+08:00 ERROR 4052 --- [qiwen-file] [           main] c.q.file.service.FileSearchService       : ES 索引创建失败: Connection refused: getsockopt
Fetched SqlSession [org.apache.ibatis.session.defaults.DefaultSqlSession@24f89b6b] from current transaction
==>  Preparing: SELECT id,file_name,file_path,file_size,file_type,is_folder,parent_path,user_id,deleted,create_time,update_time FROM file_bean WHERE deleted=0 AND (file_path = ?)
==> Parameters: /b.jpg(String)
<==      Total: 0
Releasing transactional SqlSession [org.apache.ibatis.session.defaults.DefaultSqlSession@24f89b6b]
Fetched SqlSession [org.apache.ibatis.session.defaults.DefaultSqlSession@24f89b6b] from current transaction
==>  Preparing: INSERT INTO file_bean ( id, file_name, file_path, file_size, file_type, is_folder, parent_path, user_id, deleted, create_time, update_time ) VALUES ( ?, ?, ?, ?, ?, ?, ?, ?, ?, ?, ? )
==> Parameters: 2071471386014838784(String), b.jpg(String), /b.jpg(String), 200(Long), image/jpeg(String), false(Boolean), /(String), user001(String), 0(Integer), 2026-06-29T13:50:39.160153900(LocalDateTime), 2026-06-29T13:50:39.160153900(LocalDateTime)
<==    Updates: 1
Releasing transactional SqlSession [org.apache.ibatis.session.defaults.DefaultSqlSession@24f89b6b]
Fetched SqlSession [org.apache.ibatis.session.defaults.DefaultSqlSession@24f89b6b] from current transaction
==>  Preparing: SELECT id,file_id,version,file_name,file_path,file_size,storage_path,user_id,create_time FROM file_version WHERE (file_id = ?) ORDER BY version DESC LIMIT 1
==> Parameters: 2071471386014838784(String)
<==      Total: 0
Releasing transactional SqlSession [org.apache.ibatis.session.defaults.DefaultSqlSession@24f89b6b]
Fetched SqlSession [org.apache.ibatis.session.defaults.DefaultSqlSession@24f89b6b] from current transaction
==>  Preparing: INSERT INTO file_version ( id, file_id, version, file_name, file_path, file_size, storage_path, user_id, create_time ) VALUES ( ?, ?, ?, ?, ?, ?, ?, ?, ? )
==> Parameters: 2071471386027421696(String), 2071471386014838784(String), 1(Integer), b.jpg(String), /b.jpg(String), 200(Long), /b.jpg(String), user001(String), 2026-06-29T13:50:39.163145300(LocalDateTime)
<==    Updates: 1
Releasing transactional SqlSession [org.apache.ibatis.session.defaults.DefaultSqlSession@24f89b6b]
Fetched SqlSession [org.apache.ibatis.session.defaults.DefaultSqlSession@24f89b6b] from current transaction
==>  Preparing: SELECT id,file_id,version,file_name,file_path,file_size,storage_path,user_id,create_time FROM file_version WHERE (file_id = ?) ORDER BY version DESC
==> Parameters: 2071471386014838784(String)
<==    Columns: ID, FILE_ID, VERSION, FILE_NAME, FILE_PATH, FILE_SIZE, STORAGE_PATH, USER_ID, CREATE_TIME
<==        Row: 2071471386027421696, 2071471386014838784, 1, b.jpg, /b.jpg, 200, /b.jpg, user001, 2026-06-29 13:50:39.163145
<==      Total: 1
Releasing transactional SqlSession [org.apache.ibatis.session.defaults.DefaultSqlSession@24f89b6b]
2026-06-29T13:50:39.176+08:00 ERROR 4052 --- [qiwen-file] [           main] c.q.file.service.FileSearchService       : ES 索引创建失败: Connection refused: getsockopt
Fetched SqlSession [org.apache.ibatis.session.defaults.DefaultSqlSession@24f89b6b] from current transaction
==>  Preparing: SELECT id,file_name,file_path,file_size,file_type,is_folder,parent_path,user_id,deleted,create_time,update_time FROM file_bean WHERE deleted=0 AND (parent_path = ? AND user_id = ? AND deleted = ?) ORDER BY is_folder ASC,file_name ASC
==> Parameters: /(String), user001(String), 0(Integer)
<==    Columns: ID, FILE_NAME, FILE_PATH, FILE_SIZE, FILE_TYPE, IS_FOLDER, PARENT_PATH, USER_ID, DELETED, CREATE_TIME, UPDATE_TIME
<==        Row: 2071471385570242560, a.txt, /a.txt, 100, text/plain, FALSE, /, user001, 0, 2026-06-29 13:50:39.054436, 2026-06-29 13:50:39.054436
<==        Row: 2071471386014838784, b.jpg, /b.jpg, 200, image/jpeg, FALSE, /, user001, 0, 2026-06-29 13:50:39.160154, 2026-06-29 13:50:39.160154
<==        Row: 2071471385519910912, pics, /pics, 0, , TRUE, /, user001, 0, 2026-06-29 13:50:39.042467, 2026-06-29 13:50:39.042467
<==      Total: 3
Releasing transactional SqlSession [org.apache.ibatis.session.defaults.DefaultSqlSession@24f89b6b]
Transaction synchronization deregistering SqlSession [org.apache.ibatis.session.defaults.DefaultSqlSession@24f89b6b]
Transaction synchronization closing SqlSession [org.apache.ibatis.session.defaults.DefaultSqlSession@24f89b6b]
]]></system-out>
  </testcase>
  <testcase name="testGetById" classname="com.qiwenshare.file.FileServiceTest" time="0.037">
    <system-out><![CDATA[Creating a new SqlSession
Registering transaction synchronization for SqlSession [org.apache.ibatis.session.defaults.DefaultSqlSession@32f3174d]
JDBC Connection [HikariProxyConnection@87180871 wrapping conn10: url=jdbc:h2:mem:qiwen_file_test user=SA] will be managed by Spring
==>  Preparing: SELECT id,file_name,file_path,file_size,file_type,is_folder,parent_path,user_id,deleted,create_time,update_time FROM file_bean WHERE deleted=0 AND (file_path = ?)
==> Parameters: /findme.txt(String)
<==      Total: 0
Releasing transactional SqlSession [org.apache.ibatis.session.defaults.DefaultSqlSession@32f3174d]
Fetched SqlSession [org.apache.ibatis.session.defaults.DefaultSqlSession@32f3174d] from current transaction
==>  Preparing: INSERT INTO file_bean ( id, file_name, file_path, file_size, file_type, is_folder, parent_path, user_id, deleted, create_time, update_time ) VALUES ( ?, ?, ?, ?, ?, ?, ?, ?, ?, ?, ? )
==> Parameters: 2071471386174222336(String), findme.txt(String), /findme.txt(String), 99(Long), text/plain(String), false(Boolean), /(String), user001(String), 0(Integer), 2026-06-29T13:50:39.198051200(LocalDateTime), 2026-06-29T13:50:39.198051200(LocalDateTime)
<==    Updates: 1
Releasing transactional SqlSession [org.apache.ibatis.session.defaults.DefaultSqlSession@32f3174d]
Fetched SqlSession [org.apache.ibatis.session.defaults.DefaultSqlSession@32f3174d] from current transaction
==>  Preparing: SELECT id,file_id,version,file_name,file_path,file_size,storage_path,user_id,create_time FROM file_version WHERE (file_id = ?) ORDER BY version DESC LIMIT 1
==> Parameters: 2071471386174222336(String)
<==      Total: 0
Releasing transactional SqlSession [org.apache.ibatis.session.defaults.DefaultSqlSession@32f3174d]
Fetched SqlSession [org.apache.ibatis.session.defaults.DefaultSqlSession@32f3174d] from current transaction
==>  Preparing: INSERT INTO file_version ( id, file_id, version, file_name, file_path, file_size, storage_path, user_id, create_time ) VALUES ( ?, ?, ?, ?, ?, ?, ?, ?, ? )
==> Parameters: 2071471386199388160(String), 2071471386174222336(String), 1(Integer), findme.txt(String), /findme.txt(String), 99(Long), /findme.txt(String), user001(String), 2026-06-29T13:50:39.204036500(LocalDateTime)
<==    Updates: 1
Releasing transactional SqlSession [org.apache.ibatis.session.defaults.DefaultSqlSession@32f3174d]
Fetched SqlSession [org.apache.ibatis.session.defaults.DefaultSqlSession@32f3174d] from current transaction
==>  Preparing: SELECT id,file_id,version,file_name,file_path,file_size,storage_path,user_id,create_time FROM file_version WHERE (file_id = ?) ORDER BY version DESC
==> Parameters: 2071471386174222336(String)
<==    Columns: ID, FILE_ID, VERSION, FILE_NAME, FILE_PATH, FILE_SIZE, STORAGE_PATH, USER_ID, CREATE_TIME
<==        Row: 2071471386199388160, 2071471386174222336, 1, findme.txt, /findme.txt, 99, /findme.txt, user001, 2026-06-29 13:50:39.204037
<==      Total: 1
Releasing transactional SqlSession [org.apache.ibatis.session.defaults.DefaultSqlSession@32f3174d]
2026-06-29T13:50:39.220+08:00 ERROR 4052 --- [qiwen-file] [           main] c.q.file.service.FileSearchService       : ES 索引创建失败: Connection refused: getsockopt
Fetched SqlSession [org.apache.ibatis.session.defaults.DefaultSqlSession@32f3174d] from current transaction
==>  Preparing: SELECT id,file_name,file_path,file_size,file_type,is_folder,parent_path,user_id,deleted,create_time,update_time FROM file_bean WHERE id=? AND deleted=0
==> Parameters: 2071471386174222336(String)
<==    Columns: ID, FILE_NAME, FILE_PATH, FILE_SIZE, FILE_TYPE, IS_FOLDER, PARENT_PATH, USER_ID, DELETED, CREATE_TIME, UPDATE_TIME
<==        Row: 2071471386174222336, findme.txt, /findme.txt, 99, text/plain, FALSE, /, user001, 0, 2026-06-29 13:50:39.198051, 2026-06-29 13:50:39.198051
<==      Total: 1
Releasing transactional SqlSession [org.apache.ibatis.session.defaults.DefaultSqlSession@32f3174d]
Transaction synchronization deregistering SqlSession [org.apache.ibatis.session.defaults.DefaultSqlSession@32f3174d]
Transaction synchronization closing SqlSession [org.apache.ibatis.session.defaults.DefaultSqlSession@32f3174d]
]]></system-out>
  </testcase>
  <testcase name="testDeleteOtherUserFile" classname="com.qiwenshare.file.FileServiceTest" time="0.041">
    <system-out><![CDATA[Creating a new SqlSession
Registering transaction synchronization for SqlSession [org.apache.ibatis.session.defaults.DefaultSqlSession@10d2411f]
JDBC Connection [HikariProxyConnection@748394159 wrapping conn10: url=jdbc:h2:mem:qiwen_file_test user=SA] will be managed by Spring
==>  Preparing: SELECT id,file_name,file_path,file_size,file_type,is_folder,parent_path,user_id,deleted,create_time,update_time FROM file_bean WHERE deleted=0 AND (file_path = ?)
==> Parameters: /secret.txt(String)
<==      Total: 0
Releasing transactional SqlSession [org.apache.ibatis.session.defaults.DefaultSqlSession@10d2411f]
Fetched SqlSession [org.apache.ibatis.session.defaults.DefaultSqlSession@10d2411f] from current transaction
==>  Preparing: INSERT INTO file_bean ( id, file_name, file_path, file_size, file_type, is_folder, parent_path, user_id, deleted, create_time, update_time ) VALUES ( ?, ?, ?, ?, ?, ?, ?, ?, ?, ?, ? )
==> Parameters: 2071471386346188800(String), secret.txt(String), /secret.txt(String), 100(Long), text/plain(String), false(Boolean), /(String), user001(String), 0(Integer), 2026-06-29T13:50:39.239941100(LocalDateTime), 2026-06-29T13:50:39.239941100(LocalDateTime)
<==    Updates: 1
Releasing transactional SqlSession [org.apache.ibatis.session.defaults.DefaultSqlSession@10d2411f]
Fetched SqlSession [org.apache.ibatis.session.defaults.DefaultSqlSession@10d2411f] from current transaction
==>  Preparing: SELECT id,file_id,version,file_name,file_path,file_size,storage_path,user_id,create_time FROM file_version WHERE (file_id = ?) ORDER BY version DESC LIMIT 1
==> Parameters: 2071471386346188800(String)
<==      Total: 0
Releasing transactional SqlSession [org.apache.ibatis.session.defaults.DefaultSqlSession@10d2411f]
Fetched SqlSession [org.apache.ibatis.session.defaults.DefaultSqlSession@10d2411f] from current transaction
==>  Preparing: INSERT INTO file_version ( id, file_id, version, file_name, file_path, file_size, storage_path, user_id, create_time ) VALUES ( ?, ?, ?, ?, ?, ?, ?, ?, ? )
==> Parameters: 2071471386358771712(String), 2071471386346188800(String), 1(Integer), secret.txt(String), /secret.txt(String), 100(Long), /secret.txt(String), user001(String), 2026-06-29T13:50:39.242931700(LocalDateTime)
<==    Updates: 1
Releasing transactional SqlSession [org.apache.ibatis.session.defaults.DefaultSqlSession@10d2411f]
Fetched SqlSession [org.apache.ibatis.session.defaults.DefaultSqlSession@10d2411f] from current transaction
==>  Preparing: SELECT id,file_id,version,file_name,file_path,file_size,storage_path,user_id,create_time FROM file_version WHERE (file_id = ?) ORDER BY version DESC
==> Parameters: 2071471386346188800(String)
<==    Columns: ID, FILE_ID, VERSION, FILE_NAME, FILE_PATH, FILE_SIZE, STORAGE_PATH, USER_ID, CREATE_TIME
<==        Row: 2071471386358771712, 2071471386346188800, 1, secret.txt, /secret.txt, 100, /secret.txt, user001, 2026-06-29 13:50:39.242932
<==      Total: 1
Releasing transactional SqlSession [org.apache.ibatis.session.defaults.DefaultSqlSession@10d2411f]
2026-06-29T13:50:39.258+08:00 ERROR 4052 --- [qiwen-file] [           main] c.q.file.service.FileSearchService       : ES 索引创建失败: Connection refused: getsockopt
Fetched SqlSession [org.apache.ibatis.session.defaults.DefaultSqlSession@10d2411f] from current transaction
==>  Preparing: SELECT id,file_name,file_path,file_size,file_type,is_folder,parent_path,user_id,deleted,create_time,update_time FROM file_bean WHERE id=? AND deleted=0
==> Parameters: 2071471386346188800(String)
<==    Columns: ID, FILE_NAME, FILE_PATH, FILE_SIZE, FILE_TYPE, IS_FOLDER, PARENT_PATH, USER_ID, DELETED, CREATE_TIME, UPDATE_TIME
<==        Row: 2071471386346188800, secret.txt, /secret.txt, 100, text/plain, FALSE, /, user001, 0, 2026-06-29 13:50:39.239941, 2026-06-29 13:50:39.239941
<==      Total: 1
Releasing transactional SqlSession [org.apache.ibatis.session.defaults.DefaultSqlSession@10d2411f]
Transaction synchronization deregistering SqlSession [org.apache.ibatis.session.defaults.DefaultSqlSession@10d2411f]
Transaction synchronization closing SqlSession [org.apache.ibatis.session.defaults.DefaultSqlSession@10d2411f]
]]></system-out>
  </testcase>
  <testcase name="testDelete" classname="com.qiwenshare.file.FileServiceTest" time="0.0">
    <skipped message="H2 + JPA/MyBatis 双 ORM 事务冲突，生产 MySQL 无此问题"/>
  </testcase>
  <testcase name="testUpload" classname="com.qiwenshare.file.FileServiceTest" time="0.062">
    <system-out><![CDATA[Creating a new SqlSession
Registering transaction synchronization for SqlSession [org.apache.ibatis.session.defaults.DefaultSqlSession@30749de8]
JDBC Connection [HikariProxyConnection@316983006 wrapping conn10: url=jdbc:h2:mem:qiwen_file_test user=SA] will be managed by Spring
==>  Preparing: SELECT id,file_name,file_path,file_size,file_type,is_folder,parent_path,user_id,deleted,create_time,update_time FROM file_bean WHERE deleted=0 AND (file_path = ?)
==> Parameters: /readme.txt(String)
<==      Total: 0
Releasing transactional SqlSession [org.apache.ibatis.session.defaults.DefaultSqlSession@30749de8]
Fetched SqlSession [org.apache.ibatis.session.defaults.DefaultSqlSession@30749de8] from current transaction
==>  Preparing: INSERT INTO file_bean ( id, file_name, file_path, file_size, file_type, is_folder, parent_path, user_id, deleted, create_time, update_time ) VALUES ( ?, ?, ?, ?, ?, ?, ?, ?, ?, ?, ? )
==> Parameters: 2071471386618818560(String), readme.txt(String), /readme.txt(String), 1024(Long), text/plain(String), false(Boolean), /(String), user001(String), 0(Integer), 2026-06-29T13:50:39.304766200(LocalDateTime), 2026-06-29T13:50:39.304766200(LocalDateTime)
<==    Updates: 1
Releasing transactional SqlSession [org.apache.ibatis.session.defaults.DefaultSqlSession@30749de8]
Fetched SqlSession [org.apache.ibatis.session.defaults.DefaultSqlSession@30749de8] from current transaction
==>  Preparing: SELECT id,file_id,version,file_name,file_path,file_size,storage_path,user_id,create_time FROM file_version WHERE (file_id = ?) ORDER BY version DESC LIMIT 1
==> Parameters: 2071471386618818560(String)
<==      Total: 0
Releasing transactional SqlSession [org.apache.ibatis.session.defaults.DefaultSqlSession@30749de8]
Fetched SqlSession [org.apache.ibatis.session.defaults.DefaultSqlSession@30749de8] from current transaction
==>  Preparing: INSERT INTO file_version ( id, file_id, version, file_name, file_path, file_size, storage_path, user_id, create_time ) VALUES ( ?, ?, ?, ?, ?, ?, ?, ?, ? )
==> Parameters: 2071471386635595776(String), 2071471386618818560(String), 1(Integer), readme.txt(String), /readme.txt(String), 1024(Long), /readme.txt(String), user001(String), 2026-06-29T13:50:39.308756300(LocalDateTime)
<==    Updates: 1
Releasing transactional SqlSession [org.apache.ibatis.session.defaults.DefaultSqlSession@30749de8]
Fetched SqlSession [org.apache.ibatis.session.defaults.DefaultSqlSession@30749de8] from current transaction
==>  Preparing: SELECT id,file_id,version,file_name,file_path,file_size,storage_path,user_id,create_time FROM file_version WHERE (file_id = ?) ORDER BY version DESC
==> Parameters: 2071471386618818560(String)
<==    Columns: ID, FILE_ID, VERSION, FILE_NAME, FILE_PATH, FILE_SIZE, STORAGE_PATH, USER_ID, CREATE_TIME
<==        Row: 2071471386635595776, 2071471386618818560, 1, readme.txt, /readme.txt, 1024, /readme.txt, user001, 2026-06-29 13:50:39.308756
<==      Total: 1
Releasing transactional SqlSession [org.apache.ibatis.session.defaults.DefaultSqlSession@30749de8]
2026-06-29T13:50:39.327+08:00 ERROR 4052 --- [qiwen-file] [           main] c.q.file.service.FileSearchService       : ES 索引创建失败: Connection refused: getsockopt
Transaction synchronization deregistering SqlSession [org.apache.ibatis.session.defaults.DefaultSqlSession@30749de8]
Transaction synchronization closing SqlSession [org.apache.ibatis.session.defaults.DefaultSqlSession@30749de8]
]]></system-out>
  </testcase>
</testsuite>