<?xml version="1.0" encoding="UTF-8"?>
<testsuite xmlns:xsi="http://www.w3.org/2001/XMLSchema-instance" xsi:noNamespaceSchemaLocation="https://maven.apache.org/surefire/maven-surefire-plugin/xsd/surefire-test-report-3.0.xsd" version="3.0" name="com.qiwenshare.file.FilePreviewTest" time="42.776" tests="4" errors="0" skipped="0" failures="0">
  <properties>
[...]
</properties>
  <testcase name="testPreviewStream" classname="com.qiwenshare.file.FilePreviewTest" time="3.047">
    <system-out><![CDATA[13:49:47.447 [main] INFO org.springframework.test.context.support.AnnotationConfigContextLoaderUtils -- Could not detect default configuration classes for test class [com.qiwenshare.file.FilePreviewTest]: FilePreviewTest does not declare any static, non-private, non-final, nested classes annotated with @Configuration.
13:49:47.988 [main] INFO org.springframework.boot.test.context.SpringBootTestContextBootstrapper -- Found @SpringBootConfiguration com.qiwenshare.file.FileApplication for test class com.qiwenshare.file.FilePreviewTest

  .   ____          _            __ _ _
 /\\ / ___'_ __ _ _(_)_ __  __ _ \ \ \ \
( ( )\___ | '_ | '_| | '_ \/ _` | \ \ \ \
 \\/  ___)| |_)| | | | | || (_| |  ) ) ) )
  '  |____| .__|_| |_|_| |_\__, | / / / /
 =========|_|==============|___/=/_/_/_/
 :: Spring Boot ::                (v3.2.5)

2026-06-29T13:49:49.667+08:00  INFO 4052 --- [qiwen-file] [           main] com.qiwenshare.file.FilePreviewTest      : Starting FilePreviewTest using Java 17.0.18 with PID 4052 (started by Administrator in E:\file-upgrade\qiwen-file)
2026-06-29T13:49:49.669+08:00 DEBUG 4052 --- [qiwen-file] [           main] com.qiwenshare.file.FilePreviewTest      : Running with Spring Boot v3.2.5, Spring v6.1.6
2026-06-29T13:49:49.670+08:00  INFO 4052 --- [qiwen-file] [           main] com.qiwenshare.file.FilePreviewTest      : The following 1 profile is active: "test"
2026-06-29T13:49:55.451+08:00  INFO 4052 --- [qiwen-file] [           main] .s.d.r.c.RepositoryConfigurationDelegate : Multiple Spring Data modules found, entering strict repository configuration mode
2026-06-29T13:49:55.462+08:00  INFO 4052 --- [qiwen-file] [           main] .s.d.r.c.RepositoryConfigurationDelegate : Bootstrapping Spring Data JPA repositories in DEFAULT mode.
2026-06-29T13:49:55.605+08:00  INFO 4052 --- [qiwen-file] [           main] .s.d.r.c.RepositoryConfigurationDelegate : Finished Spring Data repository scanning in 100 ms. Found 0 JPA repository interfaces.
2026-06-29T13:49:55.719+08:00  INFO 4052 --- [qiwen-file] [           main] .s.d.r.c.RepositoryConfigurationDelegate : Multiple Spring Data modules found, entering strict repository configuration mode
2026-06-29T13:49:55.723+08:00  INFO 4052 --- [qiwen-file] [           main] .s.d.r.c.RepositoryConfigurationDelegate : Bootstrapping Spring Data Redis repositories in DEFAULT mode.
2026-06-29T13:49:55.799+08:00  INFO 4052 --- [qiwen-file] [           main] .s.d.r.c.RepositoryConfigurationDelegate : Finished Spring Data repository scanning in 26 ms. Found 0 Redis repository interfaces.
2026-06-29T13:50:00.425+08:00  INFO 4052 --- [qiwen-file] [           main] o.hibernate.jpa.internal.util.LogHelper  : HHH000204: Processing PersistenceUnitInfo [name: default]
2026-06-29T13:50:00.877+08:00  INFO 4052 --- [qiwen-file] [           main] org.hibernate.Version                    : HHH000412: Hibernate ORM core version 6.4.4.Final
2026-06-29T13:50:01.148+08:00  INFO 4052 --- [qiwen-file] [           main] o.h.c.internal.RegionFactoryInitiator    : HHH000026: Second-level cache disabled
2026-06-29T13:50:02.107+08:00  INFO 4052 --- [qiwen-file] [           main] o.s.o.j.p.SpringPersistenceUnitInfo      : No LoadTimeWeaver setup: ignoring JPA class transformer
2026-06-29T13:50:02.170+08:00  INFO 4052 --- [qiwen-file] [           main] com.zaxxer.hikari.HikariDataSource       : HikariPool-1 - Starting...
2026-06-29T13:50:02.829+08:00  INFO 4052 --- [qiwen-file] [           main] com.zaxxer.hikari.pool.HikariPool        : HikariPool-1 - Added connection conn0: url=jdbc:h2:mem:qiwen_file_test user=SA
2026-06-29T13:50:02.833+08:00  INFO 4052 --- [qiwen-file] [           main] com.zaxxer.hikari.HikariDataSource       : HikariPool-1 - Start completed.
2026-06-29T13:50:02.943+08:00  WARN 4052 --- [qiwen-file] [           main] org.hibernate.orm.deprecation            : HHH90000025: H2Dialect does not need to be specified explicitly using 'hibernate.dialect' (remove the property setting and it will be selected by default)
2026-06-29T13:50:06.233+08:00  INFO 4052 --- [qiwen-file] [           main] o.h.e.t.j.p.i.JtaPlatformInitiator       : HHH000489: No JTA platform available (set 'hibernate.transaction.jta.platform' to enable JTA platform integration)
Hibernate: 
    drop table if exists file_bean cascade 
Hibernate: 
    drop table if exists file_classification cascade 
Hibernate: 
    drop table if exists file_type cascade 
Hibernate: 
    drop table if exists file_version cascade 
Hibernate: 
    drop table if exists notice cascade 
Hibernate: 
    drop table if exists permission cascade 
Hibernate: 
    drop table if exists qiwen_user cascade 
Hibernate: 
    drop table if exists role cascade 
Hibernate: 
    drop table if exists role_permission cascade 
Hibernate: 
    drop table if exists share_file cascade 
Hibernate: 
    drop table if exists sys_config cascade 
Hibernate: 
    drop table if exists upload_task cascade 
Hibernate: 
    drop table if exists user_role cascade 
Hibernate: 
    create table file_bean (
        deleted integer,
        is_folder boolean,
        create_time timestamp(6),
        file_size bigint,
        update_time timestamp(6),
        file_name varchar(255),
        file_path varchar(255),
        file_type varchar(255),
        id varchar(255) not null,
        parent_path varchar(255),
        user_id varchar(255),
        primary key (id)
    )
Hibernate: 
    create table file_classification (
        file_type_id integer,
        id integer generated by default as identity,
        file_extend_name varchar(255),
        primary key (id)
    )
Hibernate: 
    create table file_type (
        id integer generated by default as identity,
        order_num integer,
        name varchar(255),
        primary key (id)
    )
Hibernate: 
    create table file_version (
        version integer,
        create_time timestamp(6),
        file_size bigint,
        file_id varchar(255),
        file_name varchar(255),
        file_path varchar(255),
        id varchar(255) not null,
        storage_path varchar(255),
        user_id varchar(255),
        primary key (id)
    )
Hibernate: 
    create table notice (
        is_long_valid_data integer,
        platform integer,
        id bigint generated by default as identity,
        content varchar(255),
        create_time varchar(255),
        create_user_id varchar(255),
        markdown_content varchar(255),
        modify_time varchar(255),
        modify_user_id varchar(255),
        title varchar(255),
        valid_date_time varchar(255),
        primary key (id)
    )
Hibernate: 
    create table permission (
        order_num integer,
        resource_type integer,
        parent_id bigint,
        permission_id bigint generated by default as identity,
        permission_code varchar(255),
        permission_name varchar(255),
        primary key (permission_id)
    )
Hibernate: 
    create table qiwen_user (
        status integer,
        create_time timestamp(6),
        update_time timestamp(6),
        avatar varchar(255),
        email varchar(255),
        id varchar(255) not null,
        nickname varchar(255),
        password varchar(255),
        phone varchar(255),
        role varchar(255),
        username varchar(255),
        primary key (id)
    )
Hibernate: 
    create table role (
        available integer,
        role_id bigint generated by default as identity,
        description varchar(255),
        role_name varchar(255),
        primary key (role_id)
    )
Hibernate: 
    create table role_permission (
        id bigint generated by default as identity,
        permission_id bigint,
        role_id bigint,
        primary key (id)
    )
Hibernate: 
    create table share_file (
        expire_days integer,
        create_time timestamp(6),
        expire_time timestamp(6),
        file_path varchar(255),
        id varchar(255) not null,
        share_batch_num varchar(255),
        share_code varchar(255),
        share_token varchar(255),
        user_id varchar(255),
        primary key (id)
    )
Hibernate: 
    create table sys_config (
        config_key varchar(255),
        config_value varchar(255),
        description varchar(255),
        id varchar(255) not null,
        primary key (id)
    )
Hibernate: 
    create table upload_task (
        chunk_num integer,
        total_chunks integer,
        upload_status integer,
        create_time timestamp(6),
        total_size bigint,
        file_name varchar(255),
        file_path varchar(255),
        id varchar(255) not null,
        identifier varchar(255),
        user_id varchar(255),
        primary key (id)
    )
Hibernate: 
    create table user_role (
        id bigint generated by default as identity,
        role_id bigint,
        user_id varchar(255),
        primary key (id)
    )
2026-06-29T13:50:06.376+08:00  INFO 4052 --- [qiwen-file] [           main] j.LocalContainerEntityManagerFactoryBean : Initialized JPA EntityManagerFactory for persistence unit 'default'
Logging initialized using 'class org.apache.ibatis.logging.stdout.StdOutImpl' adapter.
Use localhost address 
Get PC202107041543/192.168.33.1 network interface 
Get network interface info: name:eth2 (VMware Virtual Ethernet Adapter for VMnet8)
Initialization Sequence datacenterId:0 workerId:9
 _ _   |_  _ _|_. ___ _ |    _ 
| | |\/|_)(_| | |_\  |_)||_|_\ 
     /               |         
                        3.5.6 
Creating a new SqlSession
SqlSession [org.apache.ibatis.session.defaults.DefaultSqlSession@35bcf3a6] was not registered for synchronization because synchronization is not active
JDBC Connection [HikariProxyConnection@990468141 wrapping conn0: url=jdbc:h2:mem:qiwen_file_test user=SA] will not be managed by Spring
==>  Preparing: SELECT COUNT( * ) AS total FROM role
==> Parameters: 
<==    Columns: TOTAL
<==        Row: 0
<==      Total: 1
Closing non transactional SqlSession [org.apache.ibatis.session.defaults.DefaultSqlSession@35bcf3a6]
Creating a new SqlSession
SqlSession [org.apache.ibatis.session.defaults.DefaultSqlSession@22dddb13] was not registered for synchronization because synchronization is not active
JDBC Connection [HikariProxyConnection@477373723 wrapping conn0: url=jdbc:h2:mem:qiwen_file_test user=SA] will not be managed by Spring
==>  Preparing: INSERT INTO role ( role_name, description, available ) VALUES ( ?, ?, ? )
==> Parameters: admin(String), 管理员(String), 1(Integer)
<==    Updates: 1
Closing non transactional SqlSession [org.apache.ibatis.session.defaults.DefaultSqlSession@22dddb13]
Creating a new SqlSession
SqlSession [org.apache.ibatis.session.defaults.DefaultSqlSession@352bea0e] was not registered for synchronization because synchronization is not active
JDBC Connection [HikariProxyConnection@754376013 wrapping conn0: url=jdbc:h2:mem:qiwen_file_test user=SA] will not be managed by Spring
==>  Preparing: INSERT INTO role ( role_name, description, available ) VALUES ( ?, ?, ? )
==> Parameters: editor(String), 编辑者(String), 1(Integer)
<==    Updates: 1
Closing non transactional SqlSession [org.apache.ibatis.session.defaults.DefaultSqlSession@352bea0e]
Creating a new SqlSession
SqlSession [org.apache.ibatis.session.defaults.DefaultSqlSession@75381b61] was not registered for synchronization because synchronization is not active
JDBC Connection [HikariProxyConnection@671206579 wrapping conn0: url=jdbc:h2:mem:qiwen_file_test user=SA] will not be managed by Spring
==>  Preparing: INSERT INTO role ( role_name, description, available ) VALUES ( ?, ?, ? )
==> Parameters: viewer(String), 只读者(String), 1(Integer)
<==    Updates: 1
Closing non transactional SqlSession [org.apache.ibatis.session.defaults.DefaultSqlSession@75381b61]
Creating a new SqlSession
SqlSession [org.apache.ibatis.session.defaults.DefaultSqlSession@5339cdc6] was not registered for synchronization because synchronization is not active
JDBC Connection [HikariProxyConnection@1537136507 wrapping conn0: url=jdbc:h2:mem:qiwen_file_test user=SA] will not be managed by Spring
==>  Preparing: SELECT COUNT( * ) AS total FROM permission
==> Parameters: 
<==    Columns: TOTAL
<==        Row: 0
<==      Total: 1
Closing non transactional SqlSession [org.apache.ibatis.session.defaults.DefaultSqlSession@5339cdc6]
Creating a new SqlSession
SqlSession [org.apache.ibatis.session.defaults.DefaultSqlSession@a8177f6] was not registered for synchronization because synchronization is not active
JDBC Connection [HikariProxyConnection@2072552162 wrapping conn0: url=jdbc:h2:mem:qiwen_file_test user=SA] will not be managed by Spring
==>  Preparing: INSERT INTO permission ( permission_id, permission_name, resource_type, permission_code, order_num ) VALUES ( ?, ?, ?, ?, ? )
==> Parameters: 1(Long), 文件管理(String), 0(Integer), file(String), 1(Integer)
<==    Updates: 1
Closing non transactional SqlSession [org.apache.ibatis.session.defaults.DefaultSqlSession@a8177f6]
Creating a new SqlSession
SqlSession [org.apache.ibatis.session.defaults.DefaultSqlSession@664217a8] was not registered for synchronization because synchronization is not active
JDBC Connection [HikariProxyConnection@1263153428 wrapping conn0: url=jdbc:h2:mem:qiwen_file_test user=SA] will not be managed by Spring
==>  Preparing: INSERT INTO permission ( permission_id, permission_name, resource_type, permission_code, order_num ) VALUES ( ?, ?, ?, ?, ? )
==> Parameters: 2(Long), 用户管理(String), 0(Integer), user(String), 2(Integer)
<==    Updates: 1
Closing non transactional SqlSession [org.apache.ibatis.session.defaults.DefaultSqlSession@664217a8]
Creating a new SqlSession
SqlSession [org.apache.ibatis.session.defaults.DefaultSqlSession@4af5c14c] was not registered for synchronization because synchronization is not active
JDBC Connection [HikariProxyConnection@1960113474 wrapping conn0: url=jdbc:h2:mem:qiwen_file_test user=SA] will not be managed by Spring
==>  Preparing: INSERT INTO permission ( permission_id, permission_name, resource_type, permission_code, order_num ) VALUES ( ?, ?, ?, ?, ? )
==> Parameters: 3(Long), 系统管理(String), 0(Integer), system(String), 3(Integer)
<==    Updates: 1
Closing non transactional SqlSession [org.apache.ibatis.session.defaults.DefaultSqlSession@4af5c14c]
Creating a new SqlSession
SqlSession [org.apache.ibatis.session.defaults.DefaultSqlSession@25d5327] was not registered for synchronization because synchronization is not active
JDBC Connection [HikariProxyConnection@411369705 wrapping conn0: url=jdbc:h2:mem:qiwen_file_test user=SA] will not be managed by Spring
==>  Preparing: INSERT INTO permission ( permission_id, permission_name, resource_type, permission_code, order_num ) VALUES ( ?, ?, ?, ?, ? )
==> Parameters: 4(Long), 管理面板(String), 0(Integer), dashboard(String), 4(Integer)
<==    Updates: 1
Closing non transactional SqlSession [org.apache.ibatis.session.defaults.DefaultSqlSession@25d5327]
Creating a new SqlSession
SqlSession [org.apache.ibatis.session.defaults.DefaultSqlSession@7c1e5d14] was not registered for synchronization because synchronization is not active
JDBC Connection [HikariProxyConnection@800311600 wrapping conn0: url=jdbc:h2:mem:qiwen_file_test user=SA] will not be managed by Spring
==>  Preparing: INSERT INTO permission ( permission_id, parent_id, permission_name, resource_type, permission_code, order_num ) VALUES ( ?, ?, ?, ?, ?, ? )
==> Parameters: 5(Long), 1(Long), 文件上传(String), 1(Integer), file:upload(String), 1(Integer)
<==    Updates: 1
Closing non transactional SqlSession [org.apache.ibatis.session.defaults.DefaultSqlSession@7c1e5d14]
Creating a new SqlSession
SqlSession [org.apache.ibatis.session.defaults.DefaultSqlSession@7955b4d4] was not registered for synchronization because synchronization is not active
JDBC Connection [HikariProxyConnection@484166022 wrapping conn0: url=jdbc:h2:mem:qiwen_file_test user=SA] will not be managed by Spring
==>  Preparing: INSERT INTO permission ( permission_id, parent_id, permission_name, resource_type, permission_code, order_num ) VALUES ( ?, ?, ?, ?, ?, ? )
==> Parameters: 6(Long), 1(Long), 文件下载(String), 1(Integer), file:download(String), 2(Integer)
<==    Updates: 1
Closing non transactional SqlSession [org.apache.ibatis.session.defaults.DefaultSqlSession@7955b4d4]
Creating a new SqlSession
SqlSession [org.apache.ibatis.session.defaults.DefaultSqlSession@2823bd30] was not registered for synchronization because synchronization is not active
JDBC Connection [HikariProxyConnection@416900030 wrapping conn0: url=jdbc:h2:mem:qiwen_file_test user=SA] will not be managed by Spring
==>  Preparing: INSERT INTO permission ( permission_id, parent_id, permission_name, resource_type, permission_code, order_num ) VALUES ( ?, ?, ?, ?, ?, ? )
==> Parameters: 7(Long), 1(Long), 文件删除(String), 1(Integer), file:delete(String), 3(Integer)
<==    Updates: 1
Closing non transactional SqlSession [org.apache.ibatis.session.defaults.DefaultSqlSession@2823bd30]
Creating a new SqlSession
SqlSession [org.apache.ibatis.session.defaults.DefaultSqlSession@2df79942] was not registered for synchronization because synchronization is not active
JDBC Connection [HikariProxyConnection@2128665553 wrapping conn0: url=jdbc:h2:mem:qiwen_file_test user=SA] will not be managed by Spring
==>  Preparing: INSERT INTO permission ( permission_id, parent_id, permission_name, resource_type, permission_code, order_num ) VALUES ( ?, ?, ?, ?, ?, ? )
==> Parameters: 8(Long), 1(Long), 文件分享(String), 1(Integer), file:share(String), 4(Integer)
<==    Updates: 1
Closing non transactional SqlSession [org.apache.ibatis.session.defaults.DefaultSqlSession@2df79942]
Creating a new SqlSession
SqlSession [org.apache.ibatis.session.defaults.DefaultSqlSession@67629872] was not registered for synchronization because synchronization is not active
JDBC Connection [HikariProxyConnection@1560587713 wrapping conn0: url=jdbc:h2:mem:qiwen_file_test user=SA] will not be managed by Spring
==>  Preparing: INSERT INTO permission ( permission_id, parent_id, permission_name, resource_type, permission_code, order_num ) VALUES ( ?, ?, ?, ?, ?, ? )
==> Parameters: 9(Long), 2(Long), 用户列表(String), 1(Integer), user:list(String), 1(Integer)
<==    Updates: 1
Closing non transactional SqlSession [org.apache.ibatis.session.defaults.DefaultSqlSession@67629872]
Creating a new SqlSession
SqlSession [org.apache.ibatis.session.defaults.DefaultSqlSession@4c2812aa] was not registered for synchronization because synchronization is not active
JDBC Connection [HikariProxyConnection@879654573 wrapping conn0: url=jdbc:h2:mem:qiwen_file_test user=SA] will not be managed by Spring
==>  Preparing: INSERT INTO permission ( permission_id, parent_id, permission_name, resource_type, permission_code, order_num ) VALUES ( ?, ?, ?, ?, ?, ? )
==> Parameters: 10(Long), 2(Long), 角色分配(String), 1(Integer), user:role(String), 2(Integer)
<==    Updates: 1
Closing non transactional SqlSession [org.apache.ibatis.session.defaults.DefaultSqlSession@4c2812aa]
Creating a new SqlSession
SqlSession [org.apache.ibatis.session.defaults.DefaultSqlSession@56a63c28] was not registered for synchronization because synchronization is not active
JDBC Connection [HikariProxyConnection@1277271172 wrapping conn0: url=jdbc:h2:mem:qiwen_file_test user=SA] will not be managed by Spring
==>  Preparing: INSERT INTO permission ( permission_id, parent_id, permission_name, resource_type, permission_code, order_num ) VALUES ( ?, ?, ?, ?, ?, ? )
==> Parameters: 11(Long), 3(Long), 公告管理(String), 1(Integer), system:notice(String), 1(Integer)
<==    Updates: 1
Closing non transactional SqlSession [org.apache.ibatis.session.defaults.DefaultSqlSession@56a63c28]
Creating a new SqlSession
SqlSession [org.apache.ibatis.session.defaults.DefaultSqlSession@2afd8972] was not registered for synchronization because synchronization is not active
JDBC Connection [HikariProxyConnection@872348606 wrapping conn0: url=jdbc:h2:mem:qiwen_file_test user=SA] will not be managed by Spring
==>  Preparing: SELECT COUNT( * ) AS total FROM file_type
==> Parameters: 
<==    Columns: TOTAL
<==        Row: 0
<==      Total: 1
Closing non transactional SqlSession [org.apache.ibatis.session.defaults.DefaultSqlSession@2afd8972]
Creating a new SqlSession
SqlSession [org.apache.ibatis.session.defaults.DefaultSqlSession@5784f6b9] was not registered for synchronization because synchronization is not active
JDBC Connection [HikariProxyConnection@1561110693 wrapping conn0: url=jdbc:h2:mem:qiwen_file_test user=SA] will not be managed by Spring
==>  Preparing: INSERT INTO file_type ( name, order_num ) VALUES ( ?, ? )
==> Parameters: 图片(String), 1(Integer)
<==    Updates: 1
Closing non transactional SqlSession [org.apache.ibatis.session.defaults.DefaultSqlSession@5784f6b9]
Creating a new SqlSession
SqlSession [org.apache.ibatis.session.defaults.DefaultSqlSession@5f9b37b5] was not registered for synchronization because synchronization is not active
JDBC Connection [HikariProxyConnection@341168373 wrapping conn0: url=jdbc:h2:mem:qiwen_file_test user=SA] will not be managed by Spring
==>  Preparing: INSERT INTO file_classification ( file_type_id, file_extend_name ) VALUES ( ?, ? )
==> Parameters: 1(Integer), jpg(String)
<==    Updates: 1
Closing non transactional SqlSession [org.apache.ibatis.session.defaults.DefaultSqlSession@5f9b37b5]
Creating a new SqlSession
SqlSession [org.apache.ibatis.session.defaults.DefaultSqlSession@2a45c6f0] was not registered for synchronization because synchronization is not active
JDBC Connection [HikariProxyConnection@446496095 wrapping conn0: url=jdbc:h2:mem:qiwen_file_test user=SA] will not be managed by Spring
==>  Preparing: INSERT INTO file_classification ( file_type_id, file_extend_name ) VALUES ( ?, ? )
==> Parameters: 1(Integer), jpeg(String)
<==    Updates: 1
Closing non transactional SqlSession [org.apache.ibatis.session.defaults.DefaultSqlSession@2a45c6f0]
Creating a new SqlSession
SqlSession [org.apache.ibatis.session.defaults.DefaultSqlSession@792a9cb1] was not registered for synchronization because synchronization is not active
JDBC Connection [HikariProxyConnection@1375395104 wrapping conn0: url=jdbc:h2:mem:qiwen_file_test user=SA] will not be managed by Spring
==>  Preparing: INSERT INTO file_classification ( file_type_id, file_extend_name ) VALUES ( ?, ? )
==> Parameters: 1(Integer), png(String)
<==    Updates: 1
Closing non transactional SqlSession [org.apache.ibatis.session.defaults.DefaultSqlSession@792a9cb1]
Creating a new SqlSession
SqlSession [org.apache.ibatis.session.defaults.DefaultSqlSession@550ce3a9] was not registered for synchronization because synchronization is not active
JDBC Connection [HikariProxyConnection@679971410 wrapping conn0: url=jdbc:h2:mem:qiwen_file_test user=SA] will not be managed by Spring
==>  Preparing: INSERT INTO file_classification ( file_type_id, file_extend_name ) VALUES ( ?, ? )
==> Parameters: 1(Integer), gif(String)
<==    Updates: 1
Closing non transactional SqlSession [org.apache.ibatis.session.defaults.DefaultSqlSession@550ce3a9]
Creating a new SqlSession
SqlSession [org.apache.ibatis.session.defaults.DefaultSqlSession@56554e7] was not registered for synchronization because synchronization is not active
JDBC Connection [HikariProxyConnection@49388214 wrapping conn0: url=jdbc:h2:mem:qiwen_file_test user=SA] will not be managed by Spring
==>  Preparing: INSERT INTO file_classification ( file_type_id, file_extend_name ) VALUES ( ?, ? )
==> Parameters: 1(Integer), bmp(String)
<==    Updates: 1
Closing non transactional SqlSession [org.apache.ibatis.session.defaults.DefaultSqlSession@56554e7]
Creating a new SqlSession
SqlSession [org.apache.ibatis.session.defaults.DefaultSqlSession@305230ea] was not registered for synchronization because synchronization is not active
JDBC Connection [HikariProxyConnection@533011191 wrapping conn0: url=jdbc:h2:mem:qiwen_file_test user=SA] will not be managed by Spring
==>  Preparing: INSERT INTO file_classification ( file_type_id, file_extend_name ) VALUES ( ?, ? )
==> Parameters: 1(Integer), webp(String)
<==    Updates: 1
Closing non transactional SqlSession [org.apache.ibatis.session.defaults.DefaultSqlSession@305230ea]
Creating a new SqlSession
SqlSession [org.apache.ibatis.session.defaults.DefaultSqlSession@66df2165] was not registered for synchronization because synchronization is not active
JDBC Connection [HikariProxyConnection@1104070576 wrapping conn0: url=jdbc:h2:mem:qiwen_file_test user=SA] will not be managed by Spring
==>  Preparing: INSERT INTO file_classification ( file_type_id, file_extend_name ) VALUES ( ?, ? )
==> Parameters: 1(Integer), svg(String)
<==    Updates: 1
Closing non transactional SqlSession [org.apache.ibatis.session.defaults.DefaultSqlSession@66df2165]
Creating a new SqlSession
SqlSession [org.apache.ibatis.session.defaults.DefaultSqlSession@62065d12] was not registered for synchronization because synchronization is not active
JDBC Connection [HikariProxyConnection@2100075365 wrapping conn0: url=jdbc:h2:mem:qiwen_file_test user=SA] will not be managed by Spring
==>  Preparing: INSERT INTO file_classification ( file_type_id, file_extend_name ) VALUES ( ?, ? )
==> Parameters: 1(Integer), ico(String)
<==    Updates: 1
Closing non transactional SqlSession [org.apache.ibatis.session.defaults.DefaultSqlSession@62065d12]
Creating a new SqlSession
SqlSession [org.apache.ibatis.session.defaults.DefaultSqlSession@2d12a71f] was not registered for synchronization because synchronization is not active
JDBC Connection [HikariProxyConnection@1735639155 wrapping conn0: url=jdbc:h2:mem:qiwen_file_test user=SA] will not be managed by Spring
==>  Preparing: INSERT INTO file_type ( name, order_num ) VALUES ( ?, ? )
==> Parameters: 文档(String), 2(Integer)
<==    Updates: 1
Closing non transactional SqlSession [org.apache.ibatis.session.defaults.DefaultSqlSession@2d12a71f]
Creating a new SqlSession
SqlSession [org.apache.ibatis.session.defaults.DefaultSqlSession@6ca6cc1c] was not registered for synchronization because synchronization is not active
JDBC Connection [HikariProxyConnection@1976075614 wrapping conn0: url=jdbc:h2:mem:qiwen_file_test user=SA] will not be managed by Spring
==>  Preparing: INSERT INTO file_classification ( file_type_id, file_extend_name ) VALUES ( ?, ? )
==> Parameters: 2(Integer), pdf(String)
<==    Updates: 1
Closing non transactional SqlSession [org.apache.ibatis.session.defaults.DefaultSqlSession@6ca6cc1c]
Creating a new SqlSession
SqlSession [org.apache.ibatis.session.defaults.DefaultSqlSession@4d5aeea7] was not registered for synchronization because synchronization is not active
JDBC Connection [HikariProxyConnection@877907751 wrapping conn0: url=jdbc:h2:mem:qiwen_file_test user=SA] will not be managed by Spring
==>  Preparing: INSERT INTO file_classification ( file_type_id, file_extend_name ) VALUES ( ?, ? )
==> Parameters: 2(Integer), doc(String)
<==    Updates: 1
Closing non transactional SqlSession [org.apache.ibatis.session.defaults.DefaultSqlSession@4d5aeea7]
Creating a new SqlSession
SqlSession [org.apache.ibatis.session.defaults.DefaultSqlSession@6ecf239d] was not registered for synchronization because synchronization is not active
JDBC Connection [HikariProxyConnection@1604106607 wrapping conn0: url=jdbc:h2:mem:qiwen_file_test user=SA] will not be managed by Spring
==>  Preparing: INSERT INTO file_classification ( file_type_id, file_extend_name ) VALUES ( ?, ? )
==> Parameters: 2(Integer), docx(String)
<==    Updates: 1
Closing non transactional SqlSession [org.apache.ibatis.session.defaults.DefaultSqlSession@6ecf239d]
Creating a new SqlSession
SqlSession [org.apache.ibatis.session.defaults.DefaultSqlSession@45295bed] was not registered for synchronization because synchronization is not active
JDBC Connection [HikariProxyConnection@1873383064 wrapping conn0: url=jdbc:h2:mem:qiwen_file_test user=SA] will not be managed by Spring
==>  Preparing: INSERT INTO file_classification ( file_type_id, file_extend_name ) VALUES ( ?, ? )
==> Parameters: 2(Integer), xls(String)
<==    Updates: 1
Closing non transactional SqlSession [org.apache.ibatis.session.defaults.DefaultSqlSession@45295bed]
Creating a new SqlSession
SqlSession [org.apache.ibatis.session.defaults.DefaultSqlSession@786d8b3b] was not registered for synchronization because synchronization is not active
JDBC Connection [HikariProxyConnection@1107296920 wrapping conn0: url=jdbc:h2:mem:qiwen_file_test user=SA] will not be managed by Spring
==>  Preparing: INSERT INTO file_classification ( file_type_id, file_extend_name ) VALUES ( ?, ? )
==> Parameters: 2(Integer), xlsx(String)
<==    Updates: 1
Closing non transactional SqlSession [org.apache.ibatis.session.defaults.DefaultSqlSession@786d8b3b]
Creating a new SqlSession
SqlSession [org.apache.ibatis.session.defaults.DefaultSqlSession@4df9df06] was not registered for synchronization because synchronization is not active
JDBC Connection [HikariProxyConnection@1854362991 wrapping conn0: url=jdbc:h2:mem:qiwen_file_test user=SA] will not be managed by Spring
==>  Preparing: INSERT INTO file_classification ( file_type_id, file_extend_name ) VALUES ( ?, ? )
==> Parameters: 2(Integer), ppt(String)
<==    Updates: 1
Closing non transactional SqlSession [org.apache.ibatis.session.defaults.DefaultSqlSession@4df9df06]
Creating a new SqlSession
SqlSession [org.apache.ibatis.session.defaults.DefaultSqlSession@7a273fd7] was not registered for synchronization because synchronization is not active
JDBC Connection [HikariProxyConnection@955381449 wrapping conn0: url=jdbc:h2:mem:qiwen_file_test user=SA] will not be managed by Spring
==>  Preparing: INSERT INTO file_classification ( file_type_id, file_extend_name ) VALUES ( ?, ? )
==> Parameters: 2(Integer), pptx(String)
<==    Updates: 1
Closing non transactional SqlSession [org.apache.ibatis.session.defaults.DefaultSqlSession@7a273fd7]
Creating a new SqlSession
SqlSession [org.apache.ibatis.session.defaults.DefaultSqlSession@3bf31f3e] was not registered for synchronization because synchronization is not active
JDBC Connection [HikariProxyConnection@1871386882 wrapping conn0: url=jdbc:h2:mem:qiwen_file_test user=SA] will not be managed by Spring
==>  Preparing: INSERT INTO file_classification ( file_type_id, file_extend_name ) VALUES ( ?, ? )
==> Parameters: 2(Integer), txt(String)
<==    Updates: 1
Closing non transactional SqlSession [org.apache.ibatis.session.defaults.DefaultSqlSession@3bf31f3e]
Creating a new SqlSession
SqlSession [org.apache.ibatis.session.defaults.DefaultSqlSession@38c840fb] was not registered for synchronization because synchronization is not active
JDBC Connection [HikariProxyConnection@263986665 wrapping conn0: url=jdbc:h2:mem:qiwen_file_test user=SA] will not be managed by Spring
==>  Preparing: INSERT INTO file_classification ( file_type_id, file_extend_name ) VALUES ( ?, ? )
==> Parameters: 2(Integer), md(String)
<==    Updates: 1
Closing non transactional SqlSession [org.apache.ibatis.session.defaults.DefaultSqlSession@38c840fb]
Creating a new SqlSession
SqlSession [org.apache.ibatis.session.defaults.DefaultSqlSession@295e9aef] was not registered for synchronization because synchronization is not active
JDBC Connection [HikariProxyConnection@1058753044 wrapping conn0: url=jdbc:h2:mem:qiwen_file_test user=SA] will not be managed by Spring
==>  Preparing: INSERT INTO file_type ( name, order_num ) VALUES ( ?, ? )
==> Parameters: 视频(String), 3(Integer)
<==    Updates: 1
Closing non transactional SqlSession [org.apache.ibatis.session.defaults.DefaultSqlSession@295e9aef]
Creating a new SqlSession
SqlSession [org.apache.ibatis.session.defaults.DefaultSqlSession@452e0a94] was not registered for synchronization because synchronization is not active
JDBC Connection [HikariProxyConnection@705823885 wrapping conn0: url=jdbc:h2:mem:qiwen_file_test user=SA] will not be managed by Spring
==>  Preparing: INSERT INTO file_classification ( file_type_id, file_extend_name ) VALUES ( ?, ? )
==> Parameters: 3(Integer), mp4(String)
<==    Updates: 1
Closing non transactional SqlSession [org.apache.ibatis.session.defaults.DefaultSqlSession@452e0a94]
Creating a new SqlSession
SqlSession [org.apache.ibatis.session.defaults.DefaultSqlSession@77c66ac2] was not registered for synchronization because synchronization is not active
JDBC Connection [HikariProxyConnection@317244868 wrapping conn0: url=jdbc:h2:mem:qiwen_file_test user=SA] will not be managed by Spring
==>  Preparing: INSERT INTO file_classification ( file_type_id, file_extend_name ) VALUES ( ?, ? )
==> Parameters: 3(Integer), avi(String)
<==    Updates: 1
Closing non transactional SqlSession [org.apache.ibatis.session.defaults.DefaultSqlSession@77c66ac2]
Creating a new SqlSession
SqlSession [org.apache.ibatis.session.defaults.DefaultSqlSession@27a717a7] was not registered for synchronization because synchronization is not active
JDBC Connection [HikariProxyConnection@489376178 wrapping conn0: url=jdbc:h2:mem:qiwen_file_test user=SA] will not be managed by Spring
==>  Preparing: INSERT INTO file_classification ( file_type_id, file_extend_name ) VALUES ( ?, ? )
==> Parameters: 3(Integer), mkv(String)
<==    Updates: 1
Closing non transactional SqlSession [org.apache.ibatis.session.defaults.DefaultSqlSession@27a717a7]
Creating a new SqlSession
SqlSession [org.apache.ibatis.session.defaults.DefaultSqlSession@59ffb0af] was not registered for synchronization because synchronization is not active
JDBC Connection [HikariProxyConnection@225282225 wrapping conn0: url=jdbc:h2:mem:qiwen_file_test user=SA] will not be managed by Spring
==>  Preparing: INSERT INTO file_classification ( file_type_id, file_extend_name ) VALUES ( ?, ? )
==> Parameters: 3(Integer), mov(String)
<==    Updates: 1
Closing non transactional SqlSession [org.apache.ibatis.session.defaults.DefaultSqlSession@59ffb0af]
Creating a new SqlSession
SqlSession [org.apache.ibatis.session.defaults.DefaultSqlSession@1268ac94] was not registered for synchronization because synchronization is not active
JDBC Connection [HikariProxyConnection@1439236530 wrapping conn0: url=jdbc:h2:mem:qiwen_file_test user=SA] will not be managed by Spring
==>  Preparing: INSERT INTO file_classification ( file_type_id, file_extend_name ) VALUES ( ?, ? )
==> Parameters: 3(Integer), wmv(String)
<==    Updates: 1
Closing non transactional SqlSession [org.apache.ibatis.session.defaults.DefaultSqlSession@1268ac94]
Creating a new SqlSession
SqlSession [org.apache.ibatis.session.defaults.DefaultSqlSession@7197b96c] was not registered for synchronization because synchronization is not active
JDBC Connection [HikariProxyConnection@274636783 wrapping conn0: url=jdbc:h2:mem:qiwen_file_test user=SA] will not be managed by Spring
==>  Preparing: INSERT INTO file_classification ( file_type_id, file_extend_name ) VALUES ( ?, ? )
==> Parameters: 3(Integer), flv(String)
<==    Updates: 1
Closing non transactional SqlSession [org.apache.ibatis.session.defaults.DefaultSqlSession@7197b96c]
Creating a new SqlSession
SqlSession [org.apache.ibatis.session.defaults.DefaultSqlSession@47858d7c] was not registered for synchronization because synchronization is not active
JDBC Connection [HikariProxyConnection@1516032175 wrapping conn0: url=jdbc:h2:mem:qiwen_file_test user=SA] will not be managed by Spring
==>  Preparing: INSERT INTO file_classification ( file_type_id, file_extend_name ) VALUES ( ?, ? )
==> Parameters: 3(Integer), webm(String)
<==    Updates: 1
Closing non transactional SqlSession [org.apache.ibatis.session.defaults.DefaultSqlSession@47858d7c]
Creating a new SqlSession
SqlSession [org.apache.ibatis.session.defaults.DefaultSqlSession@16cc5e51] was not registered for synchronization because synchronization is not active
JDBC Connection [HikariProxyConnection@1913195136 wrapping conn0: url=jdbc:h2:mem:qiwen_file_test user=SA] will not be managed by Spring
==>  Preparing: INSERT INTO file_type ( name, order_num ) VALUES ( ?, ? )
==> Parameters: 音乐(String), 4(Integer)
<==    Updates: 1
Closing non transactional SqlSession [org.apache.ibatis.session.defaults.DefaultSqlSession@16cc5e51]
Creating a new SqlSession
SqlSession [org.apache.ibatis.session.defaults.DefaultSqlSession@198c97d0] was not registered for synchronization because synchronization is not active
JDBC Connection [HikariProxyConnection@636089830 wrapping conn0: url=jdbc:h2:mem:qiwen_file_test user=SA] will not be managed by Spring
==>  Preparing: INSERT INTO file_classification ( file_type_id, file_extend_name ) VALUES ( ?, ? )
==> Parameters: 4(Integer), mp3(String)
<==    Updates: 1
Closing non transactional SqlSession [org.apache.ibatis.session.defaults.DefaultSqlSession@198c97d0]
Creating a new SqlSession
SqlSession [org.apache.ibatis.session.defaults.DefaultSqlSession@512319dc] was not registered for synchronization because synchronization is not active
JDBC Connection [HikariProxyConnection@1808028786 wrapping conn0: url=jdbc:h2:mem:qiwen_file_test user=SA] will not be managed by Spring
==>  Preparing: INSERT INTO file_classification ( file_type_id, file_extend_name ) VALUES ( ?, ? )
==> Parameters: 4(Integer), wav(String)
<==    Updates: 1
Closing non transactional SqlSession [org.apache.ibatis.session.defaults.DefaultSqlSession@512319dc]
Creating a new SqlSession
SqlSession [org.apache.ibatis.session.defaults.DefaultSqlSession@160b7ccd] was not registered for synchronization because synchronization is not active
JDBC Connection [HikariProxyConnection@2082991407 wrapping conn0: url=jdbc:h2:mem:qiwen_file_test user=SA] will not be managed by Spring
==>  Preparing: INSERT INTO file_classification ( file_type_id, file_extend_name ) VALUES ( ?, ? )
==> Parameters: 4(Integer), flac(String)
<==    Updates: 1
Closing non transactional SqlSession [org.apache.ibatis.session.defaults.DefaultSqlSession@160b7ccd]
Creating a new SqlSession
SqlSession [org.apache.ibatis.session.defaults.DefaultSqlSession@3503e68e] was not registered for synchronization because synchronization is not active
JDBC Connection [HikariProxyConnection@2083341208 wrapping conn0: url=jdbc:h2:mem:qiwen_file_test user=SA] will not be managed by Spring
==>  Preparing: INSERT INTO file_classification ( file_type_id, file_extend_name ) VALUES ( ?, ? )
==> Parameters: 4(Integer), aac(String)
<==    Updates: 1
Closing non transactional SqlSession [org.apache.ibatis.session.defaults.DefaultSqlSession@3503e68e]
Creating a new SqlSession
SqlSession [org.apache.ibatis.session.defaults.DefaultSqlSession@310db5c4] was not registered for synchronization because synchronization is not active
JDBC Connection [HikariProxyConnection@1921022047 wrapping conn0: url=jdbc:h2:mem:qiwen_file_test user=SA] will not be managed by Spring
==>  Preparing: INSERT INTO file_classification ( file_type_id, file_extend_name ) VALUES ( ?, ? )
==> Parameters: 4(Integer), ogg(String)
<==    Updates: 1
Closing non transactional SqlSession [org.apache.ibatis.session.defaults.DefaultSqlSession@310db5c4]
Creating a new SqlSession
SqlSession [org.apache.ibatis.session.defaults.DefaultSqlSession@589dd717] was not registered for synchronization because synchronization is not active
JDBC Connection [HikariProxyConnection@1320840735 wrapping conn0: url=jdbc:h2:mem:qiwen_file_test user=SA] will not be managed by Spring
==>  Preparing: INSERT INTO file_classification ( file_type_id, file_extend_name ) VALUES ( ?, ? )
==> Parameters: 4(Integer), wma(String)
<==    Updates: 1
Closing non transactional SqlSession [org.apache.ibatis.session.defaults.DefaultSqlSession@589dd717]
Creating a new SqlSession
SqlSession [org.apache.ibatis.session.defaults.DefaultSqlSession@12c55199] was not registered for synchronization because synchronization is not active
JDBC Connection [HikariProxyConnection@1677099294 wrapping conn0: url=jdbc:h2:mem:qiwen_file_test user=SA] will not be managed by Spring
==>  Preparing: INSERT INTO file_type ( name, order_num ) VALUES ( ?, ? )
==> Parameters: 其他(String), 5(Integer)
<==    Updates: 1
Closing non transactional SqlSession [org.apache.ibatis.session.defaults.DefaultSqlSession@12c55199]
Creating a new SqlSession
SqlSession [org.apache.ibatis.session.defaults.DefaultSqlSession@5565d718] was not registered for synchronization because synchronization is not active
JDBC Connection [HikariProxyConnection@1211269437 wrapping conn0: url=jdbc:h2:mem:qiwen_file_test user=SA] will not be managed by Spring
==>  Preparing: INSERT INTO file_classification ( file_type_id, file_extend_name ) VALUES ( ?, ? )
==> Parameters: 5(Integer), (String)
<==    Updates: 1
Closing non transactional SqlSession [org.apache.ibatis.session.defaults.DefaultSqlSession@5565d718]
2026-06-29T13:50:20.799+08:00  INFO 4052 --- [qiwen-file] [           main] o.s.s.web.DefaultSecurityFilterChain     : Will secure any request with [org.springframework.security.web.session.DisableEncodeUrlFilter@53d782b0, org.springframework.security.web.context.request.async.WebAsyncManagerIntegrationFilter@f4deb35, org.springframework.security.web.context.SecurityContextHolderFilter@bec2d81, org.springframework.security.web.header.HeaderWriterFilter@1f9b8c23, org.springframework.web.filter.CorsFilter@4ec0c727, org.springframework.security.web.authentication.logout.LogoutFilter@2cf7860e, com.qiwenshare.file.config.security.JwtAuthFilter@449f9628, org.springframework.security.web.savedrequest.RequestCacheAwareFilter@5634c26c, org.springframework.security.web.servletapi.SecurityContextHolderAwareRequestFilter@37a5ac85, org.springframework.security.web.authentication.AnonymousAuthenticationFilter@fbcc62a, org.springframework.security.web.session.SessionManagementFilter@3a1dc432, org.springframework.security.web.access.ExceptionTranslationFilter@219aab91, org.springframework.security.web.access.intercept.AuthorizationFilter@6044311a]
2026-06-29T13:50:24.561+08:00 DEBUG 4052 --- [qiwen-file] [           main] c.q.file.config.security.JwtAuthFilter   : Filter 'jwtAuthFilter' configured for use
2026-06-29T13:50:24.572+08:00  INFO 4052 --- [qiwen-file] [           main] o.s.b.t.m.w.SpringBootMockServletContext : Initializing Spring TestDispatcherServlet ''
2026-06-29T13:50:24.573+08:00  INFO 4052 --- [qiwen-file] [           main] o.s.t.web.servlet.TestDispatcherServlet  : Initializing Servlet ''
2026-06-29T13:50:24.575+08:00  INFO 4052 --- [qiwen-file] [           main] o.s.t.web.servlet.TestDispatcherServlet  : Completed initialization in 2 ms
2026-06-29T13:50:24.825+08:00  INFO 4052 --- [qiwen-file] [           main] com.qiwenshare.file.FilePreviewTest      : Started FilePreviewTest in 36.343 seconds (process running for 40.773)
Creating a new SqlSession
Registering transaction synchronization for SqlSession [org.apache.ibatis.session.defaults.DefaultSqlSession@1ae9cfca]
JDBC Connection [HikariProxyConnection@327555034 wrapping conn0: url=jdbc:h2:mem:qiwen_file_test user=SA] will be managed by Spring
==>  Preparing: SELECT id,file_name,file_path,file_size,file_type,is_folder,parent_path,user_id,deleted,create_time,update_time FROM file_bean WHERE deleted=0 AND (file_path = ?)
==> Parameters: /preview-test-1782712226920.txt(String)
<==      Total: 0
Releasing transactional SqlSession [org.apache.ibatis.session.defaults.DefaultSqlSession@1ae9cfca]
Fetched SqlSession [org.apache.ibatis.session.defaults.DefaultSqlSession@1ae9cfca] from current transaction
==>  Preparing: INSERT INTO file_bean ( id, file_name, file_path, file_size, file_type, is_folder, parent_path, user_id, deleted, create_time, update_time ) VALUES ( ?, ?, ?, ?, ?, ?, ?, ?, ?, ?, ? )
==> Parameters: 2071471336006152192(String), test.txt(String), /preview-test-1782712226920.txt(String), 100(Long), text/plain(String), false(Boolean), /(String), user001(String), 0(Integer), 2026-06-29T13:50:27.237600600(LocalDateTime), 2026-06-29T13:50:27.237600600(LocalDateTime)
<==    Updates: 1
Releasing transactional SqlSession [org.apache.ibatis.session.defaults.DefaultSqlSession@1ae9cfca]
Fetched SqlSession [org.apache.ibatis.session.defaults.DefaultSqlSession@1ae9cfca] from current transaction
==>  Preparing: SELECT id,file_id,version,file_name,file_path,file_size,storage_path,user_id,create_time FROM file_version WHERE (file_id = ?) ORDER BY version DESC LIMIT 1
==> Parameters: 2071471336006152192(String)
<==      Total: 0
Releasing transactional SqlSession [org.apache.ibatis.session.defaults.DefaultSqlSession@1ae9cfca]
Fetched SqlSession [org.apache.ibatis.session.defaults.DefaultSqlSession@1ae9cfca] from current transaction
==>  Preparing: INSERT INTO file_version ( id, file_id, version, file_name, file_path, file_size, storage_path, user_id, create_time ) VALUES ( ?, ?, ?, ?, ?, ?, ?, ?, ? )
==> Parameters: 2071471336069066752(String), 2071471336006152192(String), 1(Integer), test.txt(String), /preview-test-1782712226920.txt(String), 100(Long), /preview-test-1782712226920.txt(String), user001(String), 2026-06-29T13:50:27.252562600(LocalDateTime)
<==    Updates: 1
Releasing transactional SqlSession [org.apache.ibatis.session.defaults.DefaultSqlSession@1ae9cfca]
Fetched SqlSession [org.apache.ibatis.session.defaults.DefaultSqlSession@1ae9cfca] from current transaction
==>  Preparing: SELECT id,file_id,version,file_name,file_path,file_size,storage_path,user_id,create_time FROM file_version WHERE (file_id = ?) ORDER BY version DESC
==> Parameters: 2071471336006152192(String)
<==    Columns: ID, FILE_ID, VERSION, FILE_NAME, FILE_PATH, FILE_SIZE, STORAGE_PATH, USER_ID, CREATE_TIME
<==        Row: 2071471336069066752, 2071471336006152192, 1, test.txt, /preview-test-1782712226920.txt, 100, /preview-test-1782712226920.txt, user001, 2026-06-29 13:50:27.252563
<==      Total: 1
Releasing transactional SqlSession [org.apache.ibatis.session.defaults.DefaultSqlSession@1ae9cfca]
2026-06-29T13:50:27.525+08:00 ERROR 4052 --- [qiwen-file] [           main] c.q.file.service.FileSearchService       : ES 索引创建失败: Connection refused: getsockopt
Fetched SqlSession [org.apache.ibatis.session.defaults.DefaultSqlSession@1ae9cfca] from current transaction
==>  Preparing: SELECT id,file_name,file_path,file_size,file_type,is_folder,parent_path,user_id,deleted,create_time,update_time FROM file_bean WHERE id=? AND deleted=0
==> Parameters: 2071471336006152192(String)
<==    Columns: ID, FILE_NAME, FILE_PATH, FILE_SIZE, FILE_TYPE, IS_FOLDER, PARENT_PATH, USER_ID, DELETED, CREATE_TIME, UPDATE_TIME
<==        Row: 2071471336006152192, test.txt, /preview-test-1782712226920.txt, 100, text/plain, FALSE, /, user001, 0, 2026-06-29 13:50:27.237601, 2026-06-29 13:50:27.237601
<==      Total: 1
Releasing transactional SqlSession [org.apache.ibatis.session.defaults.DefaultSqlSession@1ae9cfca]
Transaction synchronization deregistering SqlSession [org.apache.ibatis.session.defaults.DefaultSqlSession@1ae9cfca]
Transaction synchronization closing SqlSession [org.apache.ibatis.session.defaults.DefaultSqlSession@1ae9cfca]
]]></system-out>
  </testcase>
  <testcase name="testPreviewText" classname="com.qiwenshare.file.FilePreviewTest" time="0.697">
    <system-out><![CDATA[Creating a new SqlSession
Registering transaction synchronization for SqlSession [org.apache.ibatis.session.defaults.DefaultSqlSession@346ea2ed]
JDBC Connection [HikariProxyConnection@935678741 wrapping conn0: url=jdbc:h2:mem:qiwen_file_test user=SA] will be managed by Spring
==>  Preparing: SELECT id,file_name,file_path,file_size,file_type,is_folder,parent_path,user_id,deleted,create_time,update_time FROM file_bean WHERE deleted=0 AND (file_path = ?)
==> Parameters: /preview-test-1782712227970.txt(String)
<==      Total: 0
Releasing transactional SqlSession [org.apache.ibatis.session.defaults.DefaultSqlSession@346ea2ed]
Fetched SqlSession [org.apache.ibatis.session.defaults.DefaultSqlSession@346ea2ed] from current transaction
==>  Preparing: INSERT INTO file_bean ( id, file_name, file_path, file_size, file_type, is_folder, parent_path, user_id, deleted, create_time, update_time ) VALUES ( ?, ?, ?, ?, ?, ?, ?, ?, ?, ?, ? )
==> Parameters: 2071471339139297280(String), test.txt(String), /preview-test-1782712227970.txt(String), 100(Long), text/plain(String), false(Boolean), /(String), user001(String), 0(Integer), 2026-06-29T13:50:27.984951700(LocalDateTime), 2026-06-29T13:50:27.985948(LocalDateTime)
<==    Updates: 1
Releasing transactional SqlSession [org.apache.ibatis.session.defaults.DefaultSqlSession@346ea2ed]
Fetched SqlSession [org.apache.ibatis.session.defaults.DefaultSqlSession@346ea2ed] from current transaction
==>  Preparing: SELECT id,file_id,version,file_name,file_path,file_size,storage_path,user_id,create_time FROM file_version WHERE (file_id = ?) ORDER BY version DESC LIMIT 1
==> Parameters: 2071471339139297280(String)
<==      Total: 0
Releasing transactional SqlSession [org.apache.ibatis.session.defaults.DefaultSqlSession@346ea2ed]
Fetched SqlSession [org.apache.ibatis.session.defaults.DefaultSqlSession@346ea2ed] from current transaction
==>  Preparing: INSERT INTO file_version ( id, file_id, version, file_name, file_path, file_size, storage_path, user_id, create_time ) VALUES ( ?, ?, ?, ?, ?, ?, ?, ?, ? )
==> Parameters: 2071471339156074496(String), 2071471339139297280(String), 1(Integer), test.txt(String), /preview-test-1782712227970.txt(String), 100(Long), /preview-test-1782712227970.txt(String), user001(String), 2026-06-29T13:50:27.988941500(LocalDateTime)
<==    Updates: 1
Releasing transactional SqlSession [org.apache.ibatis.session.defaults.DefaultSqlSession@346ea2ed]
Fetched SqlSession [org.apache.ibatis.session.defaults.DefaultSqlSession@346ea2ed] from current transaction
==>  Preparing: SELECT id,file_id,version,file_name,file_path,file_size,storage_path,user_id,create_time FROM file_version WHERE (file_id = ?) ORDER BY version DESC
==> Parameters: 2071471339139297280(String)
<==    Columns: ID, FILE_ID, VERSION, FILE_NAME, FILE_PATH, FILE_SIZE, STORAGE_PATH, USER_ID, CREATE_TIME
<==        Row: 2071471339156074496, 2071471339139297280, 1, test.txt, /preview-test-1782712227970.txt, 100, /preview-test-1782712227970.txt, user001, 2026-06-29 13:50:27.988942
<==      Total: 1
Releasing transactional SqlSession [org.apache.ibatis.session.defaults.DefaultSqlSession@346ea2ed]
2026-06-29T13:50:28.017+08:00 ERROR 4052 --- [qiwen-file] [           main] c.q.file.service.FileSearchService       : ES 索引创建失败: Connection refused: getsockopt
Fetched SqlSession [org.apache.ibatis.session.defaults.DefaultSqlSession@346ea2ed] from current transaction
==>  Preparing: SELECT id,file_name,file_path,file_size,file_type,is_folder,parent_path,user_id,deleted,create_time,update_time FROM file_bean WHERE id=? AND deleted=0
==> Parameters: 2071471339139297280(String)
<==    Columns: ID, FILE_NAME, FILE_PATH, FILE_SIZE, FILE_TYPE, IS_FOLDER, PARENT_PATH, USER_ID, DELETED, CREATE_TIME, UPDATE_TIME
<==        Row: 2071471339139297280, test.txt, /preview-test-1782712227970.txt, 100, text/plain, FALSE, /, user001, 0, 2026-06-29 13:50:27.984952, 2026-06-29 13:50:27.985948
<==      Total: 1
Releasing transactional SqlSession [org.apache.ibatis.session.defaults.DefaultSqlSession@346ea2ed]
Transaction synchronization deregistering SqlSession [org.apache.ibatis.session.defaults.DefaultSqlSession@346ea2ed]
Transaction synchronization closing SqlSession [org.apache.ibatis.session.defaults.DefaultSqlSession@346ea2ed]
]]></system-out>
  </testcase>
  <testcase name="testPreviewTextNotFound" classname="com.qiwenshare.file.FilePreviewTest" time="0.347">
    <system-out><![CDATA[Creating a new SqlSession
Registering transaction synchronization for SqlSession [org.apache.ibatis.session.defaults.DefaultSqlSession@6dc6608c]
JDBC Connection [HikariProxyConnection@103907181 wrapping conn0: url=jdbc:h2:mem:qiwen_file_test user=SA] will be managed by Spring
==>  Preparing: SELECT id,file_name,file_path,file_size,file_type,is_folder,parent_path,user_id,deleted,create_time,update_time FROM file_bean WHERE deleted=0 AND (file_path = ?)
==> Parameters: /preview-test-1782712228670.txt(String)
<==      Total: 0
Releasing transactional SqlSession [org.apache.ibatis.session.defaults.DefaultSqlSession@6dc6608c]
Fetched SqlSession [org.apache.ibatis.session.defaults.DefaultSqlSession@6dc6608c] from current transaction
==>  Preparing: INSERT INTO file_bean ( id, file_name, file_path, file_size, file_type, is_folder, parent_path, user_id, deleted, create_time, update_time ) VALUES ( ?, ?, ?, ?, ?, ?, ?, ?, ?, ?, ? )
==> Parameters: 2071471342075310080(String), test.txt(String), /preview-test-1782712228670.txt(String), 100(Long), text/plain(String), false(Boolean), /(String), user001(String), 0(Integer), 2026-06-29T13:50:28.684094900(LocalDateTime), 2026-06-29T13:50:28.684094900(LocalDateTime)
<==    Updates: 1
Releasing transactional SqlSession [org.apache.ibatis.session.defaults.DefaultSqlSession@6dc6608c]
Fetched SqlSession [org.apache.ibatis.session.defaults.DefaultSqlSession@6dc6608c] from current transaction
==>  Preparing: SELECT id,file_id,version,file_name,file_path,file_size,storage_path,user_id,create_time FROM file_version WHERE (file_id = ?) ORDER BY version DESC LIMIT 1
==> Parameters: 2071471342075310080(String)
<==      Total: 0
Releasing transactional SqlSession [org.apache.ibatis.session.defaults.DefaultSqlSession@6dc6608c]
Fetched SqlSession [org.apache.ibatis.session.defaults.DefaultSqlSession@6dc6608c] from current transaction
==>  Preparing: INSERT INTO file_version ( id, file_id, version, file_name, file_path, file_size, storage_path, user_id, create_time ) VALUES ( ?, ?, ?, ?, ?, ?, ?, ?, ? )
==> Parameters: 2071471342092087296(String), 2071471342075310080(String), 1(Integer), test.txt(String), /preview-test-1782712228670.txt(String), 100(Long), /preview-test-1782712228670.txt(String), user001(String), 2026-06-29T13:50:28.688072800(LocalDateTime)
<==    Updates: 1
Releasing transactional SqlSession [org.apache.ibatis.session.defaults.DefaultSqlSession@6dc6608c]
Fetched SqlSession [org.apache.ibatis.session.defaults.DefaultSqlSession@6dc6608c] from current transaction
==>  Preparing: SELECT id,file_id,version,file_name,file_path,file_size,storage_path,user_id,create_time FROM file_version WHERE (file_id = ?) ORDER BY version DESC
==> Parameters: 2071471342075310080(String)
<==    Columns: ID, FILE_ID, VERSION, FILE_NAME, FILE_PATH, FILE_SIZE, STORAGE_PATH, USER_ID, CREATE_TIME
<==        Row: 2071471342092087296, 2071471342075310080, 1, test.txt, /preview-test-1782712228670.txt, 100, /preview-test-1782712228670.txt, user001, 2026-06-29 13:50:28.688073
<==      Total: 1
Releasing transactional SqlSession [org.apache.ibatis.session.defaults.DefaultSqlSession@6dc6608c]
2026-06-29T13:50:28.705+08:00 ERROR 4052 --- [qiwen-file] [           main] c.q.file.service.FileSearchService       : ES 索引创建失败: Connection refused: getsockopt
Fetched SqlSession [org.apache.ibatis.session.defaults.DefaultSqlSession@6dc6608c] from current transaction
==>  Preparing: SELECT id,file_name,file_path,file_size,file_type,is_folder,parent_path,user_id,deleted,create_time,update_time FROM file_bean WHERE id=? AND deleted=0
==> Parameters: nonexistent-id(String)
<==      Total: 0
Releasing transactional SqlSession [org.apache.ibatis.session.defaults.DefaultSqlSession@6dc6608c]
Transaction synchronization deregistering SqlSession [org.apache.ibatis.session.defaults.DefaultSqlSession@6dc6608c]
Transaction synchronization closing SqlSession [org.apache.ibatis.session.defaults.DefaultSqlSession@6dc6608c]
]]></system-out>
  </testcase>
  <testcase name="testPreviewNotFound" classname="com.qiwenshare.file.FilePreviewTest" time="0.385">
    <system-out><![CDATA[Creating a new SqlSession
Registering transaction synchronization for SqlSession [org.apache.ibatis.session.defaults.DefaultSqlSession@7d4f7d5e]
JDBC Connection [HikariProxyConnection@610891012 wrapping conn0: url=jdbc:h2:mem:qiwen_file_test user=SA] will be managed by Spring
==>  Preparing: SELECT id,file_name,file_path,file_size,file_type,is_folder,parent_path,user_id,deleted,create_time,update_time FROM file_bean WHERE deleted=0 AND (file_path = ?)
==> Parameters: /preview-test-1782712229034.txt(String)
<==      Total: 0
Releasing transactional SqlSession [org.apache.ibatis.session.defaults.DefaultSqlSession@7d4f7d5e]
Fetched SqlSession [org.apache.ibatis.session.defaults.DefaultSqlSession@7d4f7d5e] from current transaction
==>  Preparing: INSERT INTO file_bean ( id, file_name, file_path, file_size, file_type, is_folder, parent_path, user_id, deleted, create_time, update_time ) VALUES ( ?, ?, ?, ?, ?, ?, ?, ?, ?, ?, ? )
==> Parameters: 2071471343564288000(String), test.txt(String), /preview-test-1782712229034.txt(String), 100(Long), text/plain(String), false(Boolean), /(String), user001(String), 0(Integer), 2026-06-29T13:50:29.039134400(LocalDateTime), 2026-06-29T13:50:29.040131600(LocalDateTime)
<==    Updates: 1
Releasing transactional SqlSession [org.apache.ibatis.session.defaults.DefaultSqlSession@7d4f7d5e]
Fetched SqlSession [org.apache.ibatis.session.defaults.DefaultSqlSession@7d4f7d5e] from current transaction
==>  Preparing: SELECT id,file_id,version,file_name,file_path,file_size,storage_path,user_id,create_time FROM file_version WHERE (file_id = ?) ORDER BY version DESC LIMIT 1
==> Parameters: 2071471343564288000(String)
<==      Total: 0
Releasing transactional SqlSession [org.apache.ibatis.session.defaults.DefaultSqlSession@7d4f7d5e]
Fetched SqlSession [org.apache.ibatis.session.defaults.DefaultSqlSession@7d4f7d5e] from current transaction
==>  Preparing: INSERT INTO file_version ( id, file_id, version, file_name, file_path, file_size, storage_path, user_id, create_time ) VALUES ( ?, ?, ?, ?, ?, ?, ?, ?, ? )
==> Parameters: 2071471343702700032(String), 2071471343564288000(String), 1(Integer), test.txt(String), /preview-test-1782712229034.txt(String), 100(Long), /preview-test-1782712229034.txt(String), user001(String), 2026-06-29T13:50:29.072045500(LocalDateTime)
<==    Updates: 1
Releasing transactional SqlSession [org.apache.ibatis.session.defaults.DefaultSqlSession@7d4f7d5e]
Fetched SqlSession [org.apache.ibatis.session.defaults.DefaultSqlSession@7d4f7d5e] from current transaction
==>  Preparing: SELECT id,file_id,version,file_name,file_path,file_size,storage_path,user_id,create_time FROM file_version WHERE (file_id = ?) ORDER BY version DESC
==> Parameters: 2071471343564288000(String)
<==    Columns: ID, FILE_ID, VERSION, FILE_NAME, FILE_PATH, FILE_SIZE, STORAGE_PATH, USER_ID, CREATE_TIME
<==        Row: 2071471343702700032, 2071471343564288000, 1, test.txt, /preview-test-1782712229034.txt, 100, /preview-test-1782712229034.txt, user001, 2026-06-29 13:50:29.072046
<==      Total: 1
Releasing transactional SqlSession [org.apache.ibatis.session.defaults.DefaultSqlSession@7d4f7d5e]
2026-06-29T13:50:29.089+08:00 ERROR 4052 --- [qiwen-file] [           main] c.q.file.service.FileSearchService       : ES 索引创建失败: Connection refused: getsockopt
Fetched SqlSession [org.apache.ibatis.session.defaults.DefaultSqlSession@7d4f7d5e] from current transaction
==>  Preparing: SELECT id,file_name,file_path,file_size,file_type,is_folder,parent_path,user_id,deleted,create_time,update_time FROM file_bean WHERE id=? AND deleted=0
==> Parameters: nonexistent-id(String)
<==      Total: 0
Releasing transactional SqlSession [org.apache.ibatis.session.defaults.DefaultSqlSession@7d4f7d5e]
Transaction synchronization deregistering SqlSession [org.apache.ibatis.session.defaults.DefaultSqlSession@7d4f7d5e]
Transaction synchronization closing SqlSession [org.apache.ibatis.session.defaults.DefaultSqlSession@7d4f7d5e]
]]></system-out>
  </testcase>
</testsuite>